Processing device: cr01.ewr101

--- show version ---
iming_metrics {
  queue_time_seconds: 2.8480077162384987e-05
  execution_time_seconds: 2.8708738340064883
}
data: "Hostname: re0-cr01.ewr101
Model: ptx10008
Junos: 22.4R3-S7.5
JUNOS OS Kernel 64-bit  [20250117.f729369_builder_stable_12_224]
JUNOS OS libs [20250117.f729369_builder_stable_12_224]
JUNOS OS runtime [20250117.f729369_builder_stable_12_224]
JUNOS OS time zone information [20250117.f729369_builder_stable_12_224]
JUNOS network stack and utilities [20250522.070917_builder_junos_224_r3_s7]
JUNOS libs [20250522.070917_builder_junos_224_r3_s7]
JUNOS OS libs compat32 [20250117.f729369_builder_stable_12_224]
JUNOS OS 32-bit compatibility [20250117.f729369_builder_stable_12_224]
JUNOS libs compat32 [20250522.070917_builder_junos_224_r3_s7]
JUNOS runtime [20250522.070917_builder_junos_224_r3_s7]
Junos vmguest package [20250522.070917_builder_junos_224_r3_s7]
JUNOS sflow ptx [20250522.070917_builder_junos_224_r3_s7]
JUNOS py extensions [20250522.070917_builder_junos_224_r3_s7]
JUNOS py base [20250522.070917_builder_junos_224_r3_s7]
JUNOS OS vmguest [20250117.f729369_builder_stable_12_224]
JUNOS OS package [20250303.174934_builder_main]
JUNOS OS crypto [20250117.f729369_builder_stable_12_224]
JUNOS OS boot-ve files [20250117.f729369_builder_stable_12_224]
JUNOS na telemetry [22.4R3-S7.5]
JUNOS mx libs compat32 [20250522.070917_builder_junos_224_r3_s7]
JUNOS mx runtime [20250522.070917_builder_junos_224_r3_s7]
JUNOS RPD Telemetry Application [22.4R3-S7.5]
JUNOS python routing scripts for consistency check in RIB/FIB/PFE [20250522.070917_builder_junos_224_r3_s7]
JUNOS Routing mpls-oam-basic [20250522.070917_builder_junos_224_r3_s7]
JUNOS Routing mpls-oam-advanced [20250522.070917_builder_junos_224_r3_s7]
JUNOS Routing lsys [20250522.070917_builder_junos_224_r3_s7]
JUNOS Routing controller-internal [20250522.070917_builder_junos_224_r3_s7]
JUNOS Routing controller-external [20250522.070917_builder_junos_224_r3_s7]
JUNOS Routing 32-bit Compatible Version [20250522.070917_builder_junos_224_r3_s7]
JUNOS Routing aggregated [20250522.070917_builder_junos_224_r3_s7]
Redis [20250522.070917_builder_junos_224_r3_s7]
JUNOS probe utility [20250522.070917_builder_junos_224_r3_s7]
JUNOS common platform support [20250522.070917_builder_junos_224_r3_s7]
JUNOS Openconfig [22.4R3-S7.5]
JUNOS mtx network modules [20250522.070917_builder_junos_224_r3_s7]
JUNOS modules [20250522.070917_builder_junos_224_r3_s7]
JUNOS mx modules [20250522.070917_builder_junos_224_r3_s7]
JUNOS mx libs [20250522.070917_builder_junos_224_r3_s7]
JUNOS python l2 scripts [20250522.070917_builder_junos_224_r3_s7]
JUNOS L2 RSI Scripts [20250522.070917_builder_junos_224_r3_s7]
JUNOS SQL Sync Daemon [20250522.070917_builder_junos_224_r3_s7]
JUNOS mtx Data Plane Crypto Support [20250522.070917_builder_junos_224_r3_s7]
JUNOS daemons [20250522.070917_builder_junos_224_r3_s7]
JUNOS mx daemons [20250522.070917_builder_junos_224_r3_s7]
JUNOS Broadband Edge User Plane Apps [22.4R3-S7.5]
JUNOS appidd-mx application-identification daemon [20250522.070917_builder_junos_224_r3_s7]
JUNOS Services URL Filter package [20250522.070917_builder_junos_224_r3_s7]
JUNOS Services TLB Service PIC package [20250522.070917_builder_junos_224_r3_s7]
JUNOS Services Telemetry [20250522.070917_builder_junos_224_r3_s7]
JUNOS Services TCP-LOG [20250522.070917_builder_junos_224_r3_s7]
JUNOS Services SSL [20250522.070917_builder_junos_224_r3_s7]
JUNOS Services SOFTWIRE [20250522.070917_builder_junos_224_r3_s7]
JUNOS Services Stateful Firewall [20250522.070917_builder_junos_224_r3_s7]
JUNOS Services RTCOM [20250522.070917_builder_junos_224_r3_s7]
JUNOS Services RPM [20250522.070917_builder_junos_224_r3_s7]
JUNOS Services PCEF package [20250522.070917_builder_junos_224_r3_s7]
JUNOS Services NAT [20250522.070917_builder_junos_224_r3_s7]
JUNOS Services Mobile Subscriber Service Container package [20250522.070917_builder_junos_224_r3_s7]
JUNOS Services MobileNext Software package [20250522.070917_builder_junos_224_r3_s7]
JUNOS Services Logging Report Framework package [20250522.070917_builder_junos_224_r3_s7]
JUNOS Services LL-PDF Container package [20250522.070917_builder_junos_224_r3_s7]
JUNOS Services Jflow Container package [20250522.070917_builder_junos_224_r3_s7]
JUNOS Services Deep Packet Inspection package [20250522.070917_builder_junos_224_r3_s7]
JUNOS Services IPSec [20250522.070917_builder_junos_224_r3_s7]
JUNOS Services IDS [20250522.070917_builder_junos_224_r3_s7]
JUNOS IDP Services [20250522.070917_builder_junos_224_r3_s7]
JUNOS Services HTTP Content Management package [20250522.070917_builder_junos_224_r3_s7]
JUNOS Services DNS Filter package (i386) [20250522.070917_builder_junos_224_r3_s7] 
JUNOS Services Crypto [20250522.070917_builder_junos_224_r3_s7]
JUNOS Services Captive Portal and Content Delivery Container package [20250522.070917_builder_junos_224_r3_s7]
JUNOS Services COS [20250522.070917_builder_junos_224_r3_s7]
JUNOS AppId Services [20250522.070917_builder_junos_224_r3_s7]
JUNOS Services Application Level Gateways [20250522.070917_builder_junos_224_r3_s7]
JUNOS Services AACL Container package [20250522.070917_builder_junos_224_r3_s7]
JUNOS Extension Toolkit [20250522.070917_builder_junos_224_r3_s7]
JUNOS Packet Forwarding Engine Support (wrlinux) [20250522.070917_builder_junos_224_r3_s7]
JUNOS Packet Forwarding Engine Support (PTX10008/PTX10016) [20250522.070917_builder_junos_224_r3_s7]
JUNOS Packet Forwarding Engine Support (T-Series) [20250522.070917_builder_junos_224_r3_s7]
JUNOS Packet Forwarding Engine FIPS Support [22.4R3-S7.5]
JUNOS Packet Forwarding Engine Support (M/T Common) [20250522.070917_builder_junos_224_r3_s7]
JUNOS Juniper Malware Removal Tool (JMRT) [1.0.0+20250522.070917_builder_junos_224_r3_s7]
JUNOS J-Insight [20250522.070917_builder_junos_224_r3_s7]
JUNOS jfirmware [20241001.113344_builder_junos_224_r3_s5]
JUNOS Online Documentation [20250522.070917_builder_junos_224_r3_s7]
JUNOS jail runtime [20250117.f729369_builder_stable_12_224]
JUNOS dsa [20250522.070917_builder_junos_224_r3_s7]

--- show interfaces terse ---
iming_metrics {
  queue_time_seconds: 3.1649949960410595e-05
  execution_time_seconds: 2.8147842410253361
}
data: "Interface               Admin Link Proto    Local                 Remote
et-0/0/0                up    up
et-0/0/0.0              up    up   aenet    --> ae0.0
pfh-0/0/0               up    up
pfh-0/0/0.16383         up    up   inet    
pfh-0/0/0.16384         up    up   inet    
et-0/0/1                up    up
et-0/0/1.0              up    up   aenet    --> ae3.0
et-0/0/2                up    down
et-0/0/3                up    down
et-0/0/4                up    down
et-0/0/5                up    down
et-0/0/6                up    down
et-0/0/7                up    down
et-0/0/8                up    down
et-0/0/9                up    down
et-0/0/10               up    down
et-0/0/11               up    down
et-0/0/12               up    down
et-0/0/13               up    down
et-0/0/14               up    down
et-0/0/15               up    down
et-0/0/16               up    down
et-0/0/17               up    down
et-0/0/18               up    down
et-0/0/19               up    down
et-0/0/20               up    down
et-0/0/21               up    down
et-0/0/22               up    down
et-0/0/23               up    down
et-0/0/24               up    down
et-0/0/25               up    down
et-0/0/26               up    down
et-0/0/27               up    down
et-0/0/28               up    down
et-0/0/29               up    down
et-1/0/0                up    up
et-1/0/0.0              up    up   aenet    --> ae1.0
pfh-1/0/0               up    up
pfh-1/0/0.16383         up    up   inet    
pfh-1/0/0.16384         up    up   inet    
et-1/0/1                up    up
et-1/0/1.0              up    up   aenet    --> ae3.0
et-1/0/2                up    down
et-1/0/3                up    down
et-1/0/4                up    up
et-1/0/4.0              up    up   aenet    --> ae0.0
et-1/0/5                up    down
et-1/0/6                up    down
et-1/0/7                up    down
et-1/0/8                up    down
et-1/0/9                up    down
et-1/0/10               up    down
et-1/0/11               up    down
et-1/0/12               up    down
et-1/0/13               up    down
et-1/0/14               up    down
et-1/0/15               up    down
et-1/0/16               up    down
et-1/0/17               up    down
et-1/0/18               up    down
et-1/0/19               up    down
et-1/0/20               up    down
et-1/0/21               up    down
et-1/0/22               up    down
et-1/0/23               up    down
et-1/0/24               up    down
et-1/0/25               up    down
et-1/0/26               up    down
et-1/0/27               up    down
et-1/0/28               up    down
et-1/0/29               up    down
ae0                     up    up
ae0.0                   up    up   inet     23.255.224.8/31 
                                   iso     
                                   inet6    fe80::2cc:34ff:fe61:1b1a/64
                                   mpls    
                                   multiservice
ae1                     up    up
ae1.0                   up    up   inet     23.255.224.150/31
                                   iso     
                                   inet6    fe80::2cc:34ff:fe61:1b1b/64
                                   mpls    
                                   multiservice
ae3                     up    up
ae3.0                   up    up   inet     23.255.224.88/31
                                   iso     
                                   inet6    fe80::2cc:34ff:fe61:1b1c/64
                                   mpls    
                                   multiservice
bme0                    up    up
bme0.0                  up    up   inet     128.0.0.1/2     
                                            128.0.0.4/2     
                                            128.0.0.63/2    
bme1                    up    up
bme1.0                  up    up   inet     128.0.0.1/2     
                                            128.0.0.4/2     
bme2                    up    up
bme2.0                  up    up   inet     128.0.0.1/2     
                                            128.0.0.4/2     
cbp0                    up    up
dsc                     up    up
em0                     up    up
em0.0                   up    up   inet     10.144.3.4/26   
em1                     up    up
em1.32768               up    up   inet     192.168.1.2/24  
fti0                    up    up
gre                     up    up
ipip                    up    up
irb                     up    up
jsrv                    up    up
jsrv.1                  up    up   inet     128.0.0.127/2   
lo0                     up    up
lo0.0                   up    up   inet     23.255.255.23       --> 0/0
                                   iso      49.0001.0232.5525.5023
                                   inet6    2605:a601:ffff:9009:1e:f1ba:0:9a
                                            fe80::8a90:90f:fcdc:7202
lo0.16384               up    up   inet     127.0.0.1           --> 0/0
lo0.16385               up    up   inet    
lsi                     up    up
mif                     up    up
mtun                    up    up
pimd                    up    up
pime                    up    up
pip0                    up    up
tap                     up    up
vtep                    up    up

--- show interfaces et-0/0/0 extensive ---
iming_metrics {
  queue_time_seconds: 2.7060043066740036e-05
  execution_time_seconds: 2.8414762939792126
}
data: "Physical interface: et-0/0/0, Enabled, Physical link is Up
  Interface index: 140, SNMP ifIndex: 574, Generation: 143
  Description: [R=CR01.ORD101][I=ET-0/0/1][A=AE0][S=ACTIVE][U=CORE]
  Link-level type: Ethernet, MTU: 9212, Speed: 100Gbps, BPDU Error: None, Loop Detect PDU Error: None, Ethernet-Switching Error: None, Loopback: Disabled, Source filtering: Disabled, Flow control: Disabled
  Device flags   : Present Running
  Interface flags: SNMP-Traps Internal: 0x4000
  Link flags     : None
  CoS queues     : 8 supported, 8 maximum usable queues
  Hold-times     : Up 0 ms, Down 0 ms
  Damping        : half-life: 0 sec, max-suppress: 0 sec, reuse: 0, suppress: 0, state: unsuppressed
  Current address: 00:cc:34:61:1b:1a, Hardware address: 00:cc:34:61:12:0f
  Last flapped   : 2026-03-23 20:49:19 UTC (7w3d 02:40 ago)
  Statistics last cleared: 2026-03-13 11:06:01 UTC (8w6d 12:23 ago)
  Traffic statistics:
   Input  bytes  :      351353489731493            230300288 bps
   Output bytes  :     7092174346495779           7963078536 bps
   Input  packets:         508929037211                49203 pps
   Output packets:        8736040231770              1250527 pps
   IPv6 transit statistics:
   Input  bytes  :                    0
   Output bytes  :                    0
   Input  packets:                    0
   Output packets:                    0
  Input errors:
    Errors: 0, Drops: 0, Framing errors: 0, Runts: 0, Policed discards: 0, L3 incompletes: 0, L2 channel errors: 0, L2 mismatch timeouts: 0, FIFO errors: 0, Resource errors: 0
  Output errors:
    Carrier transitions: 4, Errors: 0, Drops: 0, Collisions: 0, Aged packets: 0, FIFO errors: 0, HS link CRC errors: 0, MTU errors: 0, Resource errors: 0
  Egress queues: 8 supported, 6 in use
  Queue counters:       Queued packets  Transmitted packets      Dropped packets
    0                    8735387573094        8735387573094                    0
    1                            20000                20000                    0
    2                             5200                 5200                    0
    3                        651191355            651191355                    0
    4                               25                   25                    0
    5                          8116444              8116444                    0
  Queue number:         Mapped forwarding classes
    0                   TC1
    1                   TC2
    2                   TC3
    3                   NC
    4                   TC4
    5                   EF
  Active alarms  : None
  Active defects : None
  PCS statistics                      Seconds
    Bit errors                             2
    Errored blocks                         2
  Ethernet FEC Mode  :                   NONE
  Ethernet FEC statistics              Errors
    FEC Corrected Errors                    0
    FEC Uncorrected Errors                  0
    FEC Corrected Errors Rate               0
    FEC Uncorrected Errors Rate             0
  MAC statistics:                      Receive         Transmit
    Total octets               360515179515012 7249491111985314
    Total packets                 508934708431    8736047430801
    Unicast packets               508929112540    8736035182851
    Broadcast packets                        1             8607
    Multicast packets                  5595889         12239405
    CRC/Align errors                         0                0
    FIFO errors                              0                0
    MAC control frames                       0                0
    MAC pause frames                         0                0
    Oversized frames                         0
    Jabber frames                            0
    Fragment frames                          0
    VLAN tagged frames                       0
    Code violations                          0
  Filter statistics:
    Input packet count            508934707038
    Input packet rejects                     0
    Input DA rejects                         0
    Input SA rejects                         0
    Output packet count                           8736047398753
    Output packet pad count                                   0
    Output packet error count                                 0
    CAM destination filters: 0, CAM source filters: 0
  PRBS Mode : Disabled
  Packet Forwarding Engine configuration:
    Destination slot: 0 (0x00)
  CoS information:
    Direction : Output
    CoS transmit queue               Bandwidth               Buffer Priority   Limit
                              %            bps     %           usec
    0 TC1                     5     5000000000     r              0      low    none
    1 TC2                    20    20000000000     r              0 medium-low    none
    2 TC3                    30    30000000000     r              0 medium-high    none
    3 NC                      1     1000000000     r              0     high    none
    4 TC4                    39    39000000000     r              0     high    none
    5 EF                      5     5000000000     r              0 strict-high   exact
  MACSec statistics:
    Output
        Secure Channel Transmitted
        Protected Packets               : 0
        Encrypted Packets               : 0
        Protected Bytes                 : 0
        Encrypted Bytes                 : 0
     Input
        Secure Channel Received
        Accepted Packets                : 0
        Validated Bytes                 : 0
        Decrypted Bytes                 : 0
  Link Degrade :                      
    Link Monitoring                   :  Disable
  Interface transmit statistics: Disabled

  Logical interface et-0/0/0.0 (Index 80) (SNMP ifIndex 577) (Generation 150)
    Flags: Up SNMP-Traps 0x4004000 Encapsulation: ENET2
    Traffic statistics:
     Input  bytes  :      351353561742503
     Output bytes  :     7092174357004395
     Input  packets:         508929231842
     Output packets:        8736040231770
     IPv6 total statistics:
     Input  bytes  :                    0
     Output bytes  :               690418
     Input  packets:                    0
     Output packets:                 8055
    Local statistics:
     Input  bytes  :             72011010
     Output bytes  :          43313691042
     Input  packets:               194631
     Output packets:            107975103
    Transit statistics:
     Input  bytes  :      351353489731493            230300288 bps
     Output bytes  :     7092131043313353           7963027824 bps
     Input  packets:         508929037211                49203 pps
     Output packets:        8735932256667              1250500 pps
     IPv6 transit statistics:
      Input  bytes  :                   0
      Output bytes  :                   0
      Input  packets:                   0
      Output packets:                   0
    Protocol aenet, AE bundle: ae0.0, Generation: 184, Route table: 0

--- show interfaces et-0/0/1 extensive ---
iming_metrics {
  queue_time_seconds: 2.5679939426481724e-05
  execution_time_seconds: 2.8245817470597103
}
data: "Physical interface: et-0/0/1, Enabled, Physical link is Up
  Interface index: 141, SNMP ifIndex: 575, Generation: 144
  Description: [R=PR01.EWR101][I=ET-2/1/0][A=AE3][S=ACTIVE][U=CORE]
  Link-level type: Ethernet, MTU: 9212, Speed: 100Gbps, BPDU Error: None, Loop Detect PDU Error: None, Ethernet-Switching Error: None, Loopback: Disabled, Source filtering: Disabled, Flow control: Disabled
  Device flags   : Present Running
  Interface flags: SNMP-Traps Internal: 0x4000
  Link flags     : None
  CoS queues     : 8 supported, 8 maximum usable queues
  Hold-times     : Up 0 ms, Down 0 ms
  Damping        : half-life: 0 sec, max-suppress: 0 sec, reuse: 0, suppress: 0, state: unsuppressed
  Current address: 00:cc:34:61:1b:1c, Hardware address: 00:cc:34:61:12:13
  Last flapped   : 2026-01-13 08:31:18 UTC (17w2d 14:58 ago)
  Statistics last cleared: 2026-01-13 09:34:32 UTC (17w2d 13:55 ago)
  Traffic statistics:
   Input  bytes  :     6565845480166672           4997595408 bps
   Output bytes  :      433142854068205            324528944 bps
   Input  packets:        6506434381282               606506 pps
   Output packets:         852416840658                89008 pps
   IPv6 transit statistics:
   Input  bytes  :                    0
   Output bytes  :                    0
   Input  packets:                    0
   Output packets:                    0
  Input errors:
    Errors: 0, Drops: 0, Framing errors: 0, Runts: 0, Policed discards: 0, L3 incompletes: 0, L2 channel errors: 0, L2 mismatch timeouts: 0, FIFO errors: 0, Resource errors: 0
  Output errors:
    Carrier transitions: 0, Errors: 0, Drops: 0, Collisions: 0, Aged packets: 0, FIFO errors: 0, HS link CRC errors: 0, MTU errors: 0, Resource errors: 0
  Egress queues: 8 supported, 6 in use
  Queue counters:       Queued packets  Transmitted packets      Dropped packets
    0                     852088325984         852088325984                    0
    1                           122608               122608                    0
    2                          3836794              3836794                    0
    3                        303170166            303170166                    0
    4                             6440                 6440                    0
    5                         31978972             31978972                    0
  Queue number:         Mapped forwarding classes
    0                   TC1
    1                   TC2
    2                   TC3
    3                   NC
    4                   TC4
    5                   EF
  Active alarms  : None
  Active defects : None
  PCS statistics                      Seconds
    Bit errors                             0
    Errored blocks                         1
  Ethernet FEC Mode  :                   NONE
  Ethernet FEC statistics              Errors
    FEC Corrected Errors                    0
    FEC Uncorrected Errors                  0
    FEC Corrected Errors Rate               0
    FEC Uncorrected Errors Rate             0
  MAC statistics:                      Receive         Transmit
    Total octets              6682963370943100  448487408584599
    Total packets                6506445384351     852427357899
    Unicast packets              6506415697093     852401856536
    Broadcast packets                    19125            19054
    Multicast packets                 29668106         25482309
    CRC/Align errors                         0                0
    FIFO errors                              0                0
    MAC control frames                       0                0
    MAC pause frames                         0                0
    Oversized frames                         0
    Jabber frames                            0
    Fragment frames                          0
    VLAN tagged frames                       0
    Code violations                          0
  Filter statistics:
    Input packet count           6506445369491
    Input packet rejects                     0
    Input DA rejects                         0
    Input SA rejects                         0
    Output packet count                            852427355546
    Output packet pad count                                   0
    Output packet error count                                 0
    CAM destination filters: 0, CAM source filters: 0
  PRBS Mode : Disabled
  Packet Forwarding Engine configuration:
    Destination slot: 0 (0x00)
  CoS information:
    Direction : Output
    CoS transmit queue               Bandwidth               Buffer Priority   Limit
                              %            bps     %           usec
    0 TC1                     5     5000000000     r              0      low    none
    1 TC2                    20    20000000000     r              0 medium-low    none
    2 TC3                    30    30000000000     r              0 medium-high    none
    3 NC                      1     1000000000     r              0     high    none
    4 TC4                    39    39000000000     r              0     high    none
    5 EF                      5     5000000000     r              0 strict-high   exact
  MACSec statistics:
    Output
        Secure Channel Transmitted
        Protected Packets               : 0
        Encrypted Packets               : 0
        Protected Bytes                 : 0
        Encrypted Bytes                 : 0
     Input
        Secure Channel Received
        Accepted Packets                : 0
        Validated Bytes                 : 0
        Decrypted Bytes                 : 0
  Link Degrade :                      
    Link Monitoring                   :  Disable
  Interface transmit statistics: Disabled

  Logical interface et-0/0/1.0 (Index 81) (SNMP ifIndex 581) (Generation 146)
    Flags: Up SNMP-Traps 0x4004000 Encapsulation: ENET2
    Traffic statistics:
     Input  bytes  :     6565845621709590
     Output bytes  :      433142874504991
     Input  packets:        6506434759739
     Output packets:         852416840658
     IPv6 total statistics:
     Input  bytes  :                    0
     Output bytes  :              1404266
     Input  packets:                    0
     Output packets:                17127
    Local statistics:
     Input  bytes  :            141542918
     Output bytes  :           4693818750
     Input  packets:               378457
     Output packets:             24313814
    Transit statistics:
     Input  bytes  :     6565845480166672           4997595408 bps
     Output bytes  :      433138180686241            324525152 bps
     Input  packets:        6506434381282               606506 pps
     Output packets:         852392526844                89006 pps
     IPv6 transit statistics:
      Input  bytes  :                   0
      Output bytes  :                   0
      Input  packets:                   0
      Output packets:                   0
    Protocol aenet, AE bundle: ae3.0, Generation: 180, Route table: 0

--- show interfaces et-1/0/0 extensive ---
iming_metrics {
  queue_time_seconds: 2.6950030587613583e-05
  execution_time_seconds: 2.8383157420903444
}
data: "Physical interface: et-1/0/0, Enabled, Physical link is Up
  Interface index: 170, SNMP ifIndex: 514, Generation: 173
  Description: [R=CR01.IAD101][I=ET-0/0/3][A=AE1][C=CNTLK:444034377][S=ACTIVE][U=CORE]
  Link-level type: Ethernet, MTU: 9212, Speed: 100Gbps, BPDU Error: None, Loop Detect PDU Error: None, Ethernet-Switching Error: None, Loopback: Disabled, Source filtering: Disabled, Flow control: Disabled
  Device flags   : Present Running
  Interface flags: SNMP-Traps Internal: 0x4000
  Link flags     : None
  CoS queues     : 8 supported, 8 maximum usable queues
  Hold-times     : Up 0 ms, Down 0 ms
  Damping        : half-life: 0 sec, max-suppress: 0 sec, reuse: 0, suppress: 0, state: unsuppressed
  Current address: 00:cc:34:61:1b:1b, Hardware address: 00:cc:34:61:13:32
  Last flapped   : 2026-03-18 18:37:52 UTC (8w1d 04:51 ago)
  Statistics last cleared: 2026-01-13 09:34:32 UTC (17w2d 13:55 ago)
  Traffic statistics:
   Input  bytes  :    24967894068199098          16141741040 bps
   Output bytes  :    10885625290887080           6471696656 bps
   Input  packets:       31777453489299              2478697 pps
   Output packets:       10626595972203               855873 pps
   IPv6 transit statistics:
   Input  bytes  :                    0
   Output bytes  :                    0
   Input  packets:                    0
   Output packets:                    0
  Input errors:
    Errors: 0, Drops: 0, Framing errors: 0, Runts: 0, Policed discards: 0, L3 incompletes: 0, L2 channel errors: 0, L2 mismatch timeouts: 0, FIFO errors: 0, Resource errors: 0
  Output errors:
    Carrier transitions: 4, Errors: 0, Drops: 69841, Collisions: 0, Aged packets: 0, FIFO errors: 0, HS link CRC errors: 0, MTU errors: 0, Resource errors: 0
  Egress queues: 8 supported, 6 in use
  Queue counters:       Queued packets  Transmitted packets      Dropped packets
    0                   10624502118676       10624502048835                69841
    1                            52771                52771                    0
    2                         10288361             10288361                    0
    3                       2052848505           2052848505                    0
    4                           128502               128502                    0
    5                         41046472             41046472                    0
  Queue number:         Mapped forwarding classes
    0                   TC1
    1                   TC2
    2                   TC3
    3                   NC
    4                   TC4
    5                   EF
  Active alarms  : None
  Active defects : None
  PCS statistics                      Seconds
    Bit errors                             2
    Errored blocks                         2
  Ethernet FEC Mode  :                   NONE
  Ethernet FEC statistics              Errors
    FEC Corrected Errors                    0
    FEC Uncorrected Errors                  0
    FEC Corrected Errors Rate               0
    FEC Uncorrected Errors Rate             0
  MAC statistics:                      Receive         Transmit
    Total octets              25539890824946964 11076905425736812
    Total packets               31777465488589   10626606952102
    Unicast packets             31777441037414   10626581442945
    Broadcast packets                    19163            19058
    Multicast packets                 24431962         25490117
    CRC/Align errors                         0                0
    FIFO errors                              0                0
    MAC control frames                       0                0
    MAC pause frames                         0                0
    Oversized frames                         0
    Jabber frames                            0
    Fragment frames                          0
    VLAN tagged frames                       0
    Code violations                          0
  Filter statistics:
    Input packet count          31777465454021
    Input packet rejects                     6
    Input DA rejects                         6
    Input SA rejects                         0
    Output packet count                          10626606936013
    Output packet pad count                                   0
    Output packet error count                                 0
    CAM destination filters: 0, CAM source filters: 0
  PRBS Mode : Disabled
  Packet Forwarding Engine configuration:
    Destination slot: 0 (0x00)
  CoS information:
    Direction : Output
    CoS transmit queue               Bandwidth               Buffer Priority   Limit
                              %            bps     %           usec
    0 TC1                     5     5000000000     r              0      low    none
    1 TC2                    20    20000000000     r              0 medium-low    none
    2 TC3                    30    30000000000     r              0 medium-high    none
    3 NC                      1     1000000000     r              0     high    none
    4 TC4                    39    39000000000     r              0     high    none
    5 EF                      5     5000000000     r              0 strict-high   exact
  MACSec statistics:
    Output
        Secure Channel Transmitted
        Protected Packets               : 0
        Encrypted Packets               : 0
        Protected Bytes                 : 0
        Encrypted Bytes                 : 0
     Input
        Secure Channel Received
        Accepted Packets                : 0
        Validated Bytes                 : 0
        Decrypted Bytes                 : 0
  Link Degrade :                      
    Link Monitoring                   :  Disable
  Interface transmit statistics: Disabled

  Logical interface et-1/0/0.0 (Index 82) (SNMP ifIndex 541) (Generation 147)
    Flags: Up SNMP-Traps 0x4004000 Encapsulation: ENET2
    Traffic statistics:
     Input  bytes  :    24967894215448260
     Output bytes  :    10885625311324214
     Input  packets:       31777453867837
     Output packets:       10626595972211
     IPv6 total statistics:
     Input  bytes  :                    0
     Output bytes  :              1401786
     Input  packets:                    0
     Output packets:                17095
    Local statistics:
     Input  bytes  :            147249162
     Output bytes  :           9355769892
     Input  packets:               378538
     Output packets:             80349744
    Transit statistics:
     Input  bytes  :    24967894068199098          16141741040 bps
     Output bytes  :    10885615955554322           6471679456 bps
     Input  packets:       31777453489299              2478697 pps
     Output packets:       10626515622467               855858 pps
     IPv6 transit statistics:
      Input  bytes  :                   0
      Output bytes  :                   0
      Input  packets:                   0
      Output packets:                   0
    Protocol aenet, AE bundle: ae1.0, Generation: 181, Route table: 0

--- show interfaces et-1/0/1 extensive ---
iming_metrics {
  queue_time_seconds: 1.0004120209487155
  execution_time_seconds: 2.8241818320238963
}
data: "Physical interface: et-1/0/1, Enabled, Physical link is Up
  Interface index: 171, SNMP ifIndex: 544, Generation: 174
  Description: [R=PR01.EWR101][I=ET-3/1/0][A=AE3][S=TESTING][U=CORE]
  Link-level type: Ethernet, MTU: 9212, Speed: 100Gbps, BPDU Error: None, Loop Detect PDU Error: None, Ethernet-Switching Error: None, Loopback: Disabled, Source filtering: Disabled, Flow control: Disabled
  Device flags   : Present Running
  Interface flags: SNMP-Traps Internal: 0x4000
  Link flags     : None
  CoS queues     : 8 supported, 8 maximum usable queues
  Hold-times     : Up 0 ms, Down 0 ms
  Damping        : half-life: 0 sec, max-suppress: 0 sec, reuse: 0, suppress: 0, state: unsuppressed
  Current address: 00:cc:34:61:1b:1c, Hardware address: 00:cc:34:61:13:36
  Last flapped   : 2026-01-13 08:32:11 UTC (17w2d 14:57 ago)
  Statistics last cleared: 2026-01-13 09:34:32 UTC (17w2d 13:55 ago)
  Traffic statistics:
   Input  bytes  :     6540973004559323           4536928160 bps
   Output bytes  :      435422682156388            587053768 bps
   Input  packets:        6479194287364               578456 pps
   Output packets:         853126432958               100312 pps
   IPv6 transit statistics:
   Input  bytes  :                    0
   Output bytes  :                    0
   Input  packets:                    0
   Output packets:                    0
  Input errors:
    Errors: 0, Drops: 0, Framing errors: 0, Runts: 0, Policed discards: 0, L3 incompletes: 0, L2 channel errors: 0, L2 mismatch timeouts: 0, FIFO errors: 0, Resource errors: 0
  Output errors:
    Carrier transitions: 0, Errors: 0, Drops: 0, Collisions: 0, Aged packets: 0, FIFO errors: 0, HS link CRC errors: 0, MTU errors: 0, Resource errors: 0
  Egress queues: 8 supported, 6 in use
  Queue counters:       Queued packets  Transmitted packets      Dropped packets
    0                     852679900739         852679900739                    0
    1                           132473               132473                    0
    2                          5364151              5364151                    0
    3                        405994222            405994222                    0
    4                             7710                 7710                    0
    5                         45677830             45677830                    0
  Queue number:         Mapped forwarding classes
    0                   TC1
    1                   TC2
    2                   TC3
    3                   NC
    4                   TC4
    5                   EF
  Active alarms  : None
  Active defects : None
  PCS statistics                      Seconds
    Bit errors                             0
    Errored blocks                         0
  Ethernet FEC Mode  :                   NONE
  Ethernet FEC statistics              Errors
    FEC Corrected Errors                    0
    FEC Uncorrected Errors                  0
    FEC Corrected Errors Rate               0
    FEC Uncorrected Errors Rate             0
  MAC statistics:                      Receive         Transmit
    Total octets              6657601475012015  450780670501667
    Total packets                6479206019803     853137088285
    Unicast packets              6479195136910     853126211565
    Broadcast packets                        0                0
    Multicast packets                 10882886         10876722
    CRC/Align errors                         0                0
    FIFO errors                              0                0
    MAC control frames                       0                0
    MAC pause frames                         0                0
    Oversized frames                         0
    Jabber frames                            0
    Fragment frames                          0
    VLAN tagged frames                       0
    Code violations                          0
  Filter statistics:
    Input packet count           6479206011921
    Input packet rejects                     0
    Input DA rejects                         0
    Input SA rejects                         0
    Output packet count                            853137086398
    Output packet pad count                                   0
    Output packet error count                                 0
    CAM destination filters: 0, CAM source filters: 0
  PRBS Mode : Disabled
  Packet Forwarding Engine configuration:
    Destination slot: 0 (0x00)
  CoS information:
    Direction : Output
    CoS transmit queue               Bandwidth               Buffer Priority   Limit
                              %            bps     %           usec
    0 TC1                     5     5000000000     r              0      low    none
    1 TC2                    20    20000000000     r              0 medium-low    none
    2 TC3                    30    30000000000     r              0 medium-high    none
    3 NC                      1     1000000000     r              0     high    none
    4 TC4                    39    39000000000     r              0     high    none
    5 EF                      5     5000000000     r              0 strict-high   exact
  MACSec statistics:
    Output
        Secure Channel Transmitted
        Protected Packets               : 0
        Encrypted Packets               : 0
        Protected Bytes                 : 0
        Encrypted Bytes                 : 0
     Input
        Secure Channel Received
        Accepted Packets                : 0
        Validated Bytes                 : 0
        Decrypted Bytes                 : 0
  Link Degrade :                      
    Link Monitoring                   :  Disable
  Interface transmit statistics: Disabled

  Logical interface et-1/0/1.0 (Index 83) (SNMP ifIndex 545) (Generation 148)
    Flags: Up SNMP-Traps 0x4004000 Encapsulation: ENET2
    Traffic statistics:
     Input  bytes  :     6540973146117201
     Output bytes  :      435422702592580
     Input  packets:        6479194665861
     Output packets:         853126432958
     IPv6 total statistics:
     Input  bytes  :                    0
     Output bytes  :                    0
     Input  packets:                    0
     Output packets:                    0
    Local statistics:
     Input  bytes  :            141557878
     Output bytes  :            166138672
     Input  packets:               378497
     Output packets:               378448
    Transit statistics:
     Input  bytes  :     6540973004559323           4536928160 bps
     Output bytes  :      435422536453908            587053768 bps
     Input  packets:        6479194287364               578456 pps
     Output packets:         853126054510               100312 pps
     IPv6 transit statistics:
      Input  bytes  :                   0
      Output bytes  :                   0
      Input  packets:                   0
      Output packets:                   0
    Protocol aenet, AE bundle: ae3.0, Generation: 182, Route table: 0

--- show interfaces et-1/0/4 extensive ---
iming_metrics {
  queue_time_seconds: 3.0028013079427183
  execution_time_seconds: 2.8217883759643883
}
data: "Physical interface: et-1/0/4, Enabled, Physical link is Up
  Interface index: 174, SNMP ifIndex: 517, Generation: 177
  Description: [R=CR01.ORD101][I=ET-1/0/1][A=AE0][C=LEVL3:448620417][S=ACTIVE][U=CORE]
  Link-level type: Ethernet, MTU: 9212, Speed: 100Gbps, BPDU Error: None, Loop Detect PDU Error: None, Ethernet-Switching Error: None, Loopback: Disabled, Source filtering: Disabled, Flow control: Disabled
  Device flags   : Present Running
  Interface flags: SNMP-Traps Internal: 0x4000
  Link flags     : None
  CoS queues     : 8 supported, 8 maximum usable queues
  Hold-times     : Up 0 ms, Down 0 ms
  Damping        : half-life: 0 sec, max-suppress: 0 sec, reuse: 0, suppress: 0, state: unsuppressed
  Current address: 00:cc:34:61:1b:1a, Hardware address: 00:cc:34:61:13:42
  Last flapped   : 2026-04-22 08:36:29 UTC (3w1d 14:53 ago)
  Statistics last cleared: 2026-01-13 09:34:32 UTC (17w2d 13:55 ago)
  Traffic statistics:
   Input  bytes  :     1174997086603697            292925744 bps
   Output bytes  :    14371178289973484           8651670752 bps
   Input  packets:        1497819509460                57808 pps
   Output packets:       17760910873064              1292703 pps
   IPv6 transit statistics:
   Input  bytes  :                    0
   Output bytes  :                    0
   Input  packets:                    0
   Output packets:                    0
  Input errors:
    Errors: 1, Drops: 0, Framing errors: 1, Runts: 0, Policed discards: 0, L3 incompletes: 0, L2 channel errors: 0, L2 mismatch timeouts: 0, FIFO errors: 0, Resource errors: 0
  Output errors:
    Carrier transitions: 24, Errors: 0, Drops: 0, Collisions: 0, Aged packets: 0, FIFO errors: 0, HS link CRC errors: 0, MTU errors: 0, Resource errors: 0
  Egress queues: 8 supported, 6 in use
  Queue counters:       Queued packets  Transmitted packets      Dropped packets
    0                   17759530593048       17759530593048                    0
    1                           214263               214263                    0
    2                            87334                87334                    0
    3                       1374492807           1374492807                    0
    4                              129                  129                    0
    5                         15053575             15053575                    0
  Queue number:         Mapped forwarding classes
    0                   TC1
    1                   TC2
    2                   TC3
    3                   NC
    4                   TC4
    5                   EF
  Active alarms  : None
  Active defects : None
  PCS statistics                      Seconds
    Bit errors                            15
    Errored blocks                        15
  Ethernet FEC Mode  :                   NONE
  Ethernet FEC statistics              Errors
    FEC Corrected Errors                    0
    FEC Uncorrected Errors                  0
    FEC Corrected Errors Rate               0
    FEC Uncorrected Errors Rate             0
  MAC statistics:                      Receive         Transmit
    Total octets              1201959391618650 14691008333361887
    Total packets                1497830348011   17760920583010
    Unicast packets              1497812613992   17760906879151
    Broadcast packets                     9895             3773
    Multicast packets                 17724123         13700093
    CRC/Align errors                         1                0
    FIFO errors                              0                0
    MAC control frames                       0                0
    MAC pause frames                         0                0
    Oversized frames                         0
    Jabber frames                            0
    Fragment frames                          0
    VLAN tagged frames                       0
    Code violations                          0
  Filter statistics:
    Input packet count           1497830347492
    Input packet rejects                     3
    Input DA rejects                         3
    Input SA rejects                         0
    Output packet count                          17760920570620
    Output packet pad count                                   0
    Output packet error count                                 0
    CAM destination filters: 0, CAM source filters: 0
  PRBS Mode : Disabled
  Packet Forwarding Engine configuration:
    Destination slot: 0 (0x00)
  CoS information:
    Direction : Output
    CoS transmit queue               Bandwidth               Buffer Priority   Limit
                              %            bps     %           usec
    0 TC1                     5     5000000000     r              0      low    none
    1 TC2                    20    20000000000     r              0 medium-low    none
    2 TC3                    30    30000000000     r              0 medium-high    none
    3 NC                      1     1000000000     r              0     high    none
    4 TC4                    39    39000000000     r              0     high    none
    5 EF                      5     5000000000     r              0 strict-high   exact
  MACSec statistics:
    Output
        Secure Channel Transmitted
        Protected Packets               : 0
        Encrypted Packets               : 0
        Protected Bytes                 : 0
        Encrypted Bytes                 : 0
     Input
        Secure Channel Received
        Accepted Packets                : 0
        Validated Bytes                 : 0
        Decrypted Bytes                 : 0
  Link Degrade :                      
    Link Monitoring                   :  Disable
  Interface transmit statistics: Disabled

  Logical interface et-1/0/4.0 (Index 84) (SNMP ifIndex 548) (Generation 149)
    Flags: Up SNMP-Traps 0x4004000 Encapsulation: ENET2
    Traffic statistics:
     Input  bytes  :     1174997233878171
     Output bytes  :    14371178310411836
     Input  packets:        1497819888091
     Output packets:       17760910873064
     IPv6 total statistics:
     Input  bytes  :                    0
     Output bytes  :               271178
     Input  packets:                    0
     Output packets:                 3307
    Local statistics:
     Input  bytes  :            147274474
     Output bytes  :          19618262317
     Input  packets:               378631
     Output packets:             50020972
    Transit statistics:
     Input  bytes  :     1174997086603697            292925744 bps
     Output bytes  :    14371158692149519           8651670752 bps
     Input  packets:        1497819509460                57808 pps
     Output packets:       17760860852092              1292703 pps
     IPv6 transit statistics:
      Input  bytes  :                   0
      Output bytes  :                   0
      Input  packets:                   0
      Output packets:                   0
    Protocol aenet, AE bundle: ae0.0, Generation: 183, Route table: 0

--- show interfaces ae0 extensive ---
iming_metrics {
  queue_time_seconds: 2.7109985239803791e-05
  execution_time_seconds: 2.8290914780227467
}
data: "Physical interface: ae0, Enabled, Physical link is Up
  Interface index: 128, SNMP ifIndex: 635, Generation: 131
  Description:  [R=CR01.ORD101][I=AE0][S=ACTIVE][U=CORE]
  Link-level type: Ethernet, MTU: 9212, Speed: 200Gbps, BPDU Error: None, Ethernet-Switching Error: None, MAC-REWRITE Error: None, Loopback: Disabled, Source filtering: Disabled, Flow control: Disabled, Minimum links needed: 1, Minimum bandwidth needed: 1bps
  Device flags   : Present Running
  Interface flags: SNMP-Traps Internal: 0x4000
  Current address: 00:cc:34:61:1b:1a, Hardware address: 00:cc:34:61:1b:1a
  Last flapped   : 2026-03-23 20:49:21 UTC (7w3d 02:40 ago)
  Statistics last cleared: 2026-01-13 09:34:32 UTC (17w2d 13:55 ago)
  Traffic statistics:
   Input  bytes  :     2353754859521588            499772832 bps
   Output bytes  :    28665309856616149          17532370240 bps
   Input  packets:        2995428465671               109970 pps
   Output packets:       35425851877465              2580799 pps
   IPv6 transit statistics:
   Input  bytes  :                    0
   Output bytes  :                    0
   Input  packets:                    0
   Output packets:                    0
  MAC statistics:                      Receive         Transmit
    Broadcast packets                    19043            19144
    Multicast packets                 34975631         36332782
  Input errors:
    Errors: 1, Drops: 0, Framing errors: 1, Runts: 0, Giants: 0, Policed discards: 0, Resource errors: 0
  Output errors:
    Carrier transitions: 2, Errors: 0, Drops: 0, MTU errors: 0, Resource errors: 0
  Egress queues: 8 supported, 6 in use
  Queue counters:       Queued packets  Transmitted packets      Dropped packets
    0                   35422980969563       35422980969563                    0
    1                           430189               430189                    0
    2                           135978               135978                    0
    3                       2862527083           2862527083                    0
    4                              230                  230                    0
    5                         27836437             27836437                    0
  Queue number:         Mapped forwarding classes
    0                   TC1
    1                   TC2
    2                   TC3
    3                   NC
    4                   TC4
    5                   EF

  Logical interface ae0.0 (Index 70) (SNMP ifIndex 638) (Generation 135)
    Flags: Up SNMP-Traps 0x4004000 Encapsulation: ENET2
    Statistics        Packets        pps         Bytes          bps
    Bundle:
        Input : 3984116388114     109970 3181160681884800    499772832
        Output: 44354877437208    2580777 35867377183925411  17532301376
    Adaptive Statistics:
        Adaptive Adjusts:          0
        Adaptive Scans  :          0
        Adaptive Updates:          0
    Link:
      et-0/0/0.0
        Input :  508920688470      55121 351351739940008    241626592
        Output: 8735831941823    1324687 7092036073431832   9186723872
      et-1/0/4.0
        Input : 1497819854758      54849 1174997297218368    258146240
        Output: 17760918671319    1256090 14371184928827841   8345577504


    Aggregate member links: 2

    LACP info:        Role     System             System       Port     Port    Port 
                             priority         identifier   priority   number     key 
      et-0/0/0.0     Actor        127  00:cc:34:61:1b:1a        127        6       1
      et-0/0/0.0   Partner        127  ac:78:d1:64:8c:99        127       51       1
      et-1/0/4.0     Actor        127  00:cc:34:61:1b:1a        127        5       1
      et-1/0/4.0   Partner        127  ac:78:d1:64:8c:99        127       40       1
    LACP Statistics:       LACP Rx     LACP Tx   Unknown Rx   Illegal Rx 
      et-0/0/0.0           5397077     5394234            0            0
      et-1/0/4.0          10503797    10498063            0            0
    Marker Statistics:   Marker Rx     Resp Tx   Unknown Rx   Illegal Rx
      et-0/0/0.0                 0           0            0            0
      et-1/0/4.0                 0           0            0            0
    Protocol inet, MTU: 9198
    Max nh cache: 100000, New hold nh limit: 100000, Curr nh cnt: 1, Curr new hold cnt: 0, NH drop cnt: 0
    Generation: 155, Route table: 0
      Flags: Sendbcast-pkt-to-re
      Addresses, Flags: Is-Preferred Is-Primary
        Destination: 23.255.224.8/31, Local: 23.255.224.8, Broadcast: Unspecified, Generation: 148
    Protocol iso, MTU: 9195, Generation: 156, Route table: 0
      Flags: Is-Primary
    Protocol inet6, MTU: 9198
    Max nh cache: 100000, New hold nh limit: 100000, Curr nh cnt: 1, Curr new hold cnt: 0, NH drop cnt: 0
    Generation: 157, Route table: 0
      Flags: Is-Primary
      Addresses, Flags: Is-Preferred
        Destination: fe80::/64, Local: fe80::2cc:34ff:fe61:1b1a
    Protocol mpls, MTU: 9178, Maximum labels: 5, Generation: 150
    Generation: 158, Route table: 0
      Flags: Is-Primary
    Protocol multiservice, MTU: Unlimited, Generation: 159, Route table: 0
      Flags: Is-Primary

--- show interfaces et-0/0/0.0 ---
iming_metrics {
  queue_time_seconds: 2.9240036383271217e-05
  execution_time_seconds: 2.69364558509551
}
data: "  Logical interface et-0/0/0.0 (Index 80) (SNMP ifIndex 577)
    Flags: Up SNMP-Traps 0x4004000 Encapsulation: ENET2
    Input packets : 508931312902
    Output packets: 8736090918248
    Protocol aenet, AE bundle: ae0.0

--- show interfaces et-1/0/4.0 ---
iming_metrics {
  queue_time_seconds: 3.0379975214600563e-05
  execution_time_seconds: 2.6899269579444081
}
data: "  Logical interface et-1/0/4.0 (Index 84) (SNMP ifIndex 548)
    Flags: Up SNMP-Traps 0x4004000 Encapsulation: ENET2
    Input packets : 1497821020419
    Output packets: 17760936855843
    Protocol aenet, AE bundle: ae0.0

--- show interfaces ae1 extensive ---
iming_metrics {
  queue_time_seconds: 3.4669996239244938e-05
  execution_time_seconds: 2.8148193169618025
}
data: "Physical interface: ae1, Enabled, Physical link is Up
  Interface index: 129, SNMP ifIndex: 636, Generation: 132
  Description: [R=CR01.IAD101][I=AE1][S=ACTIVE][U=CORE]
  Link-level type: Ethernet, MTU: 9212, Speed: 100Gbps, BPDU Error: None, Ethernet-Switching Error: None, MAC-REWRITE Error: None, Loopback: Disabled, Source filtering: Disabled, Flow control: Disabled, Minimum links needed: 1, Minimum bandwidth needed: 1bps
  Device flags   : Present Running
  Interface flags: SNMP-Traps Internal: 0x4000
  Current address: 00:cc:34:61:1b:1b, Hardware address: 00:cc:34:61:1b:1b
  Last flapped   : 2026-03-18 18:37:54 UTC (8w1d 04:52 ago)
  Statistics last cleared: 2026-01-13 09:34:32 UTC (17w2d 13:55 ago)
  Traffic statistics:
   Input  bytes  :    24967979920127861          16993281288 bps
   Output bytes  :    10885660800998701           7113562496 bps
   Input  packets:       31777557920962              2513162 pps
   Output packets:       10626632875520               902876 pps
   IPv6 transit statistics:
   Input  bytes  :                    0
   Output bytes  :                    0
   Input  packets:                    0
   Output packets:                    0
  MAC statistics:                      Receive         Transmit
    Broadcast packets                    19163            19058
    Multicast packets                 24432063         25490226
  Input errors:
    Errors: 0, Drops: 0, Framing errors: 0, Runts: 0, Giants: 0, Policed discards: 0, Resource errors: 0
  Output errors:
    Carrier transitions: 4, Errors: 0, Drops: 69841, MTU errors: 0, Resource errors: 0
  Egress queues: 8 supported, 6 in use
  Queue counters:       Queued packets  Transmitted packets      Dropped packets
    0                   10624538078750       10624538008909                69841
    1                            52771                52771                    0
    2                         10288361             10288361                    0
    3                       2052856193           2052856193                    0
    4                           128502               128502                    0
    5                         41046474             41046474                    0
  Queue number:         Mapped forwarding classes
    0                   TC1
    1                   TC2
    2                   TC3
    3                   NC
    4                   TC4
    5                   EF

  Logical interface ae1.0 (Index 71) (SNMP ifIndex 639) (Generation 136)
    Flags: Up SNMP-Traps 0x4004000 Encapsulation: ENET2
    Statistics        Packets        pps         Bytes          bps
    Bundle:
        Input : 31777557920962    2513162 24967979920127861  16993281288
        Output: 10626632497092     902849 10885660648487230   7113542936
    Adaptive Statistics:
        Adaptive Adjusts:          0
        Adaptive Scans  :          0
        Adaptive Updates:          0
    Link:
      et-1/0/0.0
        Input : 31777557920962    2513162 24967979920127861  16993281288
        Output: 10626632875539     902849 10885660821437509   7113542936


    Aggregate member links: 1

    LACP info:        Role     System             System       Port     Port    Port 
                             priority         identifier   priority   number     key 
      et-1/0/0.0     Actor        127  00:cc:34:61:1b:1a        127        3       2
      et-1/0/0.0   Partner        127  40:7f:5f:5b:68:81        127       11       2
    LACP Statistics:       LACP Rx     LACP Tx   Unknown Rx   Illegal Rx 
      et-1/0/0.0          10504001    10498299            0            0
    Marker Statistics:   Marker Rx     Resp Tx   Unknown Rx   Illegal Rx
      et-1/0/0.0                 0           0            0            0
    Protocol inet, MTU: 9198
    Max nh cache: 100000, New hold nh limit: 100000, Curr nh cnt: 1, Curr new hold cnt: 0, NH drop cnt: 0
    Generation: 160, Route table: 0
      Flags: Sendbcast-pkt-to-re
      Addresses, Flags: Is-Preferred Is-Primary
        Destination: 23.255.224.150/31, Local: 23.255.224.150, Broadcast: Unspecified, Generation: 152
    Protocol iso, MTU: 9195, Generation: 161, Route table: 0
    Protocol inet6, MTU: 9198
    Max nh cache: 100000, New hold nh limit: 100000, Curr nh cnt: 1, Curr new hold cnt: 0, NH drop cnt: 0
    Generation: 162, Route table: 0
      Addresses, Flags: Is-Preferred
        Destination: fe80::/64, Local: fe80::2cc:34ff:fe61:1b1b
    Protocol mpls, MTU: 9178, Maximum labels: 5, Generation: 154
    Protocol multiservice, MTU: Unlimited, Generation: 163, Route table: 0
    Generation: 164, Route table: 0

--- show interfaces et-1/0/0.0 ---
iming_metrics {
  queue_time_seconds: 6.4810039475560188e-05
  execution_time_seconds: 2.6860106320818886
}
data: "  Logical interface et-1/0/0.0 (Index 82) (SNMP ifIndex 541)
    Flags: Up SNMP-Traps 0x4004000 Encapsulation: ENET2
    Input packets : 31777573493694
    Output packets: 10626638170148
    Protocol aenet, AE bundle: ae1.0

--- show interfaces ae3 extensive ---
iming_metrics {
  queue_time_seconds: 3.36299417540431e-05
  execution_time_seconds: 2.8115133290411904
}
data: "Physical interface: ae3, Enabled, Physical link is Up
  Interface index: 130, SNMP ifIndex: 637, Generation: 133
  Description: [R=PR01.EWR101][A=AE0][S=ACTIVE][U=CORE]
  Link-level type: Ethernet, MTU: 9212, Speed: 200Gbps, BPDU Error: None, Ethernet-Switching Error: None, MAC-REWRITE Error: None, Loopback: Disabled, Source filtering: Disabled, Flow control: Disabled, Minimum links needed: 1, Minimum bandwidth needed: 1bps
  Device flags   : Present Running
  Interface flags: SNMP-Traps Internal: 0x4000
  Current address: 00:cc:34:61:1b:1c, Hardware address: 00:cc:34:61:1b:1c
  Last flapped   : 2026-01-13 08:31:20 UTC (17w2d 14:59 ago)
  Statistics last cleared: 2026-01-13 09:34:32 UTC (17w2d 13:56 ago)
  Traffic statistics:
   Input  bytes  :    13106878541280648           9168293776 bps
   Output bytes  :      868571290686839           1019028840 bps
   Input  packets:       12985689687983              1169280 pps
   Output packets:        1705553443122               206097 pps
   IPv6 transit statistics:
   Input  bytes  :                    0
   Output bytes  :                    0
   Input  packets:                    0
   Output packets:                    0
  MAC statistics:                      Receive         Transmit
    Broadcast packets                    19125            19054
    Multicast packets                 40551211         36359235
  Input errors:
    Errors: 0, Drops: 0, Framing errors: 0, Runts: 0, Giants: 0, Policed discards: 0, Resource errors: 0
  Output errors:
    Carrier transitions: 0, Errors: 0, Drops: 0, MTU errors: 0, Resource errors: 0
  Egress queues: 8 supported, 6 in use
  Queue counters:       Queued packets  Transmitted packets      Dropped packets
    0                    1704778240393        1704778240393                    0
    1                           255081               255081                    0
    2                          9200945              9200945                    0
    3                        709168489            709168489                    0
    4                            14150                14150                    0
    5                         77656819             77656819                    0
  Queue number:         Mapped forwarding classes
    0                   TC1
    1                   TC2
    2                   TC3
    3                   NC
    4                   TC4
    5                   EF

  Logical interface ae3.0 (Index 72) (SNMP ifIndex 640) (Generation 137)
    Flags: Up SNMP-Traps 0x4004000 Encapsulation: ENET2
    Statistics        Packets        pps         Bytes          bps
    Bundle:
        Input : 12985689687983    1169280 13106878541280648   9168293776
        Output: 1705552686212     206096 868570999654950   1019027400
    Adaptive Statistics:
        Adaptive Adjusts:          0
        Adaptive Scans  :          0
        Adaptive Updates:          0
    Link:
      et-0/0/1.0
        Input : 6506469423683     597259 6565881008710325   4782782256
        Output:  852422087489     107191 433145228694011    457963904
      et-1/0/1.0
        Input : 6479220264300     572021 6540997532570323   4385511520
        Output:  853131355633      98905 435426102865968    561063496


    Aggregate member links: 2

    LACP info:        Role     System             System       Port     Port    Port 
                             priority         identifier   priority   number     key 
      et-0/0/1.0     Actor        127  00:cc:34:61:1b:1a        127        2       4
      et-0/0/1.0   Partner        127  3c:61:04:0a:1b:c0        127       13       1
      et-1/0/1.0     Actor        127  00:cc:34:61:1b:1a        127        4       4
      et-1/0/1.0   Partner        127  3c:61:04:0a:1b:c0        127        9       1
    LACP Statistics:       LACP Rx     LACP Tx   Unknown Rx   Illegal Rx 
      et-0/0/1.0          10504445    10498512            0            0
      et-1/0/1.0          10504418    10498304            0            0
    Marker Statistics:   Marker Rx     Resp Tx   Unknown Rx   Illegal Rx
      et-0/0/1.0                 0           0            0            0
      et-1/0/1.0                 0           0            0            0
    Protocol inet, MTU: 9198
    Max nh cache: 100000, New hold nh limit: 100000, Curr nh cnt: 1, Curr new hold cnt: 0, NH drop cnt: 0
    Generation: 165, Route table: 0
      Flags: Sendbcast-pkt-to-re
      Addresses, Flags: Is-Preferred Is-Primary
        Destination: 23.255.224.88/31, Local: 23.255.224.88, Broadcast: Unspecified, Generation: 156
    Protocol iso, MTU: 9195, Generation: 166, Route table: 0
    Protocol inet6, MTU: 9198
    Max nh cache: 100000, New hold nh limit: 100000, Curr nh cnt: 1, Curr new hold cnt: 0, NH drop cnt: 0
    Generation: 167, Route table: 0
      Addresses, Flags: Is-Preferred
        Destination: fe80::/64, Local: fe80::2cc:34ff:fe61:1b1c
    Protocol mpls, MTU: 9178, Maximum labels: 5, Generation: 158
    Protocol multiservice, MTU: Unlimited, Generation: 168, Route table: 0
    Generation: 169, Route table: 0

--- show interfaces et-0/0/1.0 ---
iming_metrics {
  queue_time_seconds: 3.2420037314295769e-05
  execution_time_seconds: 2.7098192370031029
}
data: "  Logical interface et-0/0/1.0 (Index 81) (SNMP ifIndex 581)
    Flags: Up SNMP-Traps 0x4004000 Encapsulation: ENET2
    Input packets : 6506473376062
    Output packets: 852422664789
    Protocol aenet, AE bundle: ae3.0

--- show interfaces et-1/0/1.0 ---
iming_metrics {
  queue_time_seconds: 3.0640047043561935e-05
  execution_time_seconds: 2.7034741309471428
}
data: "  Logical interface et-1/0/1.0 (Index 83) (SNMP ifIndex 545)
    Flags: Up SNMP-Traps 0x4004000 Encapsulation: ENET2
    Input packets : 6479226502544
    Output packets: 853132411293
    Protocol aenet, AE bundle: ae3.0

--- Processed Data ---
{
    "role": "backbone",
    "year": 2024,
    "et-0/0/0": {
        "neighbor": "CR01.ORD101",
        "Circuit": "LR",
        "description": "  Description: [R=CR01.ORD101][I=ET-0/0/1][A=AE0][S=ACTIVE][U=CORE]",
        "speed": "100Gbps",
        "speed_human": 100000000000,
        "input_bps": 230300288,
        "input_bps_percent": 0.23030028800000002,
        "output_bps": 7963078536,
        "output_bps_percent": 7.963078535999999,
        "input_pps": 49203,
        "output_pps": 1250527,
        "ae_list": [],
        "member_speeds": {},
        "is_400g_upgraded": false,
        "upgrade_status": "Not upgraded"
    },
    "et-0/0/1": {
        "neighbor": "PR01.EWR101",
        "Circuit": "SR",
        "description": "  Description: [R=PR01.EWR101][I=ET-2/1/0][A=AE3][S=ACTIVE][U=CORE]",
        "speed": "100Gbps",
        "speed_human": 100000000000,
        "input_bps": 4997595408,
        "input_bps_percent": 4.9975954080000005,
        "output_bps": 324528944,
        "output_bps_percent": 0.324528944,
        "input_pps": 606506,
        "output_pps": 89008,
        "ae_list": [],
        "member_speeds": {},
        "is_400g_upgraded": false,
        "upgrade_status": "Not upgraded"
    },
    "et-1/0/0": {
        "neighbor": "CR01.IAD101",
        "Circuit": "LR",
        "description": "  Description: [R=CR01.IAD101][I=ET-0/0/3][A=AE1][C=CNTLK:444034377][S=ACTIVE][U=CORE]",
        "speed": "100Gbps",
        "speed_human": 100000000000,
        "input_bps": 16141741040,
        "input_bps_percent": 16.14174104,
        "output_bps": 6471696656,
        "output_bps_percent": 6.471696656000001,
        "input_pps": 2478697,
        "output_pps": 855873,
        "ae_list": [],
        "member_speeds": {},
        "is_400g_upgraded": false,
        "upgrade_status": "Not upgraded"
    },
    "et-1/0/1": {
        "neighbor": "PR01.EWR101",
        "Circuit": "SR",
        "description": "  Description: [R=PR01.EWR101][I=ET-3/1/0][A=AE3][S=TESTING][U=CORE]",
        "speed": "100Gbps",
        "speed_human": 100000000000,
        "input_bps": 4536928160,
        "input_bps_percent": 4.5369281599999995,
        "output_bps": 587053768,
        "output_bps_percent": 0.587053768,
        "input_pps": 578456,
        "output_pps": 100312,
        "ae_list": [],
        "member_speeds": {},
        "is_400g_upgraded": false,
        "upgrade_status": "Not upgraded"
    },
    "et-1/0/4": {
        "neighbor": "CR01.ORD101",
        "Circuit": "LR",
        "description": "  Description: [R=CR01.ORD101][I=ET-1/0/1][A=AE0][C=LEVL3:448620417][S=ACTIVE][U=CORE]",
        "speed": "100Gbps",
        "speed_human": 100000000000,
        "input_bps": 292925744,
        "input_bps_percent": 0.29292574400000004,
        "output_bps": 8651670752,
        "output_bps_percent": 8.651670752,
        "input_pps": 57808,
        "output_pps": 1292703,
        "ae_list": [],
        "member_speeds": {},
        "is_400g_upgraded": false,
        "upgrade_status": "Not upgraded"
    },
    "ae0": {
        "neighbor": "CR01.ORD101",
        "Circuit": "LR",
        "description": "  Description:  [R=CR01.ORD101][I=AE0][S=ACTIVE][U=CORE]",
        "speed": "200Gbps",
        "speed_human": 200000000000,
        "input_bps": 499772832,
        "input_bps_percent": 0.24988641600000003,
        "output_bps": 17532370240,
        "output_bps_percent": 8.76618512,
        "input_pps": 109970,
        "output_pps": 2580799,
        "ae_list": [
            "et-0/0/0.0",
            "et-1/0/4.0"
        ],
        "member_speeds": {
            "et-0/0/0.0": "Unknown",
            "et-1/0/4.0": "Unknown"
        },
        "is_400g_upgraded": false,
        "upgrade_status": "Not upgraded"
    },
    "ae1": {
        "neighbor": "CR01.IAD101",
        "Circuit": "LR",
        "description": "  Description: [R=CR01.IAD101][I=AE1][S=ACTIVE][U=CORE]",
        "speed": "100Gbps",
        "speed_human": 100000000000,
        "input_bps": 16993281288,
        "input_bps_percent": 16.993281288000002,
        "output_bps": 7113562496,
        "output_bps_percent": 7.113562496,
        "input_pps": 2513162,
        "output_pps": 902876,
        "ae_list": [
            "et-1/0/0.0"
        ],
        "member_speeds": {
            "et-1/0/0.0": "Unknown"
        },
        "is_400g_upgraded": false,
        "upgrade_status": "Not upgraded"
    },
    "ae3": {
        "neighbor": "PR01.EWR101",
        "Circuit": "SR",
        "description": "  Description: [R=PR01.EWR101][A=AE0][S=ACTIVE][U=CORE]",
        "speed": "200Gbps",
        "speed_human": 200000000000,
        "input_bps": 9168293776,
        "input_bps_percent": 4.584146888,
        "output_bps": 1019028840,
        "output_bps_percent": 0.50951442,
        "input_pps": 1169280,
        "output_pps": 206097,
        "ae_list": [
            "et-0/0/1.0",
            "et-1/0/1.0"
        ],
        "member_speeds": {
            "et-0/0/1.0": "Unknown",
            "et-1/0/1.0": "Unknown"
        },
        "is_400g_upgraded": false,
        "upgrade_status": "Not upgraded"
    }
}
