Processing device: cr02.cbf101

--- show version ---
iming_metrics {
  queue_time_seconds: 4.121800884604454e-05
  execution_time_seconds: 2.6517716340022162
}
data: "Hostname: re0-cr02.cbf101
Model: ptx10008
Junos: 22.4R3-S7.5
JUNOS OS Kernel 64-bit  [20250117.f729369_builder_stable_12_224]
JUNOS OS libs [20250117.f729369_builder_stable_12_224]
JUNOS OS runtime [20250117.f729369_builder_stable_12_224]
JUNOS OS time zone information [20250117.f729369_builder_stable_12_224]
JUNOS network stack and utilities [20250522.070917_builder_junos_224_r3_s7]
JUNOS libs [20250522.070917_builder_junos_224_r3_s7]
JUNOS OS libs compat32 [20250117.f729369_builder_stable_12_224]
JUNOS OS 32-bit compatibility [20250117.f729369_builder_stable_12_224]
JUNOS libs compat32 [20250522.070917_builder_junos_224_r3_s7]
JUNOS runtime [20250522.070917_builder_junos_224_r3_s7]
Junos vmguest package [20250522.070917_builder_junos_224_r3_s7]
JUNOS sflow ptx [20250522.070917_builder_junos_224_r3_s7]
JUNOS py extensions [20250522.070917_builder_junos_224_r3_s7]
JUNOS py base [20250522.070917_builder_junos_224_r3_s7]
JUNOS OS vmguest [20250117.f729369_builder_stable_12_224]
JUNOS OS package [20250303.174934_builder_main]
JUNOS OS crypto [20250117.f729369_builder_stable_12_224]
JUNOS OS boot-ve files [20250117.f729369_builder_stable_12_224]
JUNOS na telemetry [22.4R3-S7.5]
JUNOS mx libs compat32 [20250522.070917_builder_junos_224_r3_s7]
JUNOS mx runtime [20250522.070917_builder_junos_224_r3_s7]
JUNOS RPD Telemetry Application [22.4R3-S7.5]
JUNOS python routing scripts for consistency check in RIB/FIB/PFE [20250522.070917_builder_junos_224_r3_s7]
JUNOS Routing mpls-oam-basic [20250522.070917_builder_junos_224_r3_s7]
JUNOS Routing mpls-oam-advanced [20250522.070917_builder_junos_224_r3_s7]
JUNOS Routing lsys [20250522.070917_builder_junos_224_r3_s7]
JUNOS Routing controller-internal [20250522.070917_builder_junos_224_r3_s7]
JUNOS Routing controller-external [20250522.070917_builder_junos_224_r3_s7]
JUNOS Routing 32-bit Compatible Version [20250522.070917_builder_junos_224_r3_s7]
JUNOS Routing aggregated [20250522.070917_builder_junos_224_r3_s7]
Redis [20250522.070917_builder_junos_224_r3_s7]
JUNOS probe utility [20250522.070917_builder_junos_224_r3_s7]
JUNOS common platform support [20250522.070917_builder_junos_224_r3_s7]
JUNOS Openconfig [22.4R3-S7.5]
JUNOS mtx network modules [20250522.070917_builder_junos_224_r3_s7]
JUNOS modules [20250522.070917_builder_junos_224_r3_s7]
JUNOS mx modules [20250522.070917_builder_junos_224_r3_s7]
JUNOS mx libs [20250522.070917_builder_junos_224_r3_s7]
JUNOS python l2 scripts [20250522.070917_builder_junos_224_r3_s7]
JUNOS L2 RSI Scripts [20250522.070917_builder_junos_224_r3_s7]
JUNOS SQL Sync Daemon [20250522.070917_builder_junos_224_r3_s7]
JUNOS mtx Data Plane Crypto Support [20250522.070917_builder_junos_224_r3_s7]
JUNOS daemons [20250522.070917_builder_junos_224_r3_s7]
JUNOS mx daemons [20250522.070917_builder_junos_224_r3_s7]
JUNOS Broadband Edge User Plane Apps [22.4R3-S7.5]
JUNOS appidd-mx application-identification daemon [20250522.070917_builder_junos_224_r3_s7]
JUNOS Services URL Filter package [20250522.070917_builder_junos_224_r3_s7]
JUNOS Services TLB Service PIC package [20250522.070917_builder_junos_224_r3_s7]
JUNOS Services Telemetry [20250522.070917_builder_junos_224_r3_s7]
JUNOS Services TCP-LOG [20250522.070917_builder_junos_224_r3_s7]
JUNOS Services SSL [20250522.070917_builder_junos_224_r3_s7]
JUNOS Services SOFTWIRE [20250522.070917_builder_junos_224_r3_s7]
JUNOS Services Stateful Firewall [20250522.070917_builder_junos_224_r3_s7]
JUNOS Services RTCOM [20250522.070917_builder_junos_224_r3_s7]
JUNOS Services RPM [20250522.070917_builder_junos_224_r3_s7]
JUNOS Services PCEF package [20250522.070917_builder_junos_224_r3_s7]
JUNOS Services NAT [20250522.070917_builder_junos_224_r3_s7]
JUNOS Services Mobile Subscriber Service Container package [20250522.070917_builder_junos_224_r3_s7]
JUNOS Services MobileNext Software package [20250522.070917_builder_junos_224_r3_s7]
JUNOS Services Logging Report Framework package [20250522.070917_builder_junos_224_r3_s7]
JUNOS Services LL-PDF Container package [20250522.070917_builder_junos_224_r3_s7]
JUNOS Services Jflow Container package [20250522.070917_builder_junos_224_r3_s7]
JUNOS Services Deep Packet Inspection package [20250522.070917_builder_junos_224_r3_s7]
JUNOS Services IPSec [20250522.070917_builder_junos_224_r3_s7]
JUNOS Services IDS [20250522.070917_builder_junos_224_r3_s7]
JUNOS IDP Services [20250522.070917_builder_junos_224_r3_s7]
JUNOS Services HTTP Content Management package [20250522.070917_builder_junos_224_r3_s7]
JUNOS Services DNS Filter package (i386) [20250522.070917_builder_junos_224_r3_s7] 
JUNOS Services Crypto [20250522.070917_builder_junos_224_r3_s7]
JUNOS Services Captive Portal and Content Delivery Container package [20250522.070917_builder_junos_224_r3_s7]
JUNOS Services COS [20250522.070917_builder_junos_224_r3_s7]
JUNOS AppId Services [20250522.070917_builder_junos_224_r3_s7]
JUNOS Services Application Level Gateways [20250522.070917_builder_junos_224_r3_s7]
JUNOS Services AACL Container package [20250522.070917_builder_junos_224_r3_s7]
JUNOS Extension Toolkit [20250522.070917_builder_junos_224_r3_s7]
JUNOS Packet Forwarding Engine Support (wrlinux) [20250522.070917_builder_junos_224_r3_s7]
JUNOS Packet Forwarding Engine Support (PTX10008/PTX10016) [20250522.070917_builder_junos_224_r3_s7]
JUNOS Packet Forwarding Engine Support (T-Series) [20250522.070917_builder_junos_224_r3_s7]
JUNOS Packet Forwarding Engine FIPS Support [22.4R3-S7.5]
JUNOS Packet Forwarding Engine Support (M/T Common) [20250522.070917_builder_junos_224_r3_s7]
JUNOS Juniper Malware Removal Tool (JMRT) [1.0.0+20250522.070917_builder_junos_224_r3_s7]
JUNOS J-Insight [20250522.070917_builder_junos_224_r3_s7]
JUNOS jfirmware [20241001.113344_builder_junos_224_r3_s5]
JUNOS Online Documentation [20250522.070917_builder_junos_224_r3_s7]
JUNOS jail runtime [20250117.f729369_builder_stable_12_224]
JUNOS dsa [20250522.070917_builder_junos_224_r3_s7]

--- show interfaces terse ---
iming_metrics {
  queue_time_seconds: 3.267102874815464e-05
  execution_time_seconds: 2.4335421519936062
}
data: "Interface               Admin Link Proto    Local                 Remote
et-0/0/0                up    up
et-0/0/0.0              up    up   aenet    --> ae0.0
pfh-0/0/0               up    up
pfh-0/0/0.16383         up    up   inet    
pfh-0/0/0.16384         up    up   inet    
et-0/0/1                up    up
et-0/0/1.0              up    up   aenet    --> ae1.0
et-0/0/2                up    up
et-0/0/2.0              up    up   aenet    --> ae2.0
et-0/0/3                up    up
et-0/0/3.0              up    up   aenet    --> ae3.0
et-0/0/4                up    down
et-0/0/5                up    down
et-0/0/6                up    down
et-0/0/7                up    down
et-0/0/8                up    down
et-0/0/9                up    down
et-0/0/10               up    down
et-0/0/11               up    down
et-0/0/12               up    down
et-0/0/13               up    down
et-0/0/14               up    down
et-0/0/15               up    down
et-0/0/16               up    down
et-0/0/17               up    down
et-0/0/18               up    down
et-0/0/19               up    down
et-0/0/20               up    down
et-0/0/21               up    down
et-0/0/22               up    down
et-0/0/23               up    down
et-0/0/24               up    down
et-0/0/25               up    down
et-0/0/26               up    down
et-0/0/27               up    down
et-0/0/28               up    down
et-0/0/29               up    down
et-1/0/0                up    down
pfh-1/0/0               up    up
pfh-1/0/0.16383         up    up   inet    
pfh-1/0/0.16384         up    up   inet    
et-1/0/1                up    up
et-1/0/1.0              up    up   aenet    --> ae1.0
et-1/0/2                up    down
et-1/0/3                down  down
et-1/0/4                up    down
et-1/0/5                up    down
et-1/0/6                up    down
et-1/0/7                up    down
et-1/0/8                up    down
et-1/0/9                up    down
et-1/0/10               up    down
et-1/0/11               up    down
et-1/0/12               up    down
et-1/0/13               up    down
et-1/0/14               up    down
et-1/0/15               up    down
et-1/0/16               up    down
et-1/0/17               up    down
et-1/0/18               up    down
et-1/0/19               up    down
et-1/0/20               up    down
et-1/0/21               up    down
et-1/0/22               up    down
et-1/0/23               up    down
et-1/0/24               up    down
et-1/0/25               up    down
et-1/0/26               up    down
et-1/0/27               up    down
et-1/0/28               up    down
et-1/0/29               up    down
ae0                     up    up
ae0.0                   up    up   inet     192.119.18.118/31
                                   iso     
                                   inet6    fe80::427f:5fff:fe55:225d/64
                                   mpls    
                                   multiservice
ae1                     up    up
ae1.0                   up    up   inet     192.119.18.131/31
                                   iso     
                                   inet6    fe80::427f:5fff:fe55:225e/64
                                   mpls    
                                   multiservice
ae2                     up    up
ae2.0                   up    up   inet     192.119.18.45/31
                                   iso     
                                   inet6    fe80::427f:5fff:fe55:225f/64
                                   mpls    
                                   multiservice
ae3                     up    up
ae3.0                   up    up   inet     192.119.18.37/31
                                   iso     
                                   inet6    fe80::427f:5fff:fe55:2260/64
                                   mpls    
                                   multiservice
bme0                    up    up
bme0.0                  up    up   inet     128.0.0.1/2     
                                            128.0.0.4/2     
                                            128.0.0.63/2    
bme1                    up    up
bme1.0                  up    up   inet     128.0.0.1/2     
                                            128.0.0.4/2     
bme2                    up    up
bme2.0                  up    up   inet     128.0.0.1/2     
                                            128.0.0.4/2     
cbp0                    up    up
dsc                     up    up
em0                     up    up
em0.0                   up    up   inet     10.144.20.14/26 
em1                     up    up
em1.32768               up    up   inet     192.168.1.2/24  
fti0                    up    up
gre                     up    up
ipip                    up    up
irb                     up    up
jsrv                    up    up
jsrv.1                  up    up   inet     128.0.0.127/2   
lo0                     up    up
lo0.0                   up    up   inet     192.119.16.176      --> 0/0
                                   iso      49.0001.1921.1901.6176
                                   inet6    2605:a601:ffff:9009:1e:f1ba:0:5f
                                            fe80::9a49:250f:fce5:a1e6
lo0.16384               up    up   inet     127.0.0.1           --> 0/0
lo0.16385               up    up   inet    
lsi                     up    up
mif                     up    up
mtun                    up    up
pimd                    up    up
pime                    up    up
pip0                    up    up
tap                     up    up
vtep                    up    up

--- show interfaces et-0/0/0 extensive ---
iming_metrics {
  queue_time_seconds: 3.7818041164427996e-05
  execution_time_seconds: 2.4618013839935884
}
data: "Physical interface: et-0/0/0, Enabled, Physical link is Up
  Interface index: 141, SNMP ifIndex: 560, Generation: 144
  Description: [R=RR02.CBF101][I=ET-0/0/0][A=AE0][S=ACTIVE][U=CORE]
  Link-level type: Ethernet, MTU: 9212, Speed: 100Gbps, BPDU Error: None, Loop Detect PDU Error: None, Ethernet-Switching Error: None, Loopback: Disabled, Source filtering: Disabled, Flow control: Disabled
  Device flags   : Present Running
  Interface flags: SNMP-Traps Internal: 0x4000
  Link flags     : None
  CoS queues     : 8 supported, 8 maximum usable queues
  Hold-times     : Up 0 ms, Down 0 ms
  Damping        : half-life: 0 sec, max-suppress: 0 sec, reuse: 0, suppress: 0, state: unsuppressed
  Current address: 40:7f:5f:55:22:5d, Hardware address: 40:7f:5f:55:19:4f
  Last flapped   : 2026-02-24 08:10:02 UTC (11w2d 15:19 ago)
  Statistics last cleared: 2026-02-11 11:02:56 UTC (13w1d 12:26 ago)
  Traffic statistics:
   Input  bytes  :          80687492914                81704 bps
   Output bytes  :          91591084134               111264 bps
   Input  packets:            434983644                   58 pps
   Output packets:            423316400                   54 pps
   IPv6 transit statistics:
   Input  bytes  :                    0
   Output bytes  :                    0
   Input  packets:                    0
   Output packets:                    0
  Input errors:
    Errors: 0, Drops: 0, Framing errors: 0, Runts: 0, Policed discards: 0, L3 incompletes: 0, L2 channel errors: 0, L2 mismatch timeouts: 0, FIFO errors: 0, Resource errors: 0
  Output errors:
    Carrier transitions: 4, Errors: 0, Drops: 0, Collisions: 0, Aged packets: 0, FIFO errors: 0, HS link CRC errors: 0, MTU errors: 0, Resource errors: 0
  Egress queues: 8 supported, 6 in use
  Queue counters:       Queued packets  Transmitted packets      Dropped packets
    0                         38501138             38501138                    0
    1                              197                  197                    0
    2                                0                    0                    0
    3                        392802469            392802469                    0
    4                                0                    0                    0
    5                                0                    0                    0
  Queue number:         Mapped forwarding classes
    0                   TC1
    1                   TC2
    2                   TC3
    3                   NC
    4                   TC4
    5                   EF
  Active alarms  : None
  Active defects : None
  PCS statistics                      Seconds
    Bit errors                             2
    Errored blocks                         2
  Ethernet FEC Mode  :                   NONE
  Ethernet FEC statistics              Errors
    FEC Corrected Errors                    0
    FEC Uncorrected Errors                  0
    FEC Corrected Errors Rate               0
    FEC Uncorrected Errors Rate             0
  MAC statistics:                      Receive         Transmit
    Total octets                   89437885173     100065766430
    Total packets                    443257559        431303856
    Unicast packets                  420675789        412248685
    Broadcast packets                    14477            14576
    Multicast packets                 22567293         19040595
    CRC/Align errors                         0                0
    FIFO errors                              0                0
    MAC control frames                       0                0
    MAC pause frames                         0                0
    Oversized frames                         0
    Jabber frames                            0
    Fragment frames                          0
    VLAN tagged frames                       0
    Code violations                          0
  Filter statistics:
    Input packet count               443257559
    Input packet rejects                     6
    Input DA rejects                         6
    Input SA rejects                         0
    Output packet count                               431303855
    Output packet pad count                                   0
    Output packet error count                                 0
    CAM destination filters: 0, CAM source filters: 0
  PRBS Mode : Disabled
  Packet Forwarding Engine configuration:
    Destination slot: 0 (0x00)
  CoS information:
    Direction : Output
    CoS transmit queue               Bandwidth               Buffer Priority   Limit
                              %            bps     %           usec
    0 TC1                     5     5000000000     r              0      low    none
    1 TC2                    20    20000000000     r              0 medium-low    none
    2 TC3                    30    30000000000     r              0 medium-high    none
    3 NC                      1     1000000000     r              0     high    none
    4 TC4                    39    39000000000     r              0     high    none
    5 EF                      5     5000000000     r              0 strict-high   exact
  MACSec statistics:
    Output
        Secure Channel Transmitted
        Protected Packets               : 0
        Encrypted Packets               : 0
        Protected Bytes                 : 0
        Encrypted Bytes                 : 0
     Input
        Secure Channel Received
        Accepted Packets                : 0
        Validated Bytes                 : 0
        Decrypted Bytes                 : 0
  Link Degrade :                      
    Link Monitoring                   :  Disable
  Interface transmit statistics: Disabled

  Logical interface et-0/0/0.0 (Index 81) (SNMP ifIndex 742) (Generation 146)
    Flags: Up SNMP-Traps 0x4004000 Encapsulation: ENET2
    Traffic statistics:
     Input  bytes  :          80797215123
     Output bytes  :          91606634514
     Input  packets:            435271595
     Output packets:            423316400
     IPv6 total statistics:
     Input  bytes  :                    0
     Output bytes  :              1066976
     Input  packets:                    0
     Output packets:                13012
    Local statistics:
     Input  bytes  :            109722209
     Output bytes  :           2613678102
     Input  packets:               287951
     Output packets:             12838811
    Transit statistics:
     Input  bytes  :          80687492914                81704 bps
     Output bytes  :          88992956412                96536 bps
     Input  packets:            434983644                   58 pps
     Output packets:            410477589                   51 pps
     IPv6 transit statistics:
      Input  bytes  :                   0
      Output bytes  :                   0
      Input  packets:                   0
      Output packets:                   0
    Protocol aenet, AE bundle: ae0.0, Generation: 184, Route table: 0

--- show interfaces et-0/0/1 extensive ---
iming_metrics {
  queue_time_seconds: 3.9640988688915968e-05
  execution_time_seconds: 2.5183583900216036
}
data: "Physical interface: et-0/0/1, Enabled, Physical link is Up
  Interface index: 142, SNMP ifIndex: 561, Generation: 145
  Description: [R=CR01.CBF101][I=ET-0/0/1][A=AE1][S=ACTIVE][U=CORE]
  Link-level type: Ethernet, MTU: 9212, Speed: 100Gbps, BPDU Error: None, Loop Detect PDU Error: None, Ethernet-Switching Error: None, Loopback: Disabled, Source filtering: Disabled, Flow control: Disabled
  Device flags   : Present Running
  Interface flags: SNMP-Traps Internal: 0x4000
  Link flags     : None
  CoS queues     : 8 supported, 8 maximum usable queues
  Hold-times     : Up 0 ms, Down 0 ms
  Damping        : half-life: 0 sec, max-suppress: 0 sec, reuse: 0, suppress: 0, state: unsuppressed
  Current address: 40:7f:5f:55:22:5e, Hardware address: 40:7f:5f:55:19:53
  Last flapped   : 2026-02-12 07:03:04 UTC (13w0d 16:26 ago)
  Statistics last cleared: 2026-02-12 07:04:45 UTC (13w0d 16:24 ago)
  Traffic statistics:
   Input  bytes  :      466403114665600           2106906496 bps
   Output bytes  :       76418694157528            315778968 bps
   Input  packets:         671761387180               306778 pps
   Output packets:          99278518747                35128 pps
   IPv6 transit statistics:
   Input  bytes  :                    0
   Output bytes  :                    0
   Input  packets:                    0
   Output packets:                    0
  Input errors:
    Errors: 0, Drops: 0, Framing errors: 0, Runts: 0, Policed discards: 0, L3 incompletes: 0, L2 channel errors: 0, L2 mismatch timeouts: 0, FIFO errors: 0, Resource errors: 0
  Output errors:
    Carrier transitions: 0, Errors: 0, Drops: 0, Collisions: 0, Aged packets: 0, FIFO errors: 0, HS link CRC errors: 0, MTU errors: 0, Resource errors: 0
  Egress queues: 8 supported, 6 in use
  Queue counters:       Queued packets  Transmitted packets      Dropped packets
    0                      98684012111          98684012111                    0
    1                             1939                 1939                    0
    2                          9730269              9730269                    0
    3                        592326044            592326044                    0
    4                            25664                25664                    0
    5                           333891               333891                    0
  Queue number:         Mapped forwarding classes
    0                   TC1
    1                   TC2
    2                   TC3
    3                   NC
    4                   TC4
    5                   EF
  Active alarms  : None
  Active defects : None
  PCS statistics                      Seconds
    Bit errors                             0
    Errored blocks                         0
  Ethernet FEC Mode  :                   NONE
  Ethernet FEC statistics              Errors
    FEC Corrected Errors                    0
    FEC Uncorrected Errors                  0
    FEC Corrected Errors Rate               0
    FEC Uncorrected Errors Rate             0
  MAC statistics:                      Receive         Transmit
    Total octets               478496131021761   78208725628627
    Total packets                 671769416328      99286417597
    Unicast packets               671761215999      99278217060
    Broadcast packets                        0                0
    Multicast packets                  8200320          8200539
    CRC/Align errors                         0                0
    FIFO errors                              0                0
    MAC control frames                       0                0
    MAC pause frames                         0                0
    Oversized frames                         0
    Jabber frames                            0
    Fragment frames                          0
    VLAN tagged frames                       0
    Code violations                          0
  Filter statistics:
    Input packet count            671769410635
    Input packet rejects                     0
    Input DA rejects                         0
    Input SA rejects                         0
    Output packet count                             99286417070
    Output packet pad count                                   0
    Output packet error count                                 0
    CAM destination filters: 0, CAM source filters: 0
  PRBS Mode : Disabled
  Packet Forwarding Engine configuration:
    Destination slot: 0 (0x00)
  CoS information:
    Direction : Output
    CoS transmit queue               Bandwidth               Buffer Priority   Limit
                              %            bps     %           usec
    0 TC1                     5     5000000000     r              0      low    none
    1 TC2                    20    20000000000     r              0 medium-low    none
    2 TC3                    30    30000000000     r              0 medium-high    none
    3 NC                      1     1000000000     r              0     high    none
    4 TC4                    39    39000000000     r              0     high    none
    5 EF                      5     5000000000     r              0 strict-high   exact
  MACSec statistics:
    Output
        Secure Channel Transmitted
        Protected Packets               : 0
        Encrypted Packets               : 0
        Protected Bytes                 : 0
        Encrypted Bytes                 : 0
     Input
        Secure Channel Received
        Accepted Packets                : 0
        Validated Bytes                 : 0
        Decrypted Bytes                 : 0
  Link Degrade :                      
    Link Monitoring                   :  Disable
  Interface transmit statistics: Disabled

  Logical interface et-0/0/1.0 (Index 85) (SNMP ifIndex 743) (Generation 150)
    Flags: Up SNMP-Traps 0x4004000 Encapsulation: ENET2
    Traffic statistics:
     Input  bytes  :      466403224239852
     Output bytes  :       76418709566968
     Input  packets:         671761672533
     Output packets:          99278518747
     IPv6 total statistics:
     Input  bytes  :                    0
     Output bytes  :                    0
     Input  packets:                    0
     Output packets:                    0
    Local statistics:
     Input  bytes  :            109574252
     Output bytes  :            124987680
     Input  packets:               285353
     Output packets:               285360
    Transit statistics:
     Input  bytes  :      466403114665600           2106906496 bps
     Output bytes  :       76418584579288            315778968 bps
     Input  packets:         671761387180               306778 pps
     Output packets:          99278233387                35128 pps
     IPv6 transit statistics:
      Input  bytes  :                   0
      Output bytes  :                   0
      Input  packets:                   0
      Output packets:                   0
    Protocol aenet, AE bundle: ae1.0, Generation: 188, Route table: 0

--- show interfaces et-0/0/2 extensive ---
iming_metrics {
  queue_time_seconds: 3.4400960430502892e-05
  execution_time_seconds: 2.4805098589858972
}
data: "Physical interface: et-0/0/2, Enabled, Physical link is Up
  Interface index: 143, SNMP ifIndex: 562, Generation: 146
  Description: [R=DR02.CBF101][I=ET-4/1/0][S=ACTIVE][U=CORE]
  Link-level type: Ethernet, MTU: 9212, Speed: 100Gbps, BPDU Error: None, Loop Detect PDU Error: None, Ethernet-Switching Error: None, Loopback: Disabled, Source filtering: Disabled, Flow control: Disabled
  Device flags   : Present Running
  Interface flags: SNMP-Traps Internal: 0x4000
  Link flags     : None
  CoS queues     : 8 supported, 8 maximum usable queues
  Hold-times     : Up 0 ms, Down 0 ms
  Damping        : half-life: 0 sec, max-suppress: 0 sec, reuse: 0, suppress: 0, state: unsuppressed
  Current address: 40:7f:5f:55:22:5f, Hardware address: 40:7f:5f:55:19:57
  Last flapped   : 2026-02-11 09:43:32 UTC (13w1d 13:46 ago)
  Statistics last cleared: 2026-02-11 11:02:56 UTC (13w1d 12:26 ago)
  Traffic statistics:
   Input  bytes  :       39475355433035             45885192 bps
   Output bytes  :      192582649490127            331245184 bps
   Input  packets:         117805279301                13595 pps
   Output packets:         636503759699               154648 pps
   IPv6 transit statistics:
   Input  bytes  :                    0
   Output bytes  :                    0
   Input  packets:                    0
   Output packets:                    0
  Input errors:
    Errors: 0, Drops: 0, Framing errors: 0, Runts: 0, Policed discards: 0, L3 incompletes: 0, L2 channel errors: 0, L2 mismatch timeouts: 0, FIFO errors: 0, Resource errors: 0
  Output errors:
    Carrier transitions: 0, Errors: 0, Drops: 0, Collisions: 0, Aged packets: 0, FIFO errors: 0, HS link CRC errors: 0, MTU errors: 0, Resource errors: 0
  Egress queues: 8 supported, 6 in use
  Queue counters:       Queued packets  Transmitted packets      Dropped packets
    0                     604006239834         604006239834                    0
    1                            23616                23616                    0
    2                             1010                 1010                    0
    3                      32465859781          32465859781                    0
    4                                0                    0                    0
    5                         39728869             39728869                    0
  Queue number:         Mapped forwarding classes
    0                   TC1
    1                   TC2
    2                   TC3
    3                   NC
    4                   TC4
    5                   EF
  Active alarms  : None
  Active defects : None
  PCS statistics                      Seconds
    Bit errors                             0
    Errored blocks                         0
  Ethernet FEC Mode  :                   NONE
  Ethernet FEC statistics              Errors
    FEC Corrected Errors                    0
    FEC Uncorrected Errors                  0
    FEC Corrected Errors Rate               0
    FEC Uncorrected Errors Rate             0
  MAC statistics:                      Receive         Transmit
    Total octets                41597894953818  204049439301918
    Total packets                 117813568929     636511898983
    Unicast packets               117793384480     636492826390
    Broadcast packets                        0            26661
    Multicast packets                 20184447         19045933
    CRC/Align errors                         0                0
    FIFO errors                              0                0
    MAC control frames                       0                0
    MAC pause frames                         0                0
    Oversized frames                         0
    Jabber frames                            0
    Fragment frames                          0
    VLAN tagged frames                       0
    Code violations                          0
  Filter statistics:
    Input packet count            117813569273
    Input packet rejects                     0
    Input DA rejects                         0
    Input SA rejects                         0
    Output packet count                            636511899583
    Output packet pad count                                   0
    Output packet error count                                 0
    CAM destination filters: 0, CAM source filters: 0
  PRBS Mode : Disabled
  Packet Forwarding Engine configuration:
    Destination slot: 0 (0x00)
  CoS information:
    Direction : Output
    CoS transmit queue               Bandwidth               Buffer Priority   Limit
                              %            bps     %           usec
    0 TC1                     5     5000000000     r              0      low    none
    1 TC2                    20    20000000000     r              0 medium-low    none
    2 TC3                    30    30000000000     r              0 medium-high    none
    3 NC                      1     1000000000     r              0     high    none
    4 TC4                    39    39000000000     r              0     high    none
    5 EF                      5     5000000000     r              0 strict-high   exact
  MACSec statistics:
    Output
        Secure Channel Transmitted
        Protected Packets               : 0
        Encrypted Packets               : 0
        Protected Bytes                 : 0
        Encrypted Bytes                 : 0
     Input
        Secure Channel Received
        Accepted Packets                : 0
        Validated Bytes                 : 0
        Decrypted Bytes                 : 0
  Link Degrade :                      
    Link Monitoring                   :  Disable
  Interface transmit statistics: Disabled

  Logical interface et-0/0/2.0 (Index 82) (SNMP ifIndex 754) (Generation 147)
    Flags: Up SNMP-Traps 0x4004000 Encapsulation: ENET2
    Traffic statistics:
     Input  bytes  :       39475461125732
     Output bytes  :      192582665043207
     Input  packets:         117805567292
     Output packets:         636503759699
     IPv6 total statistics:
     Input  bytes  :                    0
     Output bytes  :              1066492
     Input  packets:                    0
     Output packets:                13006
    Local statistics:
     Input  bytes  :            105692697
     Output bytes  :          15137374286
     Input  packets:               287991
     Output packets:             31414941
    Transit statistics:
     Input  bytes  :       39475355433035             45885192 bps
     Output bytes  :      192567527668921            331237952 bps
     Input  packets:         117805279301                13595 pps
     Output packets:         636472344758               154644 pps
     IPv6 transit statistics:
      Input  bytes  :                   0
      Output bytes  :                   0
      Input  packets:                   0
      Output packets:                   0
    Protocol aenet, AE bundle: ae2.0, Generation: 185, Route table: 0

--- show interfaces et-0/0/3 extensive ---
iming_metrics {
  queue_time_seconds: 2.0011268069501966
  execution_time_seconds: 2.4238858610042371
}
data: "Physical interface: et-0/0/3, Enabled, Physical link is Up
  Interface index: 144, SNMP ifIndex: 563, Generation: 147
  Description: [R=CR01.ORD101][I=ET-0/0/7][S=ACTIVE][U=CORE]
  Link-level type: Ethernet, MTU: 9212, Speed: 100Gbps, BPDU Error: None, Loop Detect PDU Error: None, Ethernet-Switching Error: None, Loopback: Disabled, Source filtering: Disabled, Flow control: Disabled
  Device flags   : Present Running
  Interface flags: SNMP-Traps Internal: 0x4000
  Link flags     : None
  CoS queues     : 8 supported, 8 maximum usable queues
  Hold-times     : Up 0 ms, Down 0 ms
  Damping        : half-life: 0 sec, max-suppress: 0 sec, reuse: 0, suppress: 0, state: unsuppressed
  Current address: 40:7f:5f:55:22:60, Hardware address: 40:7f:5f:55:19:5b
  Last flapped   : 2026-04-15 05:56:44 UTC (4w1d 17:33 ago)
  Statistics last cleared: 2026-04-07 20:34:52 UTC (5w2d 02:54 ago)
  Traffic statistics:
   Input  bytes  :      196471553306750            663219112 bps
   Output bytes  :      567133416929826           1988414448 bps
   Input  packets:         423293127129               164774 pps
   Output packets:         776103727651               311017 pps
   IPv6 transit statistics:
   Input  bytes  :                    0
   Output bytes  :                    0
   Input  packets:                    0
   Output packets:                    0
  Input errors:
    Errors: 0, Drops: 0, Framing errors: 0, Runts: 0, Policed discards: 0, L3 incompletes: 0, L2 channel errors: 0, L2 mismatch timeouts: 0, FIFO errors: 0, Resource errors: 0
  Output errors:
    Carrier transitions: 2, Errors: 0, Drops: 0, Collisions: 0, Aged packets: 0, FIFO errors: 0, HS link CRC errors: 0, MTU errors: 0, Resource errors: 0
  Egress queues: 8 supported, 6 in use
  Queue counters:       Queued packets  Transmitted packets      Dropped packets
    0                     711058073732         711058073732                    0
    1                                0                    0                    0
    2                          6983052              6983052                    0
    3                      65040621713          65040621713                    0
    4                            38570                38570                    0
    5                          1287818              1287818                    0
  Queue number:         Mapped forwarding classes
    0                   TC1
    1                   TC2
    2                   TC3
    3                   NC
    4                   TC4
    5                   EF
  Active alarms  : None
  Active defects : None
  PCS statistics                      Seconds
    Bit errors                             1
    Errored blocks                         1
  Ethernet FEC Mode  :                   NONE
  Ethernet FEC statistics              Errors
    FEC Corrected Errors                    0
    FEC Uncorrected Errors                  0
    FEC Corrected Errors Rate               0
    FEC Uncorrected Errors Rate             0
  MAC statistics:                      Receive         Transmit
    Total octets               204091292003486  581104628282739
    Total packets                 423296504797     776107032279
    Unicast packets               423289109546     776099372052
    Broadcast packets                     5831             5822
    Multicast packets                  7389418          7654429
    CRC/Align errors                         0                0
    FIFO errors                              0                0
    MAC control frames                       0                0
    MAC pause frames                         0                0
    Oversized frames                         0
    Jabber frames                            0
    Fragment frames                          0
    VLAN tagged frames                       0
    Code violations                          0
  Filter statistics:
    Input packet count            423296502971
    Input packet rejects                     3
    Input DA rejects                         3
    Input SA rejects                         0
    Output packet count                            776107028871
    Output packet pad count                                   0
    Output packet error count                                 0
    CAM destination filters: 0, CAM source filters: 0
  PRBS Mode : Disabled
  Packet Forwarding Engine configuration:
    Destination slot: 0 (0x00)
  CoS information:
    Direction : Output
    CoS transmit queue               Bandwidth               Buffer Priority   Limit
                              %            bps     %           usec
    0 TC1                     5     5000000000     r              0      low    none
    1 TC2                    20    20000000000     r              0 medium-low    none
    2 TC3                    30    30000000000     r              0 medium-high    none
    3 NC                      1     1000000000     r              0     high    none
    4 TC4                    39    39000000000     r              0     high    none
    5 EF                      5     5000000000     r              0 strict-high   exact
  MACSec statistics:
    Output
        Secure Channel Transmitted
        Protected Packets               : 0
        Encrypted Packets               : 0
        Protected Bytes                 : 0
        Encrypted Bytes                 : 0
     Input
        Secure Channel Received
        Accepted Packets                : 0
        Validated Bytes                 : 0
        Decrypted Bytes                 : 0
  Link Degrade :                      
    Link Monitoring                   :  Disable
  Interface transmit statistics: Disabled

  Logical interface et-0/0/3.0 (Index 83) (SNMP ifIndex 755) (Generation 148)
    Flags: Up SNMP-Traps 0x4004000 Encapsulation: ENET2
    Traffic statistics:
     Input  bytes  :      196471598238815
     Output bytes  :      567133423163532
     Input  packets:         423293242639
     Output packets:         776103727651
     IPv6 total statistics:
     Input  bytes  :                    0
     Output bytes  :               467618
     Input  packets:                    0
     Output packets:                 5397
    Local statistics:
     Input  bytes  :             44932065
     Output bytes  :           1945408909
     Input  packets:               115510
     Output packets:             17037722
    Transit statistics:
     Input  bytes  :      196471553306750            663219112 bps
     Output bytes  :      567131477754623           1988406848 bps
     Input  packets:         423293127129               164774 pps
     Output packets:         776086689929               311013 pps
     IPv6 transit statistics:
      Input  bytes  :                   0
      Output bytes  :                   0
      Input  packets:                   0
      Output packets:                   0
    Protocol aenet, AE bundle: ae3.0, Generation: 186, Route table: 0

--- show interfaces et-1/0/1 extensive ---
iming_metrics {
  queue_time_seconds: 3.8118043448776007e-05
  execution_time_seconds: 2.4828821909613907
}
data: "Physical interface: et-1/0/1, Enabled, Physical link is Up
  Interface index: 172, SNMP ifIndex: 531, Generation: 175
  Description: [R=CR01.CBF101][I=ET-1/0/1][S=ACTIVE][U=CORE]
  Link-level type: Ethernet, MTU: 9212, Speed: 100Gbps, BPDU Error: None, Loop Detect PDU Error: None, Ethernet-Switching Error: None, Loopback: Disabled, Source filtering: Disabled, Flow control: Disabled
  Device flags   : Present Running
  Interface flags: SNMP-Traps Internal: 0x4000
  Link flags     : None
  CoS queues     : 8 supported, 8 maximum usable queues
  Hold-times     : Up 0 ms, Down 0 ms
  Damping        : half-life: 0 sec, max-suppress: 0 sec, reuse: 0, suppress: 0, state: unsuppressed
  Current address: 40:7f:5f:55:22:5e, Hardware address: 40:7f:5f:55:1a:76
  Last flapped   : 2026-02-11 09:44:49 UTC (13w1d 13:45 ago)
  Statistics last cleared: 2026-02-11 11:02:56 UTC (13w1d 12:26 ago)
  Traffic statistics:
   Input  bytes  :      451957641693655             66657792 bps
   Output bytes  :       81562223126470             78429856 bps
   Input  packets:         651874330899                29709 pps
   Output packets:         104183402789                12587 pps
   IPv6 transit statistics:
   Input  bytes  :                    0
   Output bytes  :                    0
   Input  packets:                    0
   Output packets:                    0
  Input errors:
    Errors: 0, Drops: 0, Framing errors: 0, Runts: 0, Policed discards: 0, L3 incompletes: 0, L2 channel errors: 0, L2 mismatch timeouts: 0, FIFO errors: 0, Resource errors: 0
  Output errors:
    Carrier transitions: 0, Errors: 0, Drops: 0, Collisions: 0, Aged packets: 0, FIFO errors: 0, HS link CRC errors: 0, MTU errors: 0, Resource errors: 0
  Egress queues: 8 supported, 6 in use
  Queue counters:       Queued packets  Transmitted packets      Dropped packets
    0                     103351641757         103351641757                    0
    1                             1957                 1957                    0
    2                          9915699              9915699                    0
    3                        828307990            828307990                    0
    4                            24177                24177                    0
    5                          1472987              1472987                    0
  Queue number:         Mapped forwarding classes
    0                   TC1
    1                   TC2
    2                   TC3
    3                   NC
    4                   TC4
    5                   EF
  Active alarms  : None
  Active defects : None
  PCS statistics                      Seconds
    Bit errors                             0
    Errored blocks                         0
  Ethernet FEC Mode  :                   NONE
  Ethernet FEC statistics              Errors
    FEC Corrected Errors                    0
    FEC Uncorrected Errors                  0
    FEC Corrected Errors Rate               0
    FEC Uncorrected Errors Rate             0
  MAC statistics:                      Receive         Transmit
    Total octets               463692393881958   83438091183619
    Total packets                 651882456164     104191369879
    Unicast packets               651863798291     104172303203
    Broadcast packets                    14648            14448
    Multicast packets                 18643225         19052227
    CRC/Align errors                         0                0
    FIFO errors                              0                0
    MAC control frames                       0                0
    MAC pause frames                         0                0
    Oversized frames                         0
    Jabber frames                            0
    Fragment frames                          0
    VLAN tagged frames                       0
    Code violations                          0
  Filter statistics:
    Input packet count            651882457436
    Input packet rejects                     0
    Input DA rejects                         0
    Input SA rejects                         0
    Output packet count                            104191369995
    Output packet pad count                                   0
    Output packet error count                                 0
    CAM destination filters: 0, CAM source filters: 0
  PRBS Mode : Disabled
  Packet Forwarding Engine configuration:
    Destination slot: 0 (0x00)
  CoS information:
    Direction : Output
    CoS transmit queue               Bandwidth               Buffer Priority   Limit
                              %            bps     %           usec
    0 TC1                     5     5000000000     r              0      low    none
    1 TC2                    20    20000000000     r              0 medium-low    none
    2 TC3                    30    30000000000     r              0 medium-high    none
    3 NC                      1     1000000000     r              0     high    none
    4 TC4                    39    39000000000     r              0     high    none
    5 EF                      5     5000000000     r              0 strict-high   exact
  MACSec statistics:
    Output
        Secure Channel Transmitted
        Protected Packets               : 0
        Encrypted Packets               : 0
        Protected Bytes                 : 0
        Encrypted Bytes                 : 0
     Input
        Secure Channel Received
        Accepted Packets                : 0
        Validated Bytes                 : 0
        Decrypted Bytes                 : 0
  Link Degrade :                      
    Link Monitoring                   :  Disable
  Interface transmit statistics: Disabled

  Logical interface et-1/0/1.0 (Index 84) (SNMP ifIndex 744) (Generation 149)
    Flags: Up SNMP-Traps 0x4004000 Encapsulation: ENET2
    Traffic statistics:
     Input  bytes  :      451957752567110
     Output bytes  :       81562238680848
     Input  packets:         651874618882
     Output packets:         104183402798
     IPv6 total statistics:
     Input  bytes  :                    0
     Output bytes  :              1068832
     Input  packets:                    0
     Output packets:                13036
    Local statistics:
     Input  bytes  :            110873455
     Output bytes  :          51285549598
     Input  packets:               287983
     Output packets:            173247241
    Transit statistics:
     Input  bytes  :      451957641693655             66657792 bps
     Output bytes  :       81510953131250             78403872 bps
     Input  packets:         651874330899                29709 pps
     Output packets:         104010155557                12556 pps
     IPv6 transit statistics:
      Input  bytes  :                   0
      Output bytes  :                   0
      Input  packets:                   0
      Output packets:                   0
    Protocol aenet, AE bundle: ae1.0, Generation: 187, Route table: 0

--- show interfaces ae0 extensive ---
iming_metrics {
  queue_time_seconds: 1.0007550030131824
  execution_time_seconds: 2.4198443389614113
}
data: "Physical interface: ae0, Enabled, Physical link is Up
  Interface index: 128, SNMP ifIndex: 740, Generation: 131
  Description: [R=RR02.CBF101][I=AE0][S=ACTIVE][U=CORE]
  Link-level type: Ethernet, MTU: 9212, Speed: 100Gbps, BPDU Error: None, Ethernet-Switching Error: None, MAC-REWRITE Error: None, Loopback: Disabled, Source filtering: Disabled, Flow control: Disabled, Minimum links needed: 1, Minimum bandwidth needed: 1bps
  Device flags   : Present Running
  Interface flags: SNMP-Traps Internal: 0x4000
  Current address: 40:7f:5f:55:22:5d, Hardware address: 40:7f:5f:55:22:5d
  Last flapped   : 2026-02-24 08:10:04 UTC (11w2d 15:19 ago)
  Statistics last cleared: 2026-02-11 11:02:56 UTC (13w1d 12:27 ago)
  Traffic statistics:
   Input  bytes  :          80687898759                97144 bps
   Output bytes  :          91591467320               128352 bps
   Input  packets:            434985611                   67 pps
   Output packets:            423318304                   65 pps
   IPv6 transit statistics:
   Input  bytes  :                    0
   Output bytes  :                    0
   Input  packets:                    0
   Output packets:                    0
  MAC statistics:                      Receive         Transmit
    Broadcast packets                    14477            14576
    Multicast packets                 22567385         19040676
  Input errors:
    Errors: 0, Drops: 0, Framing errors: 0, Runts: 0, Giants: 0, Policed discards: 0, Resource errors: 0
  Output errors:
    Carrier transitions: 4, Errors: 0, Drops: 0, MTU errors: 0, Resource errors: 0
  Egress queues: 8 supported, 6 in use
  Queue counters:       Queued packets  Transmitted packets      Dropped packets
    0                         38501406             38501406                    0
    1                              197                  197                    0
    2                                0                    0                    0
    3                        392804188            392804188                    0
    4                                0                    0                    0
    5                                0                    0                    0
  Queue number:         Mapped forwarding classes
    0                   TC1
    1                   TC2
    2                   TC3
    3                   NC
    4                   TC4
    5                   EF

  Logical interface ae0.0 (Index 67) (SNMP ifIndex 741) (Generation 132)
    Flags: Up SNMP-Traps 0x4004000 Encapsulation: ENET2
    Statistics        Packets        pps         Bytes          bps
    Bundle:
        Input :     434985611         67   80687898759        97144
        Output:     423030333         64   91480886456       123952
    Adaptive Statistics:
        Adaptive Adjusts:          0
        Adaptive Scans  :          0
        Adaptive Updates:          0
    Link:
      et-0/0/0.0
        Input :     434985611         67   80687898759        97144
        Output:     423318304         64   91607017754       123952


    Aggregate member links: 1

    LACP info:        Role     System             System       Port     Port    Port 
                             priority         identifier   priority   number     key 
      et-0/0/0.0     Actor        127  40:7f:5f:55:22:5a        127        1       1
      et-0/0/0.0   Partner        127  98:49:25:1a:a8:00        127        1       1
    LACP Statistics:       LACP Rx     LACP Tx   Unknown Rx   Illegal Rx 
      et-0/0/0.0           7986297     7987706            0            0
    Marker Statistics:   Marker Rx     Resp Tx   Unknown Rx   Illegal Rx
      et-0/0/0.0                 0           0            0            0
    Protocol inet, MTU: 9198
    Max nh cache: 100000, New hold nh limit: 100000, Curr nh cnt: 1, Curr new hold cnt: 0, NH drop cnt: 0
    Generation: 154, Route table: 0
      Flags: Sendbcast-pkt-to-re
      Addresses, Flags: Is-Preferred Is-Primary
        Destination: 192.119.18.118/31, Local: 192.119.18.118, Broadcast: Unspecified, Generation: 148
    Protocol iso, MTU: 9195, Generation: 155, Route table: 0
      Flags: Is-Primary
    Protocol inet6, MTU: 9198
    Max nh cache: 100000, New hold nh limit: 100000, Curr nh cnt: 1, Curr new hold cnt: 0, NH drop cnt: 0
    Generation: 156, Route table: 0
      Flags: Is-Primary
      Addresses, Flags: Is-Preferred
        Destination: fe80::/64, Local: fe80::427f:5fff:fe55:225d
    Protocol mpls, MTU: 9178, Maximum labels: 5, Generation: 150
    Generation: 157, Route table: 0
      Flags: Is-Primary
    Protocol multiservice, MTU: Unlimited, Generation: 158, Route table: 0
      Flags: Is-Primary

--- show interfaces et-0/0/0.0 ---
iming_metrics {
  queue_time_seconds: 4.3980020564049482e-05
  execution_time_seconds: 2.4164245320134796
}
data: "  Logical interface et-0/0/0.0 (Index 81) (SNMP ifIndex 742)
    Flags: Up SNMP-Traps 0x4004000 Encapsulation: ENET2
    Input packets : 435273975
    Output packets: 423318680
    Protocol aenet, AE bundle: ae0.0

--- show interfaces ae1 extensive ---
iming_metrics {
  queue_time_seconds: 3.3880991395562887e-05
  execution_time_seconds: 2.4327357030124404
}
data: "Physical interface: ae1, Enabled, Physical link is Up
  Interface index: 129, SNMP ifIndex: 746, Generation: 132
  Description: [R=CR01.CBF101][A=AE1][S=ACTIVE][U=CORE]
  Link-level type: Ethernet, MTU: 9212, Speed: 200Gbps, BPDU Error: None, Ethernet-Switching Error: None, MAC-REWRITE Error: None, Loopback: Disabled, Source filtering: Disabled, Flow control: Disabled, Minimum links needed: 1, Minimum bandwidth needed: 1bps
  Device flags   : Present Running
  Interface flags: SNMP-Traps Internal: 0x4000
  Current address: 40:7f:5f:55:22:5e, Hardware address: 40:7f:5f:55:22:5e
  Last flapped   : 2026-02-11 09:44:51 UTC (13w1d 13:45 ago)
  Statistics last cleared: 2026-02-11 11:02:56 UTC (13w1d 12:27 ago)
  Traffic statistics:
   Input  bytes  :      918370866545374           1903211968 bps
   Output bytes  :      157982572243225            342747656 bps
   Input  packets:        1323647891284               298559 pps
   Output packets:         203463505014                40335 pps
   IPv6 transit statistics:
   Input  bytes  :                    0
   Output bytes  :                    0
   Input  packets:                    0
   Output packets:                    0
  MAC statistics:                      Receive         Transmit
    Broadcast packets                    14648            14448
    Multicast packets                 26843640         27252861
  Input errors:
    Errors: 0, Drops: 0, Framing errors: 0, Runts: 0, Giants: 0, Policed discards: 0, Resource errors: 0
  Output errors:
    Carrier transitions: 0, Errors: 0, Drops: 0, MTU errors: 0, Resource errors: 0
  Egress queues: 8 supported, 6 in use
  Queue counters:       Queued packets  Transmitted packets      Dropped packets
    0                     202037257210         202037257210                    0
    1                             3896                 3896                    0
    2                         19646020             19646020                    0
    3                       1420641029           1420641029                    0
    4                            49841                49841                    0
    5                          1806884              1806884                    0
  Queue number:         Mapped forwarding classes
    0                   TC1
    1                   TC2
    2                   TC3
    3                   NC
    4                   TC4
    5                   EF

  Logical interface ae1.0 (Index 70) (SNMP ifIndex 750) (Generation 135)
    Flags: Up SNMP-Traps 0x4004000 Encapsulation: ENET2
    Statistics        Packets        pps         Bytes          bps
    Bundle:
        Input : 1323647891284     298559 918370866545374   1903211968
        Output:  203462931648      40270 157982354082156    342523040
    Adaptive Statistics:
        Adaptive Adjusts:          0
        Adaptive Scans  :          0
        Adaptive Updates:          0
    Link:
      et-1/0/1.0
        Input :  651875068012      32570 451957856084421     80635080
        Output:  104183678651       8451 81562466351593     43718944
      et-0/0/1.0
        Input :  671772823272     265989 466413010460953   1822576888
        Output:   99279826382      31819 76420136857032    298804096


    Aggregate member links: 2

    LACP info:        Role     System             System       Port     Port    Port 
                             priority         identifier   priority   number     key 
      et-1/0/1.0     Actor        127  40:7f:5f:55:22:5a        127        4       2
      et-1/0/1.0   Partner        127  b0:eb:7f:96:5e:44        127        5       2
      et-0/0/1.0     Actor        127  40:7f:5f:55:22:5a        127        5       2
      et-0/0/1.0   Partner        127  b0:eb:7f:96:5e:44        127        7       2
    LACP Statistics:       LACP Rx     LACP Tx   Unknown Rx   Illegal Rx 
      et-1/0/1.0           7988986     7989264            0            0
      et-0/0/1.0           7914987     7915194            0            0
    Marker Statistics:   Marker Rx     Resp Tx   Unknown Rx   Illegal Rx
      et-1/0/1.0                 0           0            0            0
      et-0/0/1.0                 0           0            0            0
    Protocol inet, MTU: 9198
    Max nh cache: 100000, New hold nh limit: 100000, Curr nh cnt: 1, Curr new hold cnt: 0, NH drop cnt: 0
    Generation: 159, Route table: 0
      Flags: Sendbcast-pkt-to-re
      Addresses, Flags: Is-Preferred Is-Primary
        Destination: 192.119.18.130/31, Local: 192.119.18.131, Broadcast: Unspecified, Generation: 152
    Protocol iso, MTU: 9195, Generation: 160, Route table: 0
    Protocol inet6, MTU: 9198
    Max nh cache: 100000, New hold nh limit: 100000, Curr nh cnt: 1, Curr new hold cnt: 0, NH drop cnt: 0
    Generation: 161, Route table: 0
      Addresses, Flags: Is-Preferred
        Destination: fe80::/64, Local: fe80::427f:5fff:fe55:225e
    Protocol mpls, MTU: 9178, Maximum labels: 5, Generation: 154
    Protocol multiservice, MTU: Unlimited, Generation: 162, Route table: 0
    Generation: 163, Route table: 0

--- show interfaces et-1/0/1.0 ---
iming_metrics {
  queue_time_seconds: 3.408902557566762e-05
  execution_time_seconds: 2.3857258000061847
}
data: "  Logical interface et-1/0/1.0 (Index 84) (SNMP ifIndex 744)
    Flags: Up SNMP-Traps 0x4004000 Encapsulation: ENET2
    Input packets : 651875535722
    Output packets: 104183744586
    Protocol aenet, AE bundle: ae1.0

--- show interfaces et-0/0/1.0 ---
iming_metrics {
  queue_time_seconds: 3.53799550794065e-05
  execution_time_seconds: 2.4065250650164671
}
data: "  Logical interface et-0/0/1.0 (Index 85) (SNMP ifIndex 743)
    Flags: Up SNMP-Traps 0x4004000 Encapsulation: ENET2
    Input packets : 671775885612
    Output packets: 99280119716
    Protocol aenet, AE bundle: ae1.0

--- show interfaces ae2 extensive ---
iming_metrics {
  queue_time_seconds: 4.5841967221349478e-05
  execution_time_seconds: 2.4241936900070868
}
data: "Physical interface: ae2, Enabled, Physical link is Up
  Interface index: 130, SNMP ifIndex: 747, Generation: 133
  Description: [R=DR02.CBF101][I=AE1][S=ACTIVE][U=CORE]
  Link-level type: Ethernet, MTU: 9212, Speed: 100Gbps, BPDU Error: None, Ethernet-Switching Error: None, MAC-REWRITE Error: None, Loopback: Disabled, Source filtering: Disabled, Flow control: Disabled, Minimum links needed: 1, Minimum bandwidth needed: 1bps
  Device flags   : Present Running
  Interface flags: SNMP-Traps Internal: 0x4000
  Current address: 40:7f:5f:55:22:5f, Hardware address: 40:7f:5f:55:22:5f
  Last flapped   : 2026-02-11 09:43:34 UTC (13w1d 13:46 ago)
  Statistics last cleared: 2026-02-11 11:02:56 UTC (13w1d 12:27 ago)
  Traffic statistics:
   Input  bytes  :       39475522371210             23375152 bps
   Output bytes  :      192584428455891            267793208 bps
   Input  packets:         117805911080                12050 pps
   Output packets:         636510620232               136760 pps
   IPv6 transit statistics:
   Input  bytes  :                    0
   Output bytes  :                    0
   Input  packets:                    0
   Output packets:                    0
  MAC statistics:                      Receive         Transmit
    Broadcast packets                        0            26661
    Multicast packets                 20184583         19046063
  Input errors:
    Errors: 0, Drops: 0, Framing errors: 0, Runts: 0, Giants: 0, Policed discards: 0, Resource errors: 0
  Output errors:
    Carrier transitions: 0, Errors: 0, Drops: 0, MTU errors: 0, Resource errors: 0
  Egress queues: 8 supported, 6 in use
  Queue counters:       Queued packets  Transmitted packets      Dropped packets
    0                     604012715083         604012715083                    0
    1                            23616                23616                    0
    2                             1010                 1010                    0
    3                      32466182248          32466182248                    0
    4                                0                    0                    0
    5                         39729315             39729315                    0
  Queue number:         Mapped forwarding classes
    0                   TC1
    1                   TC2
    2                   TC3
    3                   NC
    4                   TC4
    5                   EF

  Logical interface ae2.0 (Index 71) (SNMP ifIndex 752) (Generation 136)
    Flags: Up SNMP-Traps 0x4004000 Encapsulation: ENET2
    Statistics        Packets        pps         Bytes          bps
    Bundle:
        Input :  117805911080      12050 39475522371210     23375152
        Output:  636510332210     136757 192584319871597    267789480
    Adaptive Statistics:
        Adaptive Adjusts:          0
        Adaptive Scans  :          0
        Adaptive Updates:          0
    Link:
      et-0/0/2.0
        Input :  117805911080      12050 39475522371210     23375152
        Output:  636510620232     136757 192584444009079    267789480


    Aggregate member links: 1

    LACP info:        Role     System             System       Port     Port    Port 
                             priority         identifier   priority   number     key 
      et-0/0/2.0     Actor        127  40:7f:5f:55:22:5a        127        2       3
      et-0/0/2.0   Partner        127  28:8a:1c:c3:d2:c0        127       22       2
    LACP Statistics:       LACP Rx     LACP Tx   Unknown Rx   Illegal Rx 
      et-0/0/2.0           7993566     7988712            0            0
    Marker Statistics:   Marker Rx     Resp Tx   Unknown Rx   Illegal Rx
      et-0/0/2.0                 0           0            0            0
    Protocol inet, MTU: 9198
    Max nh cache: 100000, New hold nh limit: 100000, Curr nh cnt: 1, Curr new hold cnt: 0, NH drop cnt: 0
    Generation: 164, Route table: 0
      Flags: Sendbcast-pkt-to-re
      Addresses, Flags: Is-Preferred Is-Primary
        Destination: 192.119.18.44/31, Local: 192.119.18.45, Broadcast: Unspecified, Generation: 156
    Protocol iso, MTU: 9195, Generation: 165, Route table: 0
    Protocol inet6, MTU: 9198
    Max nh cache: 100000, New hold nh limit: 100000, Curr nh cnt: 1, Curr new hold cnt: 0, NH drop cnt: 0
    Generation: 166, Route table: 0
      Addresses, Flags: Is-Preferred
        Destination: fe80::/64, Local: fe80::427f:5fff:fe55:225f
    Protocol mpls, MTU: 9178, Maximum labels: 5, Generation: 158
    Protocol multiservice, MTU: Unlimited, Generation: 167, Route table: 0
    Generation: 168, Route table: 0

--- show interfaces et-0/0/2.0 ---
iming_metrics {
  queue_time_seconds: 4.0811020880937576e-05
  execution_time_seconds: 2.388874735974241
}
data: "  Logical interface et-0/0/2.0 (Index 82) (SNMP ifIndex 754)
    Flags: Up SNMP-Traps 0x4004000 Encapsulation: ENET2
    Input packets : 117806280271
    Output packets: 636511423272
    Protocol aenet, AE bundle: ae2.0

--- show interfaces ae3 extensive ---
iming_metrics {
  queue_time_seconds: 3.5163015127182007e-05
  execution_time_seconds: 2.4369337059906684
}
data: "Physical interface: ae3, Enabled, Physical link is Up
  Interface index: 131, SNMP ifIndex: 748, Generation: 134
  Description: [R=CR01.ORD101][A=AE5][C=LEVEL3=BDJJ3534][S=ACTIVE][U=CORE]
  Link-level type: Ethernet, MTU: 9212, Speed: 100Gbps, BPDU Error: None, Ethernet-Switching Error: None, MAC-REWRITE Error: None, Loopback: Disabled, Source filtering: Disabled, Flow control: Disabled, Minimum links needed: 1, Minimum bandwidth needed: 1bps
  Device flags   : Present Running
  Interface flags: SNMP-Traps Internal: 0x4000
  Current address: 40:7f:5f:55:22:60, Hardware address: 40:7f:5f:55:22:60
  Last flapped   : 2026-04-15 05:56:46 UTC (4w1d 17:33 ago)
  Statistics last cleared: 2026-02-11 11:02:56 UTC (13w1d 12:27 ago)
  Traffic statistics:
   Input  bytes  :      339426077063974            522966264 bps
   Output bytes  :      946361947331990           1868502008 bps
   Input  packets:         773611808818               153947 pps
   Output packets:        1375107626126               300439 pps
   IPv6 transit statistics:
   Input  bytes  :                    0
   Output bytes  :                    0
   Input  packets:                    0
   Output packets:                    0
  MAC statistics:                      Receive         Transmit
    Broadcast packets                    12745            12817
    Multicast packets                 16178143         16756173
  Input errors:
    Errors: 1, Drops: 0, Framing errors: 1, Runts: 0, Giants: 0, Policed discards: 0, Resource errors: 0
  Output errors:
    Carrier transitions: 6, Errors: 0, Drops: 0, MTU errors: 0, Resource errors: 0
  Egress queues: 8 supported, 6 in use
  Queue counters:       Queued packets  Transmitted packets      Dropped packets
    0                    1239086006947        1239086006947                    0
    1                                4                    4                    0
    2                         15487860             15487860                    0
    3                     136010364641         136010364641                    0
    4                           143186               143186                    0
    5                          2879400              2879400                    0
  Queue number:         Mapped forwarding classes
    0                   TC1
    1                   TC2
    2                   TC3
    3                   NC
    4                   TC4
    5                   EF

  Logical interface ae3.0 (Index 72) (SNMP ifIndex 753) (Generation 137)
    Flags: Up SNMP-Traps 0x4004000 Encapsulation: ENET2
    Statistics        Packets        pps         Bytes          bps
    Bundle:
        Input :  773611808818     153947 339426077063974    522966264
        Output: 1375107372971     300430 946361851892555   1868495536
    Adaptive Statistics:
        Adaptive Adjusts:          0
        Adaptive Scans  :          0
        Adaptive Updates:          0
    Link:
      et-0/0/3.0
        Input :  773611808818     153947 339426077063974    522966264
        Output: 1375107626126     300430 946361961002360   1868495536


    Aggregate member links: 1

    LACP info:        Role     System             System       Port     Port    Port 
                             priority         identifier   priority   number     key 
      et-0/0/3.0     Actor        127  40:7f:5f:55:22:5a        127        3       4
      et-0/0/3.0   Partner        127  ac:78:d1:64:8c:99        127       13       6
    LACP Statistics:       LACP Rx     LACP Tx   Unknown Rx   Illegal Rx 
      et-0/0/3.0           7026706     7022685            0            0
    Marker Statistics:   Marker Rx     Resp Tx   Unknown Rx   Illegal Rx
      et-0/0/3.0                 0           0            0            0
    Protocol inet, MTU: 9198
    Max nh cache: 100000, New hold nh limit: 100000, Curr nh cnt: 1, Curr new hold cnt: 0, NH drop cnt: 0
    Generation: 169, Route table: 0
      Flags: Sendbcast-pkt-to-re
      Addresses, Flags: Is-Preferred Is-Primary
        Destination: 192.119.18.36/31, Local: 192.119.18.37, Broadcast: Unspecified, Generation: 160
    Protocol iso, MTU: 9195, Generation: 170, Route table: 0
    Protocol inet6, MTU: 9198
    Max nh cache: 100000, New hold nh limit: 100000, Curr nh cnt: 1, Curr new hold cnt: 0, NH drop cnt: 0
    Generation: 171, Route table: 0
      Addresses, Flags: Is-Preferred
        Destination: fe80::/64, Local: fe80::427f:5fff:fe55:2260
    Protocol mpls, MTU: 9178, Maximum labels: 5, Generation: 162
    Protocol multiservice, MTU: Unlimited, Generation: 172, Route table: 0
    Generation: 173, Route table: 0

--- show interfaces et-0/0/3.0 ---
iming_metrics {
  queue_time_seconds: 4.9165042582899332e-05
  execution_time_seconds: 2.4197491600061767
}
data: "  Logical interface et-0/0/3.0 (Index 83) (SNMP ifIndex 755)
    Flags: Up SNMP-Traps 0x4004000 Encapsulation: ENET2
    Input packets : 423303349241
    Output packets: 776122963167
    Protocol aenet, AE bundle: ae3.0

--- Processed Data ---
{
    "role": "backbone",
    "year": 2024,
    "et-0/0/0": {
        "neighbor": "RR02.CBF101",
        "Circuit": "SR",
        "description": "  Description: [R=RR02.CBF101][I=ET-0/0/0][A=AE0][S=ACTIVE][U=CORE]",
        "speed": "100Gbps",
        "speed_human": 100000000000,
        "input_bps": 81704,
        "input_bps_percent": 8.1704e-05,
        "output_bps": 111264,
        "output_bps_percent": 0.000111264,
        "input_pps": 58,
        "output_pps": 54,
        "ae_list": [],
        "member_speeds": {},
        "is_400g_upgraded": false,
        "upgrade_status": "Not upgraded"
    },
    "et-0/0/1": {
        "neighbor": "CR01.CBF101",
        "Circuit": "SR",
        "description": "  Description: [R=CR01.CBF101][I=ET-0/0/1][A=AE1][S=ACTIVE][U=CORE]",
        "speed": "100Gbps",
        "speed_human": 100000000000,
        "input_bps": 2106906496,
        "input_bps_percent": 2.106906496,
        "output_bps": 315778968,
        "output_bps_percent": 0.315778968,
        "input_pps": 306778,
        "output_pps": 35128,
        "ae_list": [],
        "member_speeds": {},
        "is_400g_upgraded": false,
        "upgrade_status": "Not upgraded"
    },
    "et-0/0/2": {
        "neighbor": "DR02.CBF101",
        "Circuit": "SR",
        "description": "  Description: [R=DR02.CBF101][I=ET-4/1/0][S=ACTIVE][U=CORE]",
        "speed": "100Gbps",
        "speed_human": 100000000000,
        "input_bps": 45885192,
        "input_bps_percent": 0.045885192,
        "output_bps": 331245184,
        "output_bps_percent": 0.33124518399999997,
        "input_pps": 13595,
        "output_pps": 154648,
        "ae_list": [],
        "member_speeds": {},
        "is_400g_upgraded": false,
        "upgrade_status": "Not upgraded"
    },
    "et-0/0/3": {
        "neighbor": "CR01.ORD101",
        "Circuit": "LR",
        "description": "  Description: [R=CR01.ORD101][I=ET-0/0/7][S=ACTIVE][U=CORE]",
        "speed": "100Gbps",
        "speed_human": 100000000000,
        "input_bps": 663219112,
        "input_bps_percent": 0.663219112,
        "output_bps": 1988414448,
        "output_bps_percent": 1.9884144480000001,
        "input_pps": 164774,
        "output_pps": 311017,
        "ae_list": [],
        "member_speeds": {},
        "is_400g_upgraded": false,
        "upgrade_status": "Not upgraded"
    },
    "et-1/0/1": {
        "neighbor": "CR01.CBF101",
        "Circuit": "SR",
        "description": "  Description: [R=CR01.CBF101][I=ET-1/0/1][S=ACTIVE][U=CORE]",
        "speed": "100Gbps",
        "speed_human": 100000000000,
        "input_bps": 66657792,
        "input_bps_percent": 0.06665779200000001,
        "output_bps": 78429856,
        "output_bps_percent": 0.078429856,
        "input_pps": 29709,
        "output_pps": 12587,
        "ae_list": [],
        "member_speeds": {},
        "is_400g_upgraded": false,
        "upgrade_status": "Not upgraded"
    },
    "ae0": {
        "neighbor": "RR02.CBF101",
        "Circuit": "SR",
        "description": "  Description: [R=RR02.CBF101][I=AE0][S=ACTIVE][U=CORE]",
        "speed": "100Gbps",
        "speed_human": 100000000000,
        "input_bps": 97144,
        "input_bps_percent": 9.714399999999999e-05,
        "output_bps": 128352,
        "output_bps_percent": 0.000128352,
        "input_pps": 67,
        "output_pps": 65,
        "ae_list": [
            "et-0/0/0.0"
        ],
        "member_speeds": {
            "et-0/0/0.0": "Unknown"
        },
        "is_400g_upgraded": false,
        "upgrade_status": "Not upgraded"
    },
    "ae1": {
        "neighbor": "CR01.CBF101",
        "Circuit": "SR",
        "description": "  Description: [R=CR01.CBF101][A=AE1][S=ACTIVE][U=CORE]",
        "speed": "200Gbps",
        "speed_human": 200000000000,
        "input_bps": 1903211968,
        "input_bps_percent": 0.9516059840000001,
        "output_bps": 342747656,
        "output_bps_percent": 0.171373828,
        "input_pps": 298559,
        "output_pps": 40335,
        "ae_list": [
            "et-1/0/1.0",
            "et-0/0/1.0"
        ],
        "member_speeds": {
            "et-1/0/1.0": "Unknown",
            "et-0/0/1.0": "Unknown"
        },
        "is_400g_upgraded": false,
        "upgrade_status": "Not upgraded"
    },
    "ae2": {
        "neighbor": "DR02.CBF101",
        "Circuit": "SR",
        "description": "  Description: [R=DR02.CBF101][I=AE1][S=ACTIVE][U=CORE]",
        "speed": "100Gbps",
        "speed_human": 100000000000,
        "input_bps": 23375152,
        "input_bps_percent": 0.023375152,
        "output_bps": 267793208,
        "output_bps_percent": 0.267793208,
        "input_pps": 12050,
        "output_pps": 136760,
        "ae_list": [
            "et-0/0/2.0"
        ],
        "member_speeds": {
            "et-0/0/2.0": "Unknown"
        },
        "is_400g_upgraded": false,
        "upgrade_status": "Not upgraded"
    },
    "ae3": {
        "neighbor": "CR01.ORD101",
        "Circuit": "LR",
        "description": "  Description: [R=CR01.ORD101][A=AE5][C=LEVEL3=BDJJ3534][S=ACTIVE][U=CORE]",
        "speed": "100Gbps",
        "speed_human": 100000000000,
        "input_bps": 522966264,
        "input_bps_percent": 0.522966264,
        "output_bps": 1868502008,
        "output_bps_percent": 1.8685020079999999,
        "input_pps": 153947,
        "output_pps": 300439,
        "ae_list": [
            "et-0/0/3.0"
        ],
        "member_speeds": {
            "et-0/0/3.0": "Unknown"
        },
        "is_400g_upgraded": false,
        "upgrade_status": "Not upgraded"
    }
}
