Processing device: pr01.sat102

--- show version ---
iming_metrics {
  queue_time_seconds: 3.1010247766971588e-05
  execution_time_seconds: 5.384663843549788
}
data: "Hostname: re0-pr01.sat102
Model: mx960
Junos: 22.2R3-S1.9
JUNOS OS Kernel 64-bit  [20230512.628256f_builder_stable_12_222]
JUNOS OS libs [20230512.628256f_builder_stable_12_222]
JUNOS OS runtime [20230512.628256f_builder_stable_12_222]
JUNOS OS time zone information [20230512.628256f_builder_stable_12_222]
JUNOS network stack and utilities [20230610.093001_builder_junos_222_r3_s1]
JUNOS libs [20230610.093001_builder_junos_222_r3_s1]
JUNOS OS libs compat32 [20230512.628256f_builder_stable_12_222]
JUNOS OS 32-bit compatibility [20230512.628256f_builder_stable_12_222]
JUNOS libs compat32 [20230610.093001_builder_junos_222_r3_s1]
JUNOS runtime [20230610.093001_builder_junos_222_r3_s1]
JUNOS sflow mx [20230610.093001_builder_junos_222_r3_s1]
JUNOS py extensions [20230610.093001_builder_junos_222_r3_s1]
JUNOS py base [20230610.093001_builder_junos_222_r3_s1]
JUNOS OS crypto [20230512.628256f_builder_stable_12_222]
JUNOS OS boot-ve files [20230512.628256f_builder_stable_12_222]
JUNOS na telemetry [22.2R3-S1.9]
JUNOS Security Intelligence [20230610.093001_builder_junos_222_r3_s1]
JUNOS mx libs compat32 [20230610.093001_builder_junos_222_r3_s1]
JUNOS mx runtime [20230610.093001_builder_junos_222_r3_s1]
JUNOS RPD Telemetry Application [22.2R3-S1.9]
JUNOS Routing mpls-oam-basic [20230610.093001_builder_junos_222_r3_s1]
JUNOS Routing mpls-oam-advanced [20230610.093001_builder_junos_222_r3_s1]
JUNOS Routing lsys [20230610.093001_builder_junos_222_r3_s1]
JUNOS Routing controller-internal [20230610.093001_builder_junos_222_r3_s1]
JUNOS Routing controller-external [20230610.093001_builder_junos_222_r3_s1]
JUNOS Routing 32-bit Compatible Version [20230610.093001_builder_junos_222_r3_s1]
JUNOS Routing aggregated [20230610.093001_builder_junos_222_r3_s1]
Redis [20230610.093001_builder_junos_222_r3_s1]
JUNOS probe utility [20230610.093001_builder_junos_222_r3_s1]
JUNOS common platform support [20230610.093001_builder_junos_222_r3_s1]
JUNOS Openconfig [22.2R3-S1.9]
JUNOS mtx network modules [20230610.093001_builder_junos_222_r3_s1]
JUNOS modules [20230610.093001_builder_junos_222_r3_s1]
JUNOS mx modules [20230610.093001_builder_junos_222_r3_s1]
JUNOS mx libs [20230610.093001_builder_junos_222_r3_s1]
JUNOS L2 RSI Scripts [20230610.093001_builder_junos_222_r3_s1]
JUNOS SQL Sync Daemon [20230610.093001_builder_junos_222_r3_s1]
JUNOS mtx Data Plane Crypto Support [20230610.093001_builder_junos_222_r3_s1]
JUNOS daemons [20230610.093001_builder_junos_222_r3_s1]
JUNOS mx daemons [20230610.093001_builder_junos_222_r3_s1]
JUNOS Broadband Edge User Plane Apps [22.2R3-S1.9]
JUNOS appidd-mx application-identification daemon [20230610.093001_builder_junos_222_r3_s1]
JUNOS Services URL Filter package [20230610.093001_builder_junos_222_r3_s1]
JUNOS Services TLB Service PIC package [20230610.093001_builder_junos_222_r3_s1]
JUNOS Services Telemetry [20230610.093001_builder_junos_222_r3_s1]
JUNOS Services TCP-LOG [20230610.093001_builder_junos_222_r3_s1]
JUNOS Services SSL [20230610.093001_builder_junos_222_r3_s1]
JUNOS Services SOFTWIRE [20230610.093001_builder_junos_222_r3_s1]
JUNOS Services Stateful Firewall [20230610.093001_builder_junos_222_r3_s1]
JUNOS Services RTCOM [20230610.093001_builder_junos_222_r3_s1]
JUNOS Services RPM [20230610.093001_builder_junos_222_r3_s1]
JUNOS Services PCEF package [20230610.093001_builder_junos_222_r3_s1]
JUNOS Services NAT [20230610.093001_builder_junos_222_r3_s1]
JUNOS Services Mobile Subscriber Service Container package [20230610.093001_builder_junos_222_r3_s1]
JUNOS Services MobileNext Software package [20230610.093001_builder_junos_222_r3_s1]
JUNOS Services Logging Report Framework package [20230610.093001_builder_junos_222_r3_s1]
JUNOS Services LL-PDF Container package [20230610.093001_builder_junos_222_r3_s1]
JUNOS Services Jflow Container package [20230610.093001_builder_junos_222_r3_s1]
JUNOS Services Deep Packet Inspection package [20230610.093001_builder_junos_222_r3_s1]
JUNOS Services IPSec [20230610.093001_builder_junos_222_r3_s1]
JUNOS Services IDS [20230610.093001_builder_junos_222_r3_s1]
JUNOS IDP Services [20230610.093001_builder_junos_222_r3_s1]
JUNOS Services HTTP Content Management package [20230610.093001_builder_junos_222_r3_s1]
JUNOS Services DNS Filter package (i386) [20230610.093001_builder_junos_222_r3_s1] 
JUNOS Services Crypto [20230610.093001_builder_junos_222_r3_s1]
JUNOS Services Captive Portal and Content Delivery Container package [20230610.093001_builder_junos_222_r3_s1]
JUNOS Services COS [20230610.093001_builder_junos_222_r3_s1]
JUNOS AppId Services [20230610.093001_builder_junos_222_r3_s1]
JUNOS Services Application Level Gateways [20230610.093001_builder_junos_222_r3_s1]
JUNOS Services AACL Container package [20230610.093001_builder_junos_222_r3_s1]
JUNOS SDN Software Suite [20230610.093001_builder_junos_222_r3_s1]
JUNOS Extension Toolkit [20230610.093001_builder_junos_222_r3_s1]
JUNOS Phone-home [20230610.093001_builder_junos_222_r3_s1]
JUNOS Packet Forwarding Engine Support (wrlinux9) [20230610.093001_builder_junos_222_r3_s1]
JUNOS Packet Forwarding Engine Support (MXSPC3) [22.2R3-S1.9]
JUNOS Packet Forwarding Engine Support (MX/EX92XX Common) [20230610.093001_builder_junos_222_r3_s1]
JUNOS Packet Forwarding Engine Support (M/T Common) [20230610.093001_builder_junos_222_r3_s1]
JUNOS Packet Forwarding Engine Support (aft) [20230610.093001_builder_junos_222_r3_s1]
JUNOS Packet Forwarding Engine Support (MX Common) [20230610.093001_builder_junos_222_r3_s1]
JUNOS Juniper Malware Removal Tool (JMRT) [1.0.0+20230610.093001_builder_junos_222_r3_s1]
JUNOS J-Insight [20230610.093001_builder_junos_222_r3_s1]
JUNOS jfirmware [20230518.103303_builder_junos_222_r3_s1]
JUNOS Online Documentation [20230610.093001_builder_junos_222_r3_s1]
JUNOS jail runtime [20230512.628256f_builder_stable_12_222]
JUNOS dsa dsa [22.2R3-S1.9]

--- show interfaces terse ---
iming_metrics {
  queue_time_seconds: 3.4455209970474243e-05
  execution_time_seconds: 5.2113877553492785
}
data: "Interface               Admin Link Proto    Local                 Remote
lc-0/0/0                up    up
lc-0/0/0.32769          up    up   vpls    
pfe-0/0/0               up    up
pfe-0/0/0.16383         up    up   inet    
                                   inet6   
pfh-0/0/0               up    up
pfh-0/0/0.16383         up    up   inet    
pfh-0/0/0.16384         up    up   inet    
xe-0/0/0                up    down
xe-0/0/0.16386          up    down
xe-0/0/1                up    down
xe-0/0/1.16386          up    down
xe-0/0/2                up    down
xe-0/0/2.16386          up    down
xe-0/0/3                up    down
xe-0/0/3.16386          up    down
et-0/1/0                up    up
et-0/1/0.0              up    up   aenet    --> ae1.0
lc-0/2/0                up    up
lc-0/2/0.32769          up    up   vpls    
pfe-0/2/0               up    up
pfe-0/2/0.16383         up    up   inet    
                                   inet6   
xe-0/2/0                up    down
xe-0/2/0.16386          up    down
xe-0/2/1                up    down
xe-0/2/1.16386          up    down
xe-0/2/2                up    down
xe-0/2/2.16386          up    down
xe-0/2/3                up    down
xe-0/2/3.16386          up    down
et-0/3/0                up    down
et-0/3/0.16386          up    down
gr-0/3/10               up    up
ip-0/3/10               up    up
lt-0/3/10               up    up
mt-0/3/10               up    up
pd-0/3/10               up    up
pe-0/3/10               up    up
ud-0/3/10               up    up
ut-0/3/10               up    up
vt-0/3/10               up    up
vt-0/3/10.2097152       up    up   inet    
                                   mpls    
lc-1/0/0                up    up
lc-1/0/0.32769          up    up   vpls    
pfe-1/0/0               up    up
pfe-1/0/0.16383         up    up   inet    
                                   inet6   
pfh-1/0/0               up    up
pfh-1/0/0.16383         up    up   inet    
pfh-1/0/0.16384         up    up   inet    
xe-1/0/0                up    down
xe-1/0/0.16386          up    down
xe-1/0/1                up    down
xe-1/0/1.16386          up    down
xe-1/0/2                up    down
xe-1/0/2.16386          up    down
xe-1/0/3                up    down
xe-1/0/3.16386          up    down
et-1/1/0                up    up
et-1/1/0.0              up    up   aenet    --> ae1.0
lc-1/2/0                up    up
lc-1/2/0.32769          up    up   vpls    
pfe-1/2/0               up    up
pfe-1/2/0.16383         up    up   inet    
                                   inet6   
xe-1/2/0                up    down
xe-1/2/0.16386          up    down
xe-1/2/1                up    down
xe-1/2/1.16386          up    down
xe-1/2/2                up    down
xe-1/2/2.16386          up    down
xe-1/2/3                up    down
xe-1/2/3.16386          up    down
et-1/3/0                up    down
et-1/3/0.16386          up    down
gr-1/3/10               up    up
ip-1/3/10               up    up
lt-1/3/10               up    up
mt-1/3/10               up    up
pd-1/3/10               up    up
pe-1/3/10               up    up
ud-1/3/10               up    up
ut-1/3/10               up    up
vt-1/3/10               up    up
vt-1/3/10.2097154       up    up   inet    
                                   mpls    
ae1                     up    up
ae1.0                   up    up   inet     23.255.224.71/31
                                   iso     
                                   inet6    fe80::6664:9bff:feba:ebc0/64
                                   mpls    
                                   multiservice
cbp0                    up    up
demux0                  up    up
dsc                     up    up
em0                     up    up
em0.0                   up    up   inet     10.0.0.4/8      
                                            128.0.0.1/2     
                                            128.0.0.4/2     
                                   inet6    fe80::200:ff:fe00:4/64
                                            fec0::a:0:0:4/64
                                   tnp      0x4             
em1                     up    up
em1.0                   up    up   inet     10.0.0.4/8      
                                            128.0.0.1/2     
                                            128.0.0.4/2     
                                   inet6    fe80::200:1ff:fe00:4/64
                                            fec0::a:0:0:4/64
                                   tnp      0x4             
esi                     up    up
fti0                    up    up
fti1                    up    up
fti2                    up    up
fti3                    up    up
fti4                    up    up
fti5                    up    up
fti6                    up    up
fti7                    up    up
fxp0                    up    up
fxp0.0                  up    up   inet     10.144.24.5/26  
gre                     up    up
ipip                    up    up
irb                     up    up
jsrv                    up    up
jsrv.1                  up    up   inet     128.0.0.127/2   
lo0                     up    up
lo0.0                   up    up   inet     192.119.16.31       --> 0/0
                                   iso      49.0001.1921.1901.6000
                                   inet6    2605:a601:ffff:9009:1e:f1ba:0:3
                                            fe80::2a0:a50f:fc84:9bd5
lo0.16384               up    up   inet     127.0.0.1           --> 0/0
lo0.16385               up    up   inet    
lsi                     up    up
mif                     up    up
mtun                    up    up
pimd                    up    up
pime                    up    up
pip0                    up    up
pp0                     up    up
rbeb                    up    up
tap                     up    up
vtep                    up    up

--- show interfaces et-0/1/0 extensive ---
iming_metrics {
  queue_time_seconds: 6.223190575838089e-05
  execution_time_seconds: 5.16790574695915
}
data: "Physical interface: et-0/1/0, Enabled, Physical link is Up
  Interface index: 179, SNMP ifIndex: 537, Generation: 182
  Description: [R=CR01.SAT102][I=ET-0/0/8][A=AE1][S=ACTIVE][U=CORE]
  Link-level type: Ethernet, MTU: 9212, MRU: 9220, Speed: 100Gbps, BPDU Error: None, Loop Detect PDU Error: None, Loopback: Disabled, Source filtering: Disabled, Flow control: Disabled
  Pad to minimum frame size: Disabled
  Device flags   : Present Running
  Interface flags: SNMP-Traps Internal: 0x4000
  Link flags     : None
  CoS queues     : 8 supported, 8 maximum usable queues
  Schedulers     : 0
  Hold-times     : Up 0 ms, Down 0 ms
  Damping        : half-life: 0 sec, max-suppress: 0 sec, reuse: 0, suppress: 0, state: unsuppressed
  Current address: 64:64:9b:ba:eb:c0, Hardware address: 64:64:9b:ba:e4:29
  Last flapped   : 2024-04-15 06:37:29 UTC (108w3d 16:52 ago)
  Statistics last cleared: Never
  Traffic statistics:
   Input  bytes  :         286535325627                37048 bps
   Output bytes  :         481397568505                61312 bps
   Input  packets:           1736792149                   36 pps
   Output packets:           3594312782                   53 pps
   IPv6 transit statistics:
   Input  bytes  :             16792369
   Output bytes  :                    0
   Input  packets:               247022
   Output packets:                    0
  Label-switched interface (LSI) traffic statistics:
   Input  bytes  :                    0                    0 bps
   Input  packets:                    0                    0 pps
  Dropped traffic statistics due to STP State:
   Input  bytes  :                    0
   Output bytes  :                    0
   Input  packets:                    0
   Output packets:                    0
  Input errors:
    Errors: 4, Drops: 0, Framing errors: 4, Runts: 0, Policed discards: 0, L3 incompletes: 0, L2 channel errors: 0, L2 mismatch timeouts: 0, FIFO errors: 0, Resource errors: 0
  Output errors:
    Carrier transitions: 1, Errors: 0, Drops: 0, Collisions: 0, Aged packets: 0, FIFO errors: 0, HS link CRC errors: 0, MTU errors: 0, Resource errors: 0
  Egress queues: 8 supported, 6 in use
  Queue counters:       Queued packets  Transmitted packets      Dropped packets
    0                          8055922              8055922                    0
    1                                0                    0                    0
    2                                0                    0                    0
    3                       3651853840           3651853840                    0
    4                                0                    0                    0
    5                            40977                40977                    0
  Queue number:         Mapped forwarding classes
    0                   TC1
    1                   TC2
    2                   TC3
    3                   NC
    4                   TC4
    5                   EF
  Active alarms  : None
  Active defects : None
  PCS statistics                      Seconds
    Bit errors                             2
    Errored blocks                   4964152
  Ethernet FEC statistics              Errors
    FEC Corrected Errors                    0
    FEC Uncorrected Errors                  0
    FEC Corrected Errors Rate               0
    FEC Uncorrected Errors Rate             0
  MAC statistics:                      Receive         Transmit
    Total octets                  315802400621     504455206487
    Total packets                   1736792164       3659950867
    Unicast packets                 1586340889       3483990690
    Broadcast packets                   119580           119360
    Multicast packets                150331691        175840817
    CRC/Align errors                         4                0
    FIFO errors                              0                0
    MAC control frames                       0                0
    MAC pause frames                         0                0
    Oversized frames                         0
    Jabber frames                            0
    Fragment frames                          0
    VLAN tagged frames                       0
    Code violations                          0
    Total errors                             4                0
  Filter statistics:
    Input packet count              1736792097
    Input packet rejects                     0
    Input DA rejects                         0
    Input SA rejects                         0
    Output packet count                              3659950755
    Output packet pad count                                   0
    Output packet error count                                 0
    CAM destination filters: 0, CAM source filters: 0
  Packet Forwarding Engine configuration:
    Destination slot: 0 (0x00)
  CoS information:
    Direction : Output
    CoS transmit queue               Bandwidth               Buffer Priority   Limit
                              %            bps     %           usec
    0 TC1                     5     5000000000     r              0      low    none
    1 TC2                    20    20000000000     r              0 medium-low    none
    2 TC3                    30    30000000000     r              0 medium-high    none
    3 NC                      1     1000000000     r              0     high    none
    4 TC4                    39    39000000000     r              0     high    none
    5 EF                      5     5000000000     r              0 strict-high   exact
  Preclassifier statistics:
    Traffic Class        Received Packets   Transmitted  Packets      Dropped Packets
    real-time                           0                      0                    0
    network-control            1532294407             1532294407                    0
    best-effort                 204497745              204497745                    0
  Link Degrade :                      
    Link Monitoring                   :  Disable
  Interface transmit statistics: Disabled

  Logical interface et-0/1/0.0 (Index 348) (SNMP ifIndex 577) (Generation 157)
    Flags: Up SNMP-Traps 0x4004000 Encapsulation: ENET2
    Traffic statistics:
     Input  bytes  :         286535325627
     Output bytes  :         481539469020
     Input  packets:           1736792149
     Output packets:           3594312793
     IPv6 transit statistics:
     Input  bytes  :             16792369
     Output bytes  :              8757412
     Input  packets:               247022
     Output packets:               106798
    Local statistics:
     Input  bytes  :            846597712
     Output bytes  :         480611562602
     Input  packets:              2364802
     Output packets:           3586214928
    Transit statistics:
     Input  bytes  :         285688727915                37048 bps
     Output bytes  :            927906418                    0 bps
     Input  packets:           1734427347                   36 pps
     Output packets:              8097865                    0 pps
     IPv6 transit statistics:
      Input  bytes  :            16792369                    0 bps
      Output bytes  :                   0                    0 bps
      Input  packets:              247022                    0 pps
      Output packets:                   0                    0 pps
    Protocol aenet, AE bundle: ae1.0, Generation: 184, Route table: 0

--- show interfaces et-1/1/0 extensive ---
iming_metrics {
  queue_time_seconds: 4.6247616410255432e-05
  execution_time_seconds: 5.1810071393847466
}
data: "Physical interface: et-1/1/0, Enabled, Physical link is Up
  Interface index: 203, SNMP ifIndex: 547, Generation: 216
  Description: [R=CR01.SAT102][I=ET-1/0/8][A=AE1][S=ACTIVE][U=CORE]
  Link-level type: Ethernet, MTU: 9212, MRU: 9220, Speed: 100Gbps, BPDU Error: None, Loop Detect PDU Error: None, Loopback: Disabled, Source filtering: Disabled, Flow control: Disabled
  Pad to minimum frame size: Disabled
  Device flags   : Present Running
  Interface flags: SNMP-Traps Internal: 0x4000
  Link flags     : None
  CoS queues     : 8 supported, 8 maximum usable queues
  Schedulers     : 0
  Hold-times     : Up 0 ms, Down 0 ms
  Damping        : half-life: 0 sec, max-suppress: 0 sec, reuse: 0, suppress: 0, state: unsuppressed
  Current address: 64:64:9b:ba:eb:c0, Hardware address: 64:64:9b:ba:e4:ce
  Last flapped   : 2024-12-18 18:54:16 UTC (73w1d 04:35 ago)
  Statistics last cleared: Never
  Traffic statistics:
   Input  bytes  :         259224834528                47592 bps
   Output bytes  :            827948559                    0 bps
   Input  packets:           1419994309                   31 pps
   Output packets:              2980543                    0 pps
   IPv6 transit statistics:
   Input  bytes  :              6647866
   Output bytes  :                    0
   Input  packets:                96485
   Output packets:                    0
  Label-switched interface (LSI) traffic statistics:
   Input  bytes  :                    0                    0 bps
   Input  packets:                    0                    0 pps
  Dropped traffic statistics due to STP State:
   Input  bytes  :                    0
   Output bytes  :                    0
   Input  packets:                    0
   Output packets:                    0
  Input errors:
    Errors: 0, Drops: 0, Framing errors: 0, Runts: 0, Policed discards: 0, L3 incompletes: 0, L2 channel errors: 0, L2 mismatch timeouts: 0, FIFO errors: 0, Resource errors: 0
  Output errors:
    Carrier transitions: 1, Errors: 0, Drops: 0, Collisions: 0, Aged packets: 0, FIFO errors: 0, HS link CRC errors: 0, MTU errors: 0, Resource errors: 0
  Egress queues: 8 supported, 6 in use
  Queue counters:       Queued packets  Transmitted packets      Dropped packets
    0                          1379921              1379921                    0
    1                                0                    0                    0
    2                                0                    0                    0
    3                         45850643             45850643                    0
    4                                0                    0                    0
    5                             2950                 2950                    0
  Queue number:         Mapped forwarding classes
    0                   TC1
    1                   TC2
    2                   TC3
    3                   NC
    4                   TC4
    5                   EF
  Active alarms  : None
  Active defects : None
  PCS statistics                      Seconds
    Bit errors                             2
    Errored blocks                        64
  Ethernet FEC statistics              Errors
    FEC Corrected Errors                    0
    FEC Uncorrected Errors                  0
    FEC Corrected Errors Rate               0
    FEC Uncorrected Errors Rate             0
  MAC statistics:                      Receive         Transmit
    Total octets                  284169102760       6534658743
    Total packets                   1419994348         47233515
    Unicast packets                 1374181048          1386234
    Broadcast packets                        0                0
    Multicast packets                 45813300         45847281
    CRC/Align errors                         0                0
    FIFO errors                              0                0
    MAC control frames                       0                0
    MAC pause frames                         0                0
    Oversized frames                         0
    Jabber frames                            0
    Fragment frames                          0
    VLAN tagged frames                       0
    Code violations                          0
    Total errors                             0                0
  Filter statistics:
    Input packet count              1419994315
    Input packet rejects                     0
    Input DA rejects                         0
    Input SA rejects                         0
    Output packet count                                47233514
    Output packet pad count                                   0
    Output packet error count                                 0
    CAM destination filters: 0, CAM source filters: 0
  Packet Forwarding Engine configuration:
    Destination slot: 0 (0x00)
  CoS information:
    Direction : Output
    CoS transmit queue               Bandwidth               Buffer Priority   Limit
                              %            bps     %           usec
    0 TC1                     5     5000000000     r              0      low    none
    1 TC2                    20    20000000000     r              0 medium-low    none
    2 TC3                    30    30000000000     r              0 medium-high    none
    3 NC                      1     1000000000     r              0     high    none
    4 TC4                    39    39000000000     r              0     high    none
    5 EF                      5     5000000000     r              0 strict-high   exact
  Preclassifier statistics:
    Traffic Class        Received Packets   Transmitted  Packets      Dropped Packets
    real-time                           0                      0                    0
    network-control            1275122125             1275122125                    0
    best-effort                 144872189              144872189                    0
  Link Degrade :                      
    Link Monitoring                   :  Disable
  Interface transmit statistics: Disabled

  Logical interface et-1/1/0.0 (Index 341) (SNMP ifIndex 578) (Generation 184)
    Flags: Up SNMP-Traps 0x4004000 Encapsulation: ENET2
    Traffic statistics:
     Input  bytes  :         259224834528
     Output bytes  :            923607099
     Input  packets:           1419994309
     Output packets:              2980543
     IPv6 transit statistics:
     Input  bytes  :              6647866
     Output bytes  :                    0
     Input  packets:                96485
     Output packets:                    0
    Local statistics:
     Input  bytes  :            570762072
     Output bytes  :            691930106
     Input  packets:              1594314
     Output packets:              1594309
    Transit statistics:
     Input  bytes  :         258654072456                47592 bps
     Output bytes  :            231676993                    0 bps
     Input  packets:           1418399995                   31 pps
     Output packets:              1386234                    0 pps
     IPv6 transit statistics:
      Input  bytes  :             6647866                    0 bps
      Output bytes  :                   0                    0 bps
      Input  packets:               96485                    0 pps
      Output packets:                   0                    0 pps
    Protocol aenet, AE bundle: ae1.0, Generation: 196, Route table: 0

--- show interfaces ae1 extensive ---
iming_metrics {
  queue_time_seconds: 3.0025073466822505
  execution_time_seconds: 5.1746592670679092
}
data: "Physical interface: ae1, Enabled, Physical link is Up
  Interface index: 128, SNMP ifIndex: 553, Generation: 131
  Description: [R=CR01.SAT102][I=AE5][S=ACTIVE][U=CORE]
  Link-level type: Ethernet, MTU: 9212, Speed: 200Gbps, BPDU Error: None, MAC-REWRITE Error: None, Loopback: Disabled, Source filtering: Disabled, Flow control: Disabled
  Pad to minimum frame size: Disabled
  Minimum links needed: 1, Minimum bandwidth needed: 1bps
  Device flags   : Present Running
  Interface flags: SNMP-Traps Internal: 0x4000
  Current address: 64:64:9b:ba:eb:c0, Hardware address: 64:64:9b:ba:eb:c0
  Last flapped   : 2024-04-15 06:37:31 UTC (108w3d 16:52 ago)
  Statistics last cleared: Never
  Traffic statistics:
   Input  bytes  :         668446371282               107976 bps
   Output bytes  :         504351322217               133456 bps
   Input  packets:           3774768262                   77 pps
   Output packets:           3600328428                   74 pps
   IPv6 transit statistics:
   Input  bytes  :             15717627
   Output bytes  :                    0
   Input  packets:               232704
   Output packets:                    0
  Label-switched interface (LSI) traffic statistics:
   Input  bytes  :                    0                    0 bps
   Input  packets:                    0                    0 pps
  Dropped traffic statistics due to STP State:
   Input  bytes  :                    0
   Output bytes  :                    0
   Input  packets:                    0
   Output packets:                    0
  MAC statistics:                      Receive         Transmit
    Broadcast packets                   119580           119360
    Multicast packets                218107967        243667773
  Input errors:
    Errors: 4, Drops: 0, Framing errors: 4, Runts: 0, Giants: 0, Policed discards: 0, Resource errors: 0
  Output errors:
    Carrier transitions: 1, Errors: 0, Drops: 0, MTU errors: 0, Resource errors: 0
  Ingress queues: 8 supported, 6 in use
  Queue counters:       Queued packets  Transmitted packets      Dropped packets
    0                                0                    0                    0
    1                                0                    0                    0
    2                                0                    0                    0
    3                                0                    0                    0
    4                                0                    0                    0
    5                                0                    0                    0
  Egress queues: 8 supported, 6 in use
  Queue counters:       Queued packets  Transmitted packets      Dropped packets
    0                         11704796             11704796                    0
    1                                0                    0                    0
    2                                0                    0                    0
    3                       3719685954           3719685954                    0
    4                                0                    0                    0
    5                            43931                43931                    0
  Queue number:         Mapped forwarding classes
    0                   TC1
    1                   TC2
    2                   TC3
    3                   NC
    4                   TC4
    5                   EF

  Logical interface ae1.0 (Index 323) (SNMP ifIndex 554) (Generation 132)
    Flags: Up SNMP-Traps 0x4004000 Encapsulation: ENET2
    Statistics        Packets        pps         Bytes          bps
    Bundle:
        Input :    3770044812         77  666755381330       107976
        Output:    3595604974          0  481053302349            0
    Adaptive Statistics:
        Adaptive Adjusts:          0
        Adaptive Scans  :          0
        Adaptive Updates:          0
    Link:
      et-1/1/0.0
        Input :    1418400369         30  258654135890        37456
        Output:       2980544          0     923607533            0
      et-0/1/0.0
        Input :    1734428229         47  285688873639        70520
        Output:    3594314536          0  481539844629            0


    Aggregate member links: 2

    LACP info:        Role     System             System       Port     Port    Port 
                             priority         identifier   priority   number     key 
      et-1/1/0.0     Actor        127  64:64:9b:ba:eb:c0        127        2       2
      et-1/1/0.0   Partner        127  50:c7:09:c6:c4:26        127       19       6
      et-0/1/0.0     Actor        127  64:64:9b:ba:eb:c0        127        1       2
      et-0/1/0.0   Partner        127  50:c7:09:c6:c4:26        127       18       6
    LACP Statistics:       LACP Rx     LACP Tx   Unknown Rx   Illegal Rx 
      et-1/1/0.0          44218981    44252959            0            0
      et-0/1/0.0          65585307    65638123            0            0
    Marker Statistics:   Marker Rx     Resp Tx   Unknown Rx   Illegal Rx
      et-1/1/0.0                 0           0            0            0
      et-0/1/0.0                 0           0            0            0
    Protocol inet, MTU: 9198
    Max nh cache: 75000, New hold nh limit: 75000, Curr nh cnt: 1, Curr new hold cnt: 0, NH drop cnt: 0
    Generation: 151, Route table: 0
      Flags: Sendbcast-pkt-to-re
      Addresses, Flags: Is-Preferred Is-Primary
        Destination: 23.255.224.70/31, Local: 23.255.224.71, Broadcast: Unspecified, Generation: 149
    Protocol iso, MTU: 9195, Generation: 152, Route table: 0
      Flags: Is-Primary
    Protocol inet6, MTU: 9198
    Max nh cache: 75000, New hold nh limit: 75000, Curr nh cnt: 1, Curr new hold cnt: 0, NH drop cnt: 0
    Generation: 153, Route table: 0
      Flags: Is-Primary
      Addresses, Flags: Is-Preferred
        Destination: fe80::/64, Local: fe80::6664:9bff:feba:ebc0
    Protocol mpls, MTU: 9178, Maximum labels: 5, Generation: 151
    Generation: 154, Route table: 0
      Flags: Is-Primary
    Protocol multiservice, MTU: Unlimited, Generation: 155, Route table: 0
      Flags: Is-Primary
      Policer: Input: __default_arp_policer__

--- show interfaces et-1/1/0.0 ---
iming_metrics {
  queue_time_seconds: 3.5903416574001312e-05
  execution_time_seconds: 5.0735550615936518
}
data: "  Logical interface et-1/1/0.0 (Index 341) (SNMP ifIndex 578)
    Flags: Up SNMP-Traps 0x4004000 Encapsulation: ENET2
    Input packets : 1419994922
    Output packets: 2980544
    Protocol aenet, AE bundle: ae1.0

--- show interfaces et-0/1/0.0 ---
iming_metrics {
  queue_time_seconds: 4.04873862862587e-05
  execution_time_seconds: 5.0701588904485106
}
data: "  Logical interface et-0/1/0.0 (Index 348) (SNMP ifIndex 577)
    Flags: Up SNMP-Traps 0x4004000 Encapsulation: ENET2
    Input packets : 1736793795
    Output packets: 3594315911
    Protocol aenet, AE bundle: ae1.0

--- Processed Data ---
{
    "role": "metro",
    "year": 2024,
    "et-0/1/0": {
        "neighbor": "CR01.SAT102",
        "Circuit": "SR",
        "description": "  Description: [R=CR01.SAT102][I=ET-0/0/8][A=AE1][S=ACTIVE][U=CORE]",
        "speed": "100Gbps",
        "speed_human": 100000000000,
        "input_bps": 37048,
        "input_bps_percent": 3.7048e-05,
        "output_bps": 61312,
        "output_bps_percent": 6.1312e-05,
        "input_pps": 36,
        "output_pps": 53,
        "ae_list": [],
        "member_speeds": {},
        "is_400g_upgraded": false,
        "upgrade_status": "Not upgraded"
    },
    "et-1/1/0": {
        "neighbor": "CR01.SAT102",
        "Circuit": "SR",
        "description": "  Description: [R=CR01.SAT102][I=ET-1/0/8][A=AE1][S=ACTIVE][U=CORE]",
        "speed": "100Gbps",
        "speed_human": 100000000000,
        "input_bps": 47592,
        "input_bps_percent": 4.7592e-05,
        "output_bps": 0,
        "output_bps_percent": 0.0,
        "input_pps": 31,
        "output_pps": 0,
        "ae_list": [],
        "member_speeds": {},
        "is_400g_upgraded": false,
        "upgrade_status": "Not upgraded"
    },
    "ae1": {
        "neighbor": "CR01.SAT102",
        "Circuit": "SR",
        "description": "  Description: [R=CR01.SAT102][I=AE5][S=ACTIVE][U=CORE]",
        "speed": "200Gbps",
        "speed_human": 200000000000,
        "input_bps": 107976,
        "input_bps_percent": 5.3988e-05,
        "output_bps": 133456,
        "output_bps_percent": 6.6728e-05,
        "input_pps": 77,
        "output_pps": 74,
        "ae_list": [
            "et-1/1/0.0",
            "et-0/1/0.0"
        ],
        "member_speeds": {
            "et-1/1/0.0": "Unknown",
            "et-0/1/0.0": "Unknown"
        },
        "is_400g_upgraded": false,
        "upgrade_status": "Not upgraded"
    }
}
Processing device: pr01.sat102

--- show version ---
iming_metrics {
  queue_time_seconds: 5.0050053335726261
  execution_time_seconds: 5.3732952475547791
}
data: "Hostname: re0-pr01.sat102
Model: mx960
Junos: 22.2R3-S1.9
JUNOS OS Kernel 64-bit  [20230512.628256f_builder_stable_12_222]
JUNOS OS libs [20230512.628256f_builder_stable_12_222]
JUNOS OS runtime [20230512.628256f_builder_stable_12_222]
JUNOS OS time zone information [20230512.628256f_builder_stable_12_222]
JUNOS network stack and utilities [20230610.093001_builder_junos_222_r3_s1]
JUNOS libs [20230610.093001_builder_junos_222_r3_s1]
JUNOS OS libs compat32 [20230512.628256f_builder_stable_12_222]
JUNOS OS 32-bit compatibility [20230512.628256f_builder_stable_12_222]
JUNOS libs compat32 [20230610.093001_builder_junos_222_r3_s1]
JUNOS runtime [20230610.093001_builder_junos_222_r3_s1]
JUNOS sflow mx [20230610.093001_builder_junos_222_r3_s1]
JUNOS py extensions [20230610.093001_builder_junos_222_r3_s1]
JUNOS py base [20230610.093001_builder_junos_222_r3_s1]
JUNOS OS crypto [20230512.628256f_builder_stable_12_222]
JUNOS OS boot-ve files [20230512.628256f_builder_stable_12_222]
JUNOS na telemetry [22.2R3-S1.9]
JUNOS Security Intelligence [20230610.093001_builder_junos_222_r3_s1]
JUNOS mx libs compat32 [20230610.093001_builder_junos_222_r3_s1]
JUNOS mx runtime [20230610.093001_builder_junos_222_r3_s1]
JUNOS RPD Telemetry Application [22.2R3-S1.9]
JUNOS Routing mpls-oam-basic [20230610.093001_builder_junos_222_r3_s1]
JUNOS Routing mpls-oam-advanced [20230610.093001_builder_junos_222_r3_s1]
JUNOS Routing lsys [20230610.093001_builder_junos_222_r3_s1]
JUNOS Routing controller-internal [20230610.093001_builder_junos_222_r3_s1]
JUNOS Routing controller-external [20230610.093001_builder_junos_222_r3_s1]
JUNOS Routing 32-bit Compatible Version [20230610.093001_builder_junos_222_r3_s1]
JUNOS Routing aggregated [20230610.093001_builder_junos_222_r3_s1]
Redis [20230610.093001_builder_junos_222_r3_s1]
JUNOS probe utility [20230610.093001_builder_junos_222_r3_s1]
JUNOS common platform support [20230610.093001_builder_junos_222_r3_s1]
JUNOS Openconfig [22.2R3-S1.9]
JUNOS mtx network modules [20230610.093001_builder_junos_222_r3_s1]
JUNOS modules [20230610.093001_builder_junos_222_r3_s1]
JUNOS mx modules [20230610.093001_builder_junos_222_r3_s1]
JUNOS mx libs [20230610.093001_builder_junos_222_r3_s1]
JUNOS L2 RSI Scripts [20230610.093001_builder_junos_222_r3_s1]
JUNOS SQL Sync Daemon [20230610.093001_builder_junos_222_r3_s1]
JUNOS mtx Data Plane Crypto Support [20230610.093001_builder_junos_222_r3_s1]
JUNOS daemons [20230610.093001_builder_junos_222_r3_s1]
JUNOS mx daemons [20230610.093001_builder_junos_222_r3_s1]
JUNOS Broadband Edge User Plane Apps [22.2R3-S1.9]
JUNOS appidd-mx application-identification daemon [20230610.093001_builder_junos_222_r3_s1]
JUNOS Services URL Filter package [20230610.093001_builder_junos_222_r3_s1]
JUNOS Services TLB Service PIC package [20230610.093001_builder_junos_222_r3_s1]
JUNOS Services Telemetry [20230610.093001_builder_junos_222_r3_s1]
JUNOS Services TCP-LOG [20230610.093001_builder_junos_222_r3_s1]
JUNOS Services SSL [20230610.093001_builder_junos_222_r3_s1]
JUNOS Services SOFTWIRE [20230610.093001_builder_junos_222_r3_s1]
JUNOS Services Stateful Firewall [20230610.093001_builder_junos_222_r3_s1]
JUNOS Services RTCOM [20230610.093001_builder_junos_222_r3_s1]
JUNOS Services RPM [20230610.093001_builder_junos_222_r3_s1]
JUNOS Services PCEF package [20230610.093001_builder_junos_222_r3_s1]
JUNOS Services NAT [20230610.093001_builder_junos_222_r3_s1]
JUNOS Services Mobile Subscriber Service Container package [20230610.093001_builder_junos_222_r3_s1]
JUNOS Services MobileNext Software package [20230610.093001_builder_junos_222_r3_s1]
JUNOS Services Logging Report Framework package [20230610.093001_builder_junos_222_r3_s1]
JUNOS Services LL-PDF Container package [20230610.093001_builder_junos_222_r3_s1]
JUNOS Services Jflow Container package [20230610.093001_builder_junos_222_r3_s1]
JUNOS Services Deep Packet Inspection package [20230610.093001_builder_junos_222_r3_s1]
JUNOS Services IPSec [20230610.093001_builder_junos_222_r3_s1]
JUNOS Services IDS [20230610.093001_builder_junos_222_r3_s1]
JUNOS IDP Services [20230610.093001_builder_junos_222_r3_s1]
JUNOS Services HTTP Content Management package [20230610.093001_builder_junos_222_r3_s1]
JUNOS Services DNS Filter package (i386) [20230610.093001_builder_junos_222_r3_s1] 
JUNOS Services Crypto [20230610.093001_builder_junos_222_r3_s1]
JUNOS Services Captive Portal and Content Delivery Container package [20230610.093001_builder_junos_222_r3_s1]
JUNOS Services COS [20230610.093001_builder_junos_222_r3_s1]
JUNOS AppId Services [20230610.093001_builder_junos_222_r3_s1]
JUNOS Services Application Level Gateways [20230610.093001_builder_junos_222_r3_s1]
JUNOS Services AACL Container package [20230610.093001_builder_junos_222_r3_s1]
JUNOS SDN Software Suite [20230610.093001_builder_junos_222_r3_s1]
JUNOS Extension Toolkit [20230610.093001_builder_junos_222_r3_s1]
JUNOS Phone-home [20230610.093001_builder_junos_222_r3_s1]
JUNOS Packet Forwarding Engine Support (wrlinux9) [20230610.093001_builder_junos_222_r3_s1]
JUNOS Packet Forwarding Engine Support (MXSPC3) [22.2R3-S1.9]
JUNOS Packet Forwarding Engine Support (MX/EX92XX Common) [20230610.093001_builder_junos_222_r3_s1]
JUNOS Packet Forwarding Engine Support (M/T Common) [20230610.093001_builder_junos_222_r3_s1]
JUNOS Packet Forwarding Engine Support (aft) [20230610.093001_builder_junos_222_r3_s1]
JUNOS Packet Forwarding Engine Support (MX Common) [20230610.093001_builder_junos_222_r3_s1]
JUNOS Juniper Malware Removal Tool (JMRT) [1.0.0+20230610.093001_builder_junos_222_r3_s1]
JUNOS J-Insight [20230610.093001_builder_junos_222_r3_s1]
JUNOS jfirmware [20230518.103303_builder_junos_222_r3_s1]
JUNOS Online Documentation [20230610.093001_builder_junos_222_r3_s1]
JUNOS jail runtime [20230512.628256f_builder_stable_12_222]
JUNOS dsa dsa [22.2R3-S1.9]

--- show interfaces terse ---
iming_metrics {
  queue_time_seconds: 4.2549334466457367e-05
  execution_time_seconds: 5.1350390613079071
}
data: "Interface               Admin Link Proto    Local                 Remote
lc-0/0/0                up    up
lc-0/0/0.32769          up    up   vpls    
pfe-0/0/0               up    up
pfe-0/0/0.16383         up    up   inet    
                                   inet6   
pfh-0/0/0               up    up
pfh-0/0/0.16383         up    up   inet    
pfh-0/0/0.16384         up    up   inet    
xe-0/0/0                up    down
xe-0/0/0.16386          up    down
xe-0/0/1                up    down
xe-0/0/1.16386          up    down
xe-0/0/2                up    down
xe-0/0/2.16386          up    down
xe-0/0/3                up    down
xe-0/0/3.16386          up    down
et-0/1/0                up    up
et-0/1/0.0              up    up   aenet    --> ae1.0
lc-0/2/0                up    up
lc-0/2/0.32769          up    up   vpls    
pfe-0/2/0               up    up
pfe-0/2/0.16383         up    up   inet    
                                   inet6   
xe-0/2/0                up    down
xe-0/2/0.16386          up    down
xe-0/2/1                up    down
xe-0/2/1.16386          up    down
xe-0/2/2                up    down
xe-0/2/2.16386          up    down
xe-0/2/3                up    down
xe-0/2/3.16386          up    down
et-0/3/0                up    down
et-0/3/0.16386          up    down
gr-0/3/10               up    up
ip-0/3/10               up    up
lt-0/3/10               up    up
mt-0/3/10               up    up
pd-0/3/10               up    up
pe-0/3/10               up    up
ud-0/3/10               up    up
ut-0/3/10               up    up
vt-0/3/10               up    up
vt-0/3/10.2097152       up    up   inet    
                                   mpls    
lc-1/0/0                up    up
lc-1/0/0.32769          up    up   vpls    
pfe-1/0/0               up    up
pfe-1/0/0.16383         up    up   inet    
                                   inet6   
pfh-1/0/0               up    up
pfh-1/0/0.16383         up    up   inet    
pfh-1/0/0.16384         up    up   inet    
xe-1/0/0                up    down
xe-1/0/0.16386          up    down
xe-1/0/1                up    down
xe-1/0/1.16386          up    down
xe-1/0/2                up    down
xe-1/0/2.16386          up    down
xe-1/0/3                up    down
xe-1/0/3.16386          up    down
et-1/1/0                up    up
et-1/1/0.0              up    up   aenet    --> ae1.0
lc-1/2/0                up    up
lc-1/2/0.32769          up    up   vpls    
pfe-1/2/0               up    up
pfe-1/2/0.16383         up    up   inet    
                                   inet6   
xe-1/2/0                up    down
xe-1/2/0.16386          up    down
xe-1/2/1                up    down
xe-1/2/1.16386          up    down
xe-1/2/2                up    down
xe-1/2/2.16386          up    down
xe-1/2/3                up    down
xe-1/2/3.16386          up    down
et-1/3/0                up    down
et-1/3/0.16386          up    down
gr-1/3/10               up    up
ip-1/3/10               up    up
lt-1/3/10               up    up
mt-1/3/10               up    up
pd-1/3/10               up    up
pe-1/3/10               up    up
ud-1/3/10               up    up
ut-1/3/10               up    up
vt-1/3/10               up    up
vt-1/3/10.2097154       up    up   inet    
                                   mpls    
ae1                     up    up
ae1.0                   up    up   inet     23.255.224.71/31
                                   iso     
                                   inet6    fe80::6664:9bff:feba:ebc0/64
                                   mpls    
                                   multiservice
cbp0                    up    up
demux0                  up    up
dsc                     up    up
em0                     up    up
em0.0                   up    up   inet     10.0.0.4/8      
                                            128.0.0.1/2     
                                            128.0.0.4/2     
                                   inet6    fe80::200:ff:fe00:4/64
                                            fec0::a:0:0:4/64
                                   tnp      0x4             
em1                     up    up
em1.0                   up    up   inet     10.0.0.4/8      
                                            128.0.0.1/2     
                                            128.0.0.4/2     
                                   inet6    fe80::200:1ff:fe00:4/64
                                            fec0::a:0:0:4/64
                                   tnp      0x4             
esi                     up    up
fti0                    up    up
fti1                    up    up
fti2                    up    up
fti3                    up    up
fti4                    up    up
fti5                    up    up
fti6                    up    up
fti7                    up    up
fxp0                    up    up
fxp0.0                  up    up   inet     10.144.24.5/26  
gre                     up    up
ipip                    up    up
irb                     up    up
jsrv                    up    up
jsrv.1                  up    up   inet     128.0.0.127/2   
lo0                     up    up
lo0.0                   up    up   inet     192.119.16.31       --> 0/0
                                   iso      49.0001.1921.1901.6000
                                   inet6    2605:a601:ffff:9009:1e:f1ba:0:3
                                            fe80::2a0:a50f:fc84:9bd5
lo0.16384               up    up   inet     127.0.0.1           --> 0/0
lo0.16385               up    up   inet    
lsi                     up    up
mif                     up    up
mtun                    up    up
pimd                    up    up
pime                    up    up
pip0                    up    up
pp0                     up    up
rbeb                    up    up
tap                     up    up
vtep                    up    up

--- show interfaces ae1 extensive ---
iming_metrics {
  queue_time_seconds: 7.3688104748725891e-05
  execution_time_seconds: 5.1679119849577546
}
data: "Physical interface: ae1, Enabled, Physical link is Up
  Interface index: 128, SNMP ifIndex: 553, Generation: 131
  Description: [R=CR01.SAT102][I=AE5][S=ACTIVE][U=CORE]
  Link-level type: Ethernet, MTU: 9212, Speed: 200Gbps, BPDU Error: None, MAC-REWRITE Error: None, Loopback: Disabled, Source filtering: Disabled, Flow control: Disabled
  Pad to minimum frame size: Disabled
  Minimum links needed: 1, Minimum bandwidth needed: 1bps
  Device flags   : Present Running
  Interface flags: SNMP-Traps Internal: 0x4000
  Current address: 64:64:9b:ba:eb:c0, Hardware address: 64:64:9b:ba:eb:c0
  Last flapped   : 2024-04-15 06:37:31 UTC (108w3d 17:31 ago)
  Statistics last cleared: Never
  Traffic statistics:
   Input  bytes  :         668477108200               102392 bps
   Output bytes  :         504386916417               163488 bps
   Input  packets:           3774943985                   84 pps
   Output packets:           3600508708                   87 pps
   IPv6 transit statistics:
   Input  bytes  :             15718131
   Output bytes  :                    0
   Input  packets:               232712
   Output packets:                    0
  Label-switched interface (LSI) traffic statistics:
   Input  bytes  :                    0                    0 bps
   Input  packets:                    0                    0 pps
  Dropped traffic statistics due to STP State:
   Input  bytes  :                    0
   Output bytes  :                    0
   Input  packets:                    0
   Output packets:                    0
  MAC statistics:                      Receive         Transmit
    Broadcast packets                   119584           119364
    Multicast packets                218116063        243676968
  Input errors:
    Errors: 4, Drops: 0, Framing errors: 4, Runts: 0, Giants: 0, Policed discards: 0, Resource errors: 0
  Output errors:
    Carrier transitions: 1, Errors: 0, Drops: 0, MTU errors: 0, Resource errors: 0
  Ingress queues: 8 supported, 6 in use
  Queue counters:       Queued packets  Transmitted packets      Dropped packets
    0                                0                    0                    0
    1                                0                    0                    0
    2                                0                    0                    0
    3                                0                    0                    0
    4                                0                    0                    0
    5                                0                    0                    0
  Egress queues: 8 supported, 6 in use
  Queue counters:       Queued packets  Transmitted packets      Dropped packets
    0                         11705564             11705564                    0
    1                                0                    0                    0
    2                                0                    0                    0
    3                       3719870229           3719870229                    0
    4                                0                    0                    0
    5                            43931                43931                    0
  Queue number:         Mapped forwarding classes
    0                   TC1
    1                   TC2
    2                   TC3
    3                   NC
    4                   TC4
    5                   EF

  Logical interface ae1.0 (Index 323) (SNMP ifIndex 554) (Generation 132)
    Flags: Up SNMP-Traps 0x4004000 Encapsulation: ENET2
    Statistics        Packets        pps         Bytes          bps
    Bundle:
        Input :    3770220365         91  666786057388       113200
        Output:    3595785081          0  481087756323            0
    Adaptive Statistics:
        Adaptive Adjusts:          0
        Adaptive Scans  :          0
        Adaptive Updates:          0
    Link:
      et-1/1/0.0
        Input :    1418479817         33  258668579522        38192
        Output:       2980756          0     923665493            0
      et-0/1/0.0
        Input :    1734524334         58  285705106065        75008
        Output:    3594494604          0  481574314229            0


    Aggregate member links: 2

    LACP info:        Role     System             System       Port     Port    Port 
                             priority         identifier   priority   number     key 
      et-1/1/0.0     Actor        127  64:64:9b:ba:eb:c0        127        2       2
      et-1/1/0.0   Partner        127  50:c7:09:c6:c4:26        127       19       6
      et-0/1/0.0     Actor        127  64:64:9b:ba:eb:c0        127        1       2
      et-0/1/0.0   Partner        127  50:c7:09:c6:c4:26        127       18       6
    LACP Statistics:       LACP Rx     LACP Tx   Unknown Rx   Illegal Rx 
      et-1/1/0.0          44221320    44255300            0            0
      et-0/1/0.0          65587647    65640464            0            0
    Marker Statistics:   Marker Rx     Resp Tx   Unknown Rx   Illegal Rx
      et-1/1/0.0                 0           0            0            0
      et-0/1/0.0                 0           0            0            0
    Protocol inet, MTU: 9198
    Max nh cache: 75000, New hold nh limit: 75000, Curr nh cnt: 1, Curr new hold cnt: 0, NH drop cnt: 0
    Generation: 151, Route table: 0
      Flags: Sendbcast-pkt-to-re
      Addresses, Flags: Is-Preferred Is-Primary
        Destination: 23.255.224.70/31, Local: 23.255.224.71, Broadcast: Unspecified, Generation: 149
    Protocol iso, MTU: 9195, Generation: 152, Route table: 0
      Flags: Is-Primary
    Protocol inet6, MTU: 9198
    Max nh cache: 75000, New hold nh limit: 75000, Curr nh cnt: 1, Curr new hold cnt: 0, NH drop cnt: 0
    Generation: 153, Route table: 0
      Flags: Is-Primary
      Addresses, Flags: Is-Preferred
        Destination: fe80::/64, Local: fe80::6664:9bff:feba:ebc0
    Protocol mpls, MTU: 9178, Maximum labels: 5, Generation: 151
    Generation: 154, Route table: 0
      Flags: Is-Primary
    Protocol multiservice, MTU: Unlimited, Generation: 155, Route table: 0
      Flags: Is-Primary
      Policer: Input: __default_arp_policer__

--- show interfaces et-1/1/0.0 ---
iming_metrics {
  queue_time_seconds: 4.7661364078521729e-05
  execution_time_seconds: 5.0740417223423719
}
data: "  Logical interface et-1/1/0.0 (Index 341) (SNMP ifIndex 578)
    Flags: Up SNMP-Traps 0x4004000 Encapsulation: ENET2
    Input packets : 1420074452
    Output packets: 2980756
    Protocol aenet, AE bundle: ae1.0

--- show interfaces et-0/1/0.0 ---
iming_metrics {
  queue_time_seconds: 3.62396240234375e-05
  execution_time_seconds: 5.0695427199825644
}
data: "  Logical interface et-0/1/0.0 (Index 348) (SNMP ifIndex 577)
    Flags: Up SNMP-Traps 0x4004000 Encapsulation: ENET2
    Input packets : 1736889978
    Output packets: 3594495896
    Protocol aenet, AE bundle: ae1.0

--- Processed Data ---
{
    "role": "metro",
    "year": 2024,
    "ae1": {
        "neighbor": "CR01.SAT102",
        "Circuit": "SR",
        "description": "  Description: [R=CR01.SAT102][I=AE5][S=ACTIVE][U=CORE]",
        "speed": "200Gbps",
        "speed_human": 200000000000,
        "input_bps": 102392,
        "input_bps_percent": 5.1195999999999996e-05,
        "output_bps": 163488,
        "output_bps_percent": 8.174400000000001e-05,
        "input_pps": 84,
        "output_pps": 87,
        "ae_list": [
            "et-1/1/0.0",
            "et-0/1/0.0"
        ],
        "member_speeds": {
            "et-1/1/0.0": "Unknown",
            "et-0/1/0.0": "Unknown"
        },
        "is_400g_upgraded": false,
        "upgrade_status": "Not upgraded"
    }
}
Processing device: pr01.sat102

--- show version ---
iming_metrics {
  queue_time_seconds: 1.9556037606671453
  execution_time_seconds: 5.3792390981689095
}
data: "Hostname: re0-pr01.sat102
Model: mx960
Junos: 22.2R3-S1.9
JUNOS OS Kernel 64-bit  [20230512.628256f_builder_stable_12_222]
JUNOS OS libs [20230512.628256f_builder_stable_12_222]
JUNOS OS runtime [20230512.628256f_builder_stable_12_222]
JUNOS OS time zone information [20230512.628256f_builder_stable_12_222]
JUNOS network stack and utilities [20230610.093001_builder_junos_222_r3_s1]
JUNOS libs [20230610.093001_builder_junos_222_r3_s1]
JUNOS OS libs compat32 [20230512.628256f_builder_stable_12_222]
JUNOS OS 32-bit compatibility [20230512.628256f_builder_stable_12_222]
JUNOS libs compat32 [20230610.093001_builder_junos_222_r3_s1]
JUNOS runtime [20230610.093001_builder_junos_222_r3_s1]
JUNOS sflow mx [20230610.093001_builder_junos_222_r3_s1]
JUNOS py extensions [20230610.093001_builder_junos_222_r3_s1]
JUNOS py base [20230610.093001_builder_junos_222_r3_s1]
JUNOS OS crypto [20230512.628256f_builder_stable_12_222]
JUNOS OS boot-ve files [20230512.628256f_builder_stable_12_222]
JUNOS na telemetry [22.2R3-S1.9]
JUNOS Security Intelligence [20230610.093001_builder_junos_222_r3_s1]
JUNOS mx libs compat32 [20230610.093001_builder_junos_222_r3_s1]
JUNOS mx runtime [20230610.093001_builder_junos_222_r3_s1]
JUNOS RPD Telemetry Application [22.2R3-S1.9]
JUNOS Routing mpls-oam-basic [20230610.093001_builder_junos_222_r3_s1]
JUNOS Routing mpls-oam-advanced [20230610.093001_builder_junos_222_r3_s1]
JUNOS Routing lsys [20230610.093001_builder_junos_222_r3_s1]
JUNOS Routing controller-internal [20230610.093001_builder_junos_222_r3_s1]
JUNOS Routing controller-external [20230610.093001_builder_junos_222_r3_s1]
JUNOS Routing 32-bit Compatible Version [20230610.093001_builder_junos_222_r3_s1]
JUNOS Routing aggregated [20230610.093001_builder_junos_222_r3_s1]
Redis [20230610.093001_builder_junos_222_r3_s1]
JUNOS probe utility [20230610.093001_builder_junos_222_r3_s1]
JUNOS common platform support [20230610.093001_builder_junos_222_r3_s1]
JUNOS Openconfig [22.2R3-S1.9]
JUNOS mtx network modules [20230610.093001_builder_junos_222_r3_s1]
JUNOS modules [20230610.093001_builder_junos_222_r3_s1]
JUNOS mx modules [20230610.093001_builder_junos_222_r3_s1]
JUNOS mx libs [20230610.093001_builder_junos_222_r3_s1]
JUNOS L2 RSI Scripts [20230610.093001_builder_junos_222_r3_s1]
JUNOS SQL Sync Daemon [20230610.093001_builder_junos_222_r3_s1]
JUNOS mtx Data Plane Crypto Support [20230610.093001_builder_junos_222_r3_s1]
JUNOS daemons [20230610.093001_builder_junos_222_r3_s1]
JUNOS mx daemons [20230610.093001_builder_junos_222_r3_s1]
JUNOS Broadband Edge User Plane Apps [22.2R3-S1.9]
JUNOS appidd-mx application-identification daemon [20230610.093001_builder_junos_222_r3_s1]
JUNOS Services URL Filter package [20230610.093001_builder_junos_222_r3_s1]
JUNOS Services TLB Service PIC package [20230610.093001_builder_junos_222_r3_s1]
JUNOS Services Telemetry [20230610.093001_builder_junos_222_r3_s1]
JUNOS Services TCP-LOG [20230610.093001_builder_junos_222_r3_s1]
JUNOS Services SSL [20230610.093001_builder_junos_222_r3_s1]
JUNOS Services SOFTWIRE [20230610.093001_builder_junos_222_r3_s1]
JUNOS Services Stateful Firewall [20230610.093001_builder_junos_222_r3_s1]
JUNOS Services RTCOM [20230610.093001_builder_junos_222_r3_s1]
JUNOS Services RPM [20230610.093001_builder_junos_222_r3_s1]
JUNOS Services PCEF package [20230610.093001_builder_junos_222_r3_s1]
JUNOS Services NAT [20230610.093001_builder_junos_222_r3_s1]
JUNOS Services Mobile Subscriber Service Container package [20230610.093001_builder_junos_222_r3_s1]
JUNOS Services MobileNext Software package [20230610.093001_builder_junos_222_r3_s1]
JUNOS Services Logging Report Framework package [20230610.093001_builder_junos_222_r3_s1]
JUNOS Services LL-PDF Container package [20230610.093001_builder_junos_222_r3_s1]
JUNOS Services Jflow Container package [20230610.093001_builder_junos_222_r3_s1]
JUNOS Services Deep Packet Inspection package [20230610.093001_builder_junos_222_r3_s1]
JUNOS Services IPSec [20230610.093001_builder_junos_222_r3_s1]
JUNOS Services IDS [20230610.093001_builder_junos_222_r3_s1]
JUNOS IDP Services [20230610.093001_builder_junos_222_r3_s1]
JUNOS Services HTTP Content Management package [20230610.093001_builder_junos_222_r3_s1]
JUNOS Services DNS Filter package (i386) [20230610.093001_builder_junos_222_r3_s1] 
JUNOS Services Crypto [20230610.093001_builder_junos_222_r3_s1]
JUNOS Services Captive Portal and Content Delivery Container package [20230610.093001_builder_junos_222_r3_s1]
JUNOS Services COS [20230610.093001_builder_junos_222_r3_s1]
JUNOS AppId Services [20230610.093001_builder_junos_222_r3_s1]
JUNOS Services Application Level Gateways [20230610.093001_builder_junos_222_r3_s1]
JUNOS Services AACL Container package [20230610.093001_builder_junos_222_r3_s1]
JUNOS SDN Software Suite [20230610.093001_builder_junos_222_r3_s1]
JUNOS Extension Toolkit [20230610.093001_builder_junos_222_r3_s1]
JUNOS Phone-home [20230610.093001_builder_junos_222_r3_s1]
JUNOS Packet Forwarding Engine Support (wrlinux9) [20230610.093001_builder_junos_222_r3_s1]
JUNOS Packet Forwarding Engine Support (MXSPC3) [22.2R3-S1.9]
JUNOS Packet Forwarding Engine Support (MX/EX92XX Common) [20230610.093001_builder_junos_222_r3_s1]
JUNOS Packet Forwarding Engine Support (M/T Common) [20230610.093001_builder_junos_222_r3_s1]
JUNOS Packet Forwarding Engine Support (aft) [20230610.093001_builder_junos_222_r3_s1]
JUNOS Packet Forwarding Engine Support (MX Common) [20230610.093001_builder_junos_222_r3_s1]
JUNOS Juniper Malware Removal Tool (JMRT) [1.0.0+20230610.093001_builder_junos_222_r3_s1]
JUNOS J-Insight [20230610.093001_builder_junos_222_r3_s1]
JUNOS jfirmware [20230518.103303_builder_junos_222_r3_s1]
JUNOS Online Documentation [20230610.093001_builder_junos_222_r3_s1]
JUNOS jail runtime [20230512.628256f_builder_stable_12_222]
JUNOS dsa dsa [22.2R3-S1.9]

--- show interfaces terse ---
iming_metrics {
  queue_time_seconds: 3.6253593862056732e-05
  execution_time_seconds: 5.123861962929368
}
data: "Interface               Admin Link Proto    Local                 Remote
lc-0/0/0                up    up
lc-0/0/0.32769          up    up   vpls    
pfe-0/0/0               up    up
pfe-0/0/0.16383         up    up   inet    
                                   inet6   
pfh-0/0/0               up    up
pfh-0/0/0.16383         up    up   inet    
pfh-0/0/0.16384         up    up   inet    
xe-0/0/0                up    down
xe-0/0/0.16386          up    down
xe-0/0/1                up    down
xe-0/0/1.16386          up    down
xe-0/0/2                up    down
xe-0/0/2.16386          up    down
xe-0/0/3                up    down
xe-0/0/3.16386          up    down
et-0/1/0                up    up
et-0/1/0.0              up    up   aenet    --> ae1.0
lc-0/2/0                up    up
lc-0/2/0.32769          up    up   vpls    
pfe-0/2/0               up    up
pfe-0/2/0.16383         up    up   inet    
                                   inet6   
xe-0/2/0                up    down
xe-0/2/0.16386          up    down
xe-0/2/1                up    down
xe-0/2/1.16386          up    down
xe-0/2/2                up    down
xe-0/2/2.16386          up    down
xe-0/2/3                up    down
xe-0/2/3.16386          up    down
et-0/3/0                up    down
et-0/3/0.16386          up    down
gr-0/3/10               up    up
ip-0/3/10               up    up
lt-0/3/10               up    up
mt-0/3/10               up    up
pd-0/3/10               up    up
pe-0/3/10               up    up
ud-0/3/10               up    up
ut-0/3/10               up    up
vt-0/3/10               up    up
vt-0/3/10.2097152       up    up   inet    
                                   mpls    
lc-1/0/0                up    up
lc-1/0/0.32769          up    up   vpls    
pfe-1/0/0               up    up
pfe-1/0/0.16383         up    up   inet    
                                   inet6   
pfh-1/0/0               up    up
pfh-1/0/0.16383         up    up   inet    
pfh-1/0/0.16384         up    up   inet    
xe-1/0/0                up    down
xe-1/0/0.16386          up    down
xe-1/0/1                up    down
xe-1/0/1.16386          up    down
xe-1/0/2                up    down
xe-1/0/2.16386          up    down
xe-1/0/3                up    down
xe-1/0/3.16386          up    down
et-1/1/0                up    up
et-1/1/0.0              up    up   aenet    --> ae1.0
lc-1/2/0                up    up
lc-1/2/0.32769          up    up   vpls    
pfe-1/2/0               up    up
pfe-1/2/0.16383         up    up   inet    
                                   inet6   
xe-1/2/0                up    down
xe-1/2/0.16386          up    down
xe-1/2/1                up    down
xe-1/2/1.16386          up    down
xe-1/2/2                up    down
xe-1/2/2.16386          up    down
xe-1/2/3                up    down
xe-1/2/3.16386          up    down
et-1/3/0                up    down
et-1/3/0.16386          up    down
gr-1/3/10               up    up
ip-1/3/10               up    up
lt-1/3/10               up    up
mt-1/3/10               up    up
pd-1/3/10               up    up
pe-1/3/10               up    up
ud-1/3/10               up    up
ut-1/3/10               up    up
vt-1/3/10               up    up
vt-1/3/10.2097154       up    up   inet    
                                   mpls    
ae1                     up    up
ae1.0                   up    up   inet     23.255.224.71/31
                                   iso     
                                   inet6    fe80::6664:9bff:feba:ebc0/64
                                   mpls    
                                   multiservice
cbp0                    up    up
demux0                  up    up
dsc                     up    up
em0                     up    up
em0.0                   up    up   inet     10.0.0.4/8      
                                            128.0.0.1/2     
                                            128.0.0.4/2     
                                   inet6    fe80::200:ff:fe00:4/64
                                            fec0::a:0:0:4/64
                                   tnp      0x4             
em1                     up    up
em1.0                   up    up   inet     10.0.0.4/8      
                                            128.0.0.1/2     
                                            128.0.0.4/2     
                                   inet6    fe80::200:1ff:fe00:4/64
                                            fec0::a:0:0:4/64
                                   tnp      0x4             
esi                     up    up
fti0                    up    up
fti1                    up    up
fti2                    up    up
fti3                    up    up
fti4                    up    up
fti5                    up    up
fti6                    up    up
fti7                    up    up
fxp0                    up    up
fxp0.0                  up    up   inet     10.144.24.5/26  
gre                     up    up
ipip                    up    up
irb                     up    up
jsrv                    up    up
jsrv.1                  up    up   inet     128.0.0.127/2   
lo0                     up    up
lo0.0                   up    up   inet     192.119.16.31       --> 0/0
                                   iso      49.0001.1921.1901.6000
                                   inet6    2605:a601:ffff:9009:1e:f1ba:0:3
                                            fe80::2a0:a50f:fc84:9bd5
lo0.16384               up    up   inet     127.0.0.1           --> 0/0
lo0.16385               up    up   inet    
lsi                     up    up
mif                     up    up
mtun                    up    up
pimd                    up    up
pime                    up    up
pip0                    up    up
pp0                     up    up
rbeb                    up    up
tap                     up    up
vtep                    up    up

--- show interfaces ae1 extensive ---
iming_metrics {
  queue_time_seconds: 5.3791329264640808e-05
  execution_time_seconds: 5.1639840910211205
}
data: "Physical interface: ae1, Enabled, Physical link is Up
  Interface index: 128, SNMP ifIndex: 553, Generation: 131
  Description: [R=CR01.SAT102][I=AE5][S=ACTIVE][U=CORE]
  Link-level type: Ethernet, MTU: 9212, Speed: 200Gbps, BPDU Error: None, MAC-REWRITE Error: None, Loopback: Disabled, Source filtering: Disabled, Flow control: Disabled
  Pad to minimum frame size: Disabled
  Minimum links needed: 1, Minimum bandwidth needed: 1bps
  Device flags   : Present Running
  Interface flags: SNMP-Traps Internal: 0x4000
  Current address: 64:64:9b:ba:eb:c0, Hardware address: 64:64:9b:ba:eb:c0
  Last flapped   : 2024-04-15 06:37:31 UTC (108w3d 18:05 ago)
  Statistics last cleared: Never
  Traffic statistics:
   Input  bytes  :         668504673367               201384 bps
   Output bytes  :         504416966156               156496 bps
   Input  packets:           3775093843                  100 pps
   Output packets:           3600658573                   84 pps
   IPv6 transit statistics:
   Input  bytes  :             15718831
   Output bytes  :                    0
   Input  packets:               232723
   Output packets:                    0
  Label-switched interface (LSI) traffic statistics:
   Input  bytes  :                    0                    0 bps
   Input  packets:                    0                    0 pps
  Dropped traffic statistics due to STP State:
   Input  bytes  :                    0
   Output bytes  :                    0
   Input  packets:                    0
   Output packets:                    0
  MAC statistics:                      Receive         Transmit
    Broadcast packets                   119587           119369
    Multicast packets                218123108        243684992
  Input errors:
    Errors: 4, Drops: 0, Framing errors: 4, Runts: 0, Giants: 0, Policed discards: 0, Resource errors: 0
  Output errors:
    Carrier transitions: 1, Errors: 0, Drops: 0, MTU errors: 0, Resource errors: 0
  Ingress queues: 8 supported, 6 in use
  Queue counters:       Queued packets  Transmitted packets      Dropped packets
    0                                0                    0                    0
    1                                0                    0                    0
    2                                0                    0                    0
    3                                0                    0                    0
    4                                0                    0                    0
    5                                0                    0                    0
  Egress queues: 8 supported, 6 in use
  Queue counters:       Queued packets  Transmitted packets      Dropped packets
    0                         11706196             11706196                    0
    1                                0                    0                    0
    2                                0                    0                    0
    3                       3720023537           3720023537                    0
    4                                0                    0                    0
    5                            43931                43931                    0
  Queue number:         Mapped forwarding classes
    0                   TC1
    1                   TC2
    2                   TC3
    3                   NC
    4                   TC4
    5                   EF

  Logical interface ae1.0 (Index 323) (SNMP ifIndex 554) (Generation 132)
    Flags: Up SNMP-Traps 0x4004000 Encapsulation: ENET2
    Statistics        Packets        pps         Bytes          bps
    Bundle:
        Input :    3770370076        100  666813569929       201384
        Output:    3595934800          0  481116855772            0
    Adaptive Statistics:
        Adaptive Adjusts:          0
        Adaptive Scans  :          0
        Adaptive Updates:          0
    Link:
      et-1/1/0.0
        Input :    1418548652         52  258681367953       139584
        Output:       2980941          0     923715991            0
      et-0/1/0.0
        Input :    1734605210         48  285719830175        61800
        Output:    3594644287          0  481603427318            0


    Aggregate member links: 2

    LACP info:        Role     System             System       Port     Port    Port 
                             priority         identifier   priority   number     key 
      et-1/1/0.0     Actor        127  64:64:9b:ba:eb:c0        127        2       2
      et-1/1/0.0   Partner        127  50:c7:09:c6:c4:26        127       19       6
      et-0/1/0.0     Actor        127  64:64:9b:ba:eb:c0        127        1       2
      et-0/1/0.0   Partner        127  50:c7:09:c6:c4:26        127       18       6
    LACP Statistics:       LACP Rx     LACP Tx   Unknown Rx   Illegal Rx 
      et-1/1/0.0          44223389    44257371            0            0
      et-0/1/0.0          65589716    65642535            0            0
    Marker Statistics:   Marker Rx     Resp Tx   Unknown Rx   Illegal Rx
      et-1/1/0.0                 0           0            0            0
      et-0/1/0.0                 0           0            0            0
    Protocol inet, MTU: 9198
    Max nh cache: 75000, New hold nh limit: 75000, Curr nh cnt: 1, Curr new hold cnt: 0, NH drop cnt: 0
    Generation: 151, Route table: 0
      Flags: Sendbcast-pkt-to-re
      Addresses, Flags: Is-Preferred Is-Primary
        Destination: 23.255.224.70/31, Local: 23.255.224.71, Broadcast: Unspecified, Generation: 149
    Protocol iso, MTU: 9195, Generation: 152, Route table: 0
      Flags: Is-Primary
    Protocol inet6, MTU: 9198
    Max nh cache: 75000, New hold nh limit: 75000, Curr nh cnt: 1, Curr new hold cnt: 0, NH drop cnt: 0
    Generation: 153, Route table: 0
      Flags: Is-Primary
      Addresses, Flags: Is-Preferred
        Destination: fe80::/64, Local: fe80::6664:9bff:feba:ebc0
    Protocol mpls, MTU: 9178, Maximum labels: 5, Generation: 151
    Generation: 154, Route table: 0
      Flags: Is-Primary
    Protocol multiservice, MTU: Unlimited, Generation: 155, Route table: 0
      Flags: Is-Primary
      Policer: Input: __default_arp_policer__

--- show interfaces et-1/1/0.0 ---
iming_metrics {
  queue_time_seconds: 5.8424659073352814e-05
  execution_time_seconds: 5.0653463760390878
}
data: "  Logical interface et-1/1/0.0 (Index 341) (SNMP ifIndex 578)
    Flags: Up SNMP-Traps 0x4004000 Encapsulation: ENET2
    Input packets : 1420143366
    Output packets: 2980942
    Protocol aenet, AE bundle: ae1.0

--- show interfaces et-0/1/0.0 ---
iming_metrics {
  queue_time_seconds: 3.3343210816383362e-05
  execution_time_seconds: 5.0768965110182762
}
data: "  Logical interface et-0/1/0.0 (Index 348) (SNMP ifIndex 577)
    Flags: Up SNMP-Traps 0x4004000 Encapsulation: ENET2
    Input packets : 1736970911
    Output packets: 3594646112
    Protocol aenet, AE bundle: ae1.0

--- Processed Data ---
{
    "role": "metro",
    "year": 2024,
    "ae1": {
        "neighbor": "CR01.SAT102",
        "Circuit": "SR",
        "description": "  Description: [R=CR01.SAT102][I=AE5][S=ACTIVE][U=CORE]",
        "speed": "200Gbps",
        "speed_human": 200000000000,
        "input_bps": 201384,
        "input_bps_percent": 0.00010069199999999999,
        "output_bps": 156496,
        "output_bps_percent": 7.8248e-05,
        "input_pps": 100,
        "output_pps": 84,
        "ae_list": [
            "et-1/1/0.0",
            "et-0/1/0.0"
        ],
        "member_speeds": {
            "et-1/1/0.0": "Unknown",
            "et-0/1/0.0": "Unknown"
        },
        "is_400g_upgraded": false,
        "upgrade_status": "Not upgraded"
    }
}
