Processing device: pr01.las102

--- show version ---
iming_metrics {
  queue_time_seconds: 4.4202897697687149e-05
  execution_time_seconds: 3.5403679269365966
}
data: "Hostname: re0-pr01.las102
Model: mx960
Junos: 22.2R3-S1.9
JUNOS OS Kernel 64-bit  [20230512.628256f_builder_stable_12_222]
JUNOS OS libs [20230512.628256f_builder_stable_12_222]
JUNOS OS runtime [20230512.628256f_builder_stable_12_222]
JUNOS OS time zone information [20230512.628256f_builder_stable_12_222]
JUNOS network stack and utilities [20230610.093001_builder_junos_222_r3_s1]
JUNOS libs [20230610.093001_builder_junos_222_r3_s1]
JUNOS OS libs compat32 [20230512.628256f_builder_stable_12_222]
JUNOS OS 32-bit compatibility [20230512.628256f_builder_stable_12_222]
JUNOS libs compat32 [20230610.093001_builder_junos_222_r3_s1]
JUNOS runtime [20230610.093001_builder_junos_222_r3_s1]
Junos vmguest package [20230610.093001_builder_junos_222_r3_s1]
JUNOS sflow mx [20230610.093001_builder_junos_222_r3_s1]
JUNOS py extensions [20230610.093001_builder_junos_222_r3_s1]
JUNOS py base [20230610.093001_builder_junos_222_r3_s1]
JUNOS OS vmguest [20230512.628256f_builder_stable_12_222]
JUNOS OS crypto [20230512.628256f_builder_stable_12_222]
JUNOS OS boot-ve files [20230512.628256f_builder_stable_12_222]
JUNOS na telemetry [22.2R3-S1.9]
JUNOS Security Intelligence [20230610.093001_builder_junos_222_r3_s1]
JUNOS mx libs compat32 [20230610.093001_builder_junos_222_r3_s1]
JUNOS mx runtime [20230610.093001_builder_junos_222_r3_s1]
JUNOS RPD Telemetry Application [22.2R3-S1.9]
JUNOS Routing mpls-oam-basic [20230610.093001_builder_junos_222_r3_s1]
JUNOS Routing mpls-oam-advanced [20230610.093001_builder_junos_222_r3_s1]
JUNOS Routing lsys [20230610.093001_builder_junos_222_r3_s1]
JUNOS Routing controller-internal [20230610.093001_builder_junos_222_r3_s1]
JUNOS Routing controller-external [20230610.093001_builder_junos_222_r3_s1]
JUNOS Routing 32-bit Compatible Version [20230610.093001_builder_junos_222_r3_s1]
JUNOS Routing aggregated [20230610.093001_builder_junos_222_r3_s1]
Redis [20230610.093001_builder_junos_222_r3_s1]
JUNOS probe utility [20230610.093001_builder_junos_222_r3_s1]
JUNOS common platform support [20230610.093001_builder_junos_222_r3_s1]
JUNOS Openconfig [22.2R3-S1.9]
JUNOS mtx network modules [20230610.093001_builder_junos_222_r3_s1]
JUNOS modules [20230610.093001_builder_junos_222_r3_s1]
JUNOS mx modules [20230610.093001_builder_junos_222_r3_s1]
JUNOS mx libs [20230610.093001_builder_junos_222_r3_s1]
JUNOS L2 RSI Scripts [20230610.093001_builder_junos_222_r3_s1]
JUNOS SQL Sync Daemon [20230610.093001_builder_junos_222_r3_s1]
JUNOS mtx Data Plane Crypto Support [20230610.093001_builder_junos_222_r3_s1]
JUNOS daemons [20230610.093001_builder_junos_222_r3_s1]
JUNOS mx daemons [20230610.093001_builder_junos_222_r3_s1]
JUNOS Broadband Edge User Plane Apps [22.2R3-S1.9]
Junos Remote Attestation package [1.0.0+20230610.093001_builder_junos_222_r3_s1]
JUNOS appidd-mx application-identification daemon [20230610.093001_builder_junos_222_r3_s1]
JUNOS TPM2 [20230610.093001_builder_junos_222_r3_s1]
JUNOS Services URL Filter package [20230610.093001_builder_junos_222_r3_s1]
JUNOS Services TLB Service PIC package [20230610.093001_builder_junos_222_r3_s1]
JUNOS Services Telemetry [20230610.093001_builder_junos_222_r3_s1]
JUNOS Services TCP-LOG [20230610.093001_builder_junos_222_r3_s1]
JUNOS Services SSL [20230610.093001_builder_junos_222_r3_s1]
JUNOS Services SOFTWIRE [20230610.093001_builder_junos_222_r3_s1]
JUNOS Services Stateful Firewall [20230610.093001_builder_junos_222_r3_s1]
JUNOS Services RTCOM [20230610.093001_builder_junos_222_r3_s1]
JUNOS Services RPM [20230610.093001_builder_junos_222_r3_s1]
JUNOS Services PCEF package [20230610.093001_builder_junos_222_r3_s1]
JUNOS Services NAT [20230610.093001_builder_junos_222_r3_s1]
JUNOS Services Mobile Subscriber Service Container package [20230610.093001_builder_junos_222_r3_s1]
JUNOS Services MobileNext Software package [20230610.093001_builder_junos_222_r3_s1]
JUNOS Services Logging Report Framework package [20230610.093001_builder_junos_222_r3_s1]
JUNOS Services LL-PDF Container package [20230610.093001_builder_junos_222_r3_s1]
JUNOS Services Jflow Container package [20230610.093001_builder_junos_222_r3_s1]
JUNOS Services Deep Packet Inspection package [20230610.093001_builder_junos_222_r3_s1]
JUNOS Services IPSec [20230610.093001_builder_junos_222_r3_s1]
JUNOS Services IDS [20230610.093001_builder_junos_222_r3_s1]
JUNOS IDP Services [20230610.093001_builder_junos_222_r3_s1]
JUNOS Services HTTP Content Management package [20230610.093001_builder_junos_222_r3_s1]
JUNOS Services DNS Filter package (i386) [20230610.093001_builder_junos_222_r3_s1] 
JUNOS Services Crypto [20230610.093001_builder_junos_222_r3_s1]
JUNOS Services Captive Portal and Content Delivery Container package [20230610.093001_builder_junos_222_r3_s1]
JUNOS Services COS [20230610.093001_builder_junos_222_r3_s1]
JUNOS AppId Services [20230610.093001_builder_junos_222_r3_s1]
JUNOS Services Application Level Gateways [20230610.093001_builder_junos_222_r3_s1]
JUNOS Services AACL Container package [20230610.093001_builder_junos_222_r3_s1]
JUNOS SDN Software Suite [20230610.093001_builder_junos_222_r3_s1]
JUNOS Extension Toolkit [20230610.093001_builder_junos_222_r3_s1]
JUNOS Phone-home [20230610.093001_builder_junos_222_r3_s1]
JUNOS Packet Forwarding Engine Support (wrlinux9) [20230610.093001_builder_junos_222_r3_s1]
JUNOS Packet Forwarding Engine Support (MX/EX92XX Common) [20230610.093001_builder_junos_222_r3_s1]
JUNOS Packet Forwarding Engine Support (M/T Common) [20230610.093001_builder_junos_222_r3_s1]
JUNOS Packet Forwarding Engine Support (aft) [20230610.093001_builder_junos_222_r3_s1]
JUNOS Packet Forwarding Engine Support (MX Common) [20230610.093001_builder_junos_222_r3_s1]
JUNOS Juniper Malware Removal Tool (JMRT) [1.0.0+20230610.093001_builder_junos_222_r3_s1]
JUNOS J-Insight [20230610.093001_builder_junos_222_r3_s1]
JUNOS jfirmware [20230518.103303_builder_junos_222_r3_s1]
JUNOS Online Documentation [20230610.093001_builder_junos_222_r3_s1]
JUNOS jail runtime [20230512.628256f_builder_stable_12_222]
JUNOS dsa dsa [22.2R3-S1.9]

--- show interfaces terse ---
iming_metrics {
  queue_time_seconds: 3.942614421248436e-05
  execution_time_seconds: 3.2094645909965038
}
data: "Interface               Admin Link Proto    Local                 Remote
lc-0/0/0                up    up
lc-0/0/0.32769          up    up   vpls    
pfe-0/0/0               up    up
pfe-0/0/0.16383         up    up   inet    
                                   inet6   
pfh-0/0/0               up    up
pfh-0/0/0.16383         up    up   inet    
pfh-0/0/0.16384         up    up   inet    
xe-0/0/0                up    down
xe-0/0/0.16386          up    down
xe-0/0/1                up    down
xe-0/0/1.16386          up    down
xe-0/0/2                up    down
xe-0/0/2.16386          up    down
xe-0/0/3                up    up
xe-0/0/3.16386          up    up  
et-0/1/0                up    up
et-0/1/0.0              up    up   aenet    --> ae0.0
lc-0/2/0                up    up
lc-0/2/0.32769          up    up   vpls    
pfe-0/2/0               up    up
pfe-0/2/0.16383         up    up   inet    
                                   inet6   
xe-0/2/0                up    down
xe-0/2/0.16386          up    down
xe-0/2/1                up    down
xe-0/2/1.16386          up    down
xe-0/2/2                up    down
xe-0/2/2.16386          up    down
xe-0/2/3                up    down
xe-0/2/3.16386          up    down
et-0/3/0                up    up
et-0/3/0.0              up    up   inet     192.200.234.32/31
                                   inet6    2605:a600:201::cc/127
                                            fe80::16b3:a1ff:feaf:1f6b/64
                                   multiservice
lc-1/0/0                up    up
lc-1/0/0.32769          up    up   vpls    
pfe-1/0/0               up    up
pfe-1/0/0.16383         up    up   inet    
                                   inet6   
pfh-1/0/0               up    up
pfh-1/0/0.16383         up    up   inet    
pfh-1/0/0.16384         up    up   inet    
xe-1/0/0                up    down
xe-1/0/0.16386          up    down
xe-1/0/1                up    down
xe-1/0/1.16386          up    down
xe-1/0/2                up    down
xe-1/0/2.16386          up    down
xe-1/0/3                up    down
xe-1/0/3.16386          up    down
et-1/1/0                up    up
et-1/1/0.0              up    up   aenet    --> ae0.0
lc-1/2/0                up    up
lc-1/2/0.32769          up    up   vpls    
pfe-1/2/0               up    up
pfe-1/2/0.16383         up    up   inet    
                                   inet6   
xe-1/2/0                up    down
xe-1/2/0.16386          up    down
xe-1/2/1                up    down
xe-1/2/1.16386          up    down
xe-1/2/2                up    down
xe-1/2/2.16386          up    down
xe-1/2/3                up    down
xe-1/2/3.16386          up    down
et-1/3/0                up    down
et-1/3/0.16386          up    down
ae0                     up    up
ae0.0                   up    up   inet     23.255.226.93/31
                                   iso     
                                   inet6    fe80::16b3:a1ff:feaf:26b0/64
                                   mpls    
                                   multiservice
cbp0                    up    up
demux0                  up    up
dsc                     up    up
em0                     up    up
em0.32768               up    up   inet     192.168.1.1/24  
esi                     up    up
fti0                    up    up
fti1                    up    up
fti2                    up    up
fti3                    up    up
fti4                    up    up
fti5                    up    up
fti6                    up    up
fti7                    up    up
fxp0                    up    up
fxp0.0                  up    up   inet     10.144.56.23/27 
gre                     up    up
igb0                    up    up
igb0.0                  up    up   inet     10.0.0.4/8      
                                            128.0.0.1/2     
                                            128.0.0.4/2     
                                   inet6    fe80::200:1ff:fe00:4/64
                                            fec0::a:0:0:4/64
                                   tnp      0x4             
ipip                    up    up
irb                     up    up
ixlv0                   up    up
ixlv0.0                 up    up   inet     10.0.0.4/8      
                                            128.0.0.1/2     
                                            128.0.0.4/2     
                                   inet6    fe80::200:ff:fe00:4/64
                                            fec0::a:0:0:4/64
                                   tnp      0x4             
jsrv                    up    up
jsrv.1                  up    up   inet     128.0.0.127/2   
lo0                     up    up
lo0.0                   up    up   inet     192.119.16.58       --> 0/0
                                   iso      49.0001.1921.1901.6058
                                   inet6    2605:a601:ffff:9009:1e:f1ba:0:8a
                                            fe80::8a30:370f:fc43:1912
lo0.16384               up    up   inet     127.0.0.1           --> 0/0
lo0.16385               up    up   inet    
lsi                     up    up
mif                     up    up
mtun                    up    up
pimd                    up    up
pime                    up    up
pip0                    up    up
pp0                     up    up
rbeb                    up    up
tap                     up    up
vtep                    up    up

--- show interfaces xe-0/0/3 extensive ---
iming_metrics {
  queue_time_seconds: 4.9509108066558838e-05
  execution_time_seconds: 3.2889144578948617
}
data: "Physical interface: xe-0/0/3, Enabled, Physical link is Up
  Interface index: 160, SNMP ifIndex: 653, Generation: 163
  Link-level type: Ethernet, MTU: 1514, MRU: 1522, LAN-PHY mode, Speed: 10Gbps, BPDU Error: None, Loop Detect PDU Error: None, MAC-REWRITE Error: None, Loopback: None, Source filtering: Disabled, Flow control: Enabled, Speed Configuration: Auto
  Pad to minimum frame size: Disabled
  Device flags   : Present Running
  Interface flags: SNMP-Traps Internal: 0x4000
  Link flags     : None
  CoS queues     : 8 supported, 8 maximum usable queues
  Schedulers     : 0
  Hold-times     : Up 0 ms, Down 0 ms
  Damping        : half-life: 0 sec, max-suppress: 0 sec, reuse: 0, suppress: 0, state: unsuppressed
  Current address: 14:b3:a1:af:1e:f3, Hardware address: 14:b3:a1:af:1e:f3
  Last flapped   : 2026-05-14 21:16:54 UTC (02:12:36 ago)
  Statistics last cleared: Never
  Traffic statistics:
   Input  bytes  :                  264                    0 bps
   Output bytes  :                95370                    0 bps
   Input  packets:                    3                    0 pps
   Output packets:                  289                    0 pps
   IPv6 transit statistics:
   Input  bytes  :                  264
   Output bytes  :                    0
   Input  packets:                    3
   Output packets:                    0
  Dropped traffic statistics due to STP State:
   Input  bytes  :                    0
   Output bytes  :                    0
   Input  packets:                    0
   Output packets:                    0
  Input errors:
    Errors: 0, Drops: 0, Framing errors: 0, Runts: 0, Policed discards: 0, L3 incompletes: 0, L2 channel errors: 0, L2 mismatch timeouts: 0, FIFO errors: 0, Resource errors: 0
  Output errors:
    Carrier transitions: 1, Errors: 0, Drops: 0, Collisions: 0, Aged packets: 0, FIFO errors: 0, HS link CRC errors: 0, MTU errors: 0, Resource errors: 0
  Egress queues: 8 supported, 6 in use
  Queue counters:       Queued packets  Transmitted packets      Dropped packets
    0                                0                    0                    0
    1                                0                    0                    0
    2                                0                    0                    0
    3                              289                  289                    0
    4                                0                    0                    0
    5                                0                    0                    0
  Queue number:         Mapped forwarding classes
    0                   TC1
    1                   TC2
    2                   TC3
    3                   NC
    4                   TC4
    5                   EF
  Active alarms  : None
  Active defects : None
  PCS statistics                      Seconds
    Bit errors                             5
    Errored blocks                         5
  MAC statistics:                      Receive         Transmit
    Total octets                           318            96526
    Total packets                            3              289
    Unicast packets                          0                0
    Broadcast packets                        0                0
    Multicast packets                        3              289
    CRC/Align errors                         0                0
    FIFO errors                              0                0
    MAC control frames                       0                0
    MAC pause frames                         0                0
    Oversized frames                         0
    Jabber frames                            0
    Fragment frames                          0
    VLAN tagged frames                       0
    Code violations                          0
    Total errors                             0                0
  Filter statistics:
    Input packet count                       3
    Input packet rejects                     3
    Input DA rejects                         0
    Input SA rejects                         0
    Output packet count                                     289
    Output packet pad count                                   0
    Output packet error count                                 0
    CAM destination filters: 0, CAM source filters: 0
  Packet Forwarding Engine configuration:
    Destination slot: 0 (0x00)
  CoS information:
    Direction : Output
    CoS transmit queue               Bandwidth               Buffer Priority   Limit
                              %            bps     %           usec
    0 TC1                     5      500000000     r              0      low    none
    1 TC2                    20     2000000000     r              0 medium-low    none
    2 TC3                    30     3000000000     r              0 medium-high    none
    3 NC                      1      100000000     r              0     high    none
    4 TC4                    39     3900000000     r              0     high    none
    5 EF                      5      500000000     r              0 strict-high   exact
  Preclassifier statistics:
    Traffic Class        Received Packets   Transmitted  Packets      Dropped Packets
    real-time                           0                      0                    0
    network-control                     1                      1                    0
    best-effort                         2                      2                    0
  Link Degrade :                      
    Link Monitoring                   :  Disable
  Interface transmit statistics: Disabled

  Logical interface xe-0/0/3.16386 (Index 345) (SNMP ifIndex 654) (Generation 154)
    Flags: Up SNMP-Traps 0x4004000 Encapsulation: ENET2
    Traffic statistics:
     Input  bytes  :                  264
     Output bytes  :               112710
     Input  packets:                    3
     Output packets:                  289
    Local statistics:
     Input  bytes  :                    0
     Output bytes  :               112710
     Input  packets:                    0
     Output packets:                  289
    Transit statistics:
     Input  bytes  :                  264                    0 bps
     Output bytes  :                    0                    0 bps
     Input  packets:                    3                    0 pps
     Output packets:                    0                    0 pps

--- show interfaces et-0/1/0 extensive ---
iming_metrics {
  queue_time_seconds: 5.4446980357170105e-05
  execution_time_seconds: 3.4147125789895654
}
data: "Physical interface: et-0/1/0, Enabled, Physical link is Up
  Interface index: 161, SNMP ifIndex: 657, Generation: 164
  Description: [R=PR01.LAS102][I=ET-0/0/4][A=AE4][S=TESTING][U=CORE]
  Link-level type: Ethernet, MTU: 9212, MRU: 9220, Speed: 100Gbps, BPDU Error: None, Loop Detect PDU Error: None, Loopback: Disabled, Source filtering: Disabled, Flow control: Disabled
  Pad to minimum frame size: Disabled
  Device flags   : Present Running
  Interface flags: SNMP-Traps Internal: 0x4000
  Link flags     : None
  CoS queues     : 8 supported, 8 maximum usable queues
  Schedulers     : 0
  Hold-times     : Up 0 ms, Down 0 ms
  Damping        : half-life: 0 sec, max-suppress: 0 sec, reuse: 0, suppress: 0, state: unsuppressed
  Current address: 14:b3:a1:af:26:b0, Hardware address: 14:b3:a1:af:1f:19
  Last flapped   : 2025-12-02 04:13:18 UTC (23w2d 19:16 ago)
  Statistics last cleared: Never
  Traffic statistics:
   Input  bytes  :         486252703720               240424 bps
   Output bytes  :          45858696638                16696 bps
   Input  packets:           6264253425                  502 pps
   Output packets:            511541766                   34 pps
   IPv6 transit statistics:
   Input  bytes  :             13775553
   Output bytes  :                    0
   Input  packets:               253731
   Output packets:                    0
  Label-switched interface (LSI) traffic statistics:
   Input  bytes  :                    0                    0 bps
   Input  packets:                    0                    0 pps
  Dropped traffic statistics due to STP State:
   Input  bytes  :                    0
   Output bytes  :                    0
   Input  packets:                    0
   Output packets:                    0
  Input errors:
    Errors: 0, Drops: 0, Framing errors: 0, Runts: 0, Policed discards: 0, L3 incompletes: 0, L2 channel errors: 0, L2 mismatch timeouts: 0, FIFO errors: 0, Resource errors: 0
  Output errors:
    Carrier transitions: 1, Errors: 0, Drops: 0, Collisions: 0, Aged packets: 0, FIFO errors: 0, HS link CRC errors: 0, MTU errors: 0, Resource errors: 0
  Egress queues: 8 supported, 6 in use
  Queue counters:       Queued packets  Transmitted packets      Dropped packets
    0                        491662252            491662252                    0
    1                                0                    0                    0
    2                                0                    0                    0
    3                         34015011             34015011                    0
    4                                0                    0                    0
    5                            16873                16873                    0
  Queue number:         Mapped forwarding classes
    0                   TC1
    1                   TC2
    2                   TC3
    3                   NC
    4                   TC4
    5                   EF
  Active alarms  : None
  Active defects : None
  PCS statistics                      Seconds
    Bit errors                             2
    Errored blocks                         2
  Ethernet FEC statistics              Errors
    FEC Corrected Errors                    0
    FEC Uncorrected Errors                  0
    FEC Corrected Errors Rate               0
    FEC Uncorrected Errors Rate             0
  MAC statistics:                      Receive         Transmit
    Total octets                  598816473553      58955490008
    Total packets                   6264254075        525694151
    Unicast packets                 6249592316        510953172
    Broadcast packets                        0               87
    Multicast packets                 14661759         14740892
    CRC/Align errors                         0                0
    FIFO errors                              0                0
    MAC control frames                       0                0
    MAC pause frames                         0                0
    Oversized frames                         0
    Jabber frames                            0
    Fragment frames                          0
    VLAN tagged frames                       0
    Code violations                          0
    Total errors                             0                0
  Filter statistics:
    Input packet count              6264253543
    Input packet rejects                     0
    Input DA rejects                         0
    Input SA rejects                         0
    Output packet count                               525694116
    Output packet pad count                                   0
    Output packet error count                                 0
    CAM destination filters: 0, CAM source filters: 0
  Packet Forwarding Engine configuration:
    Destination slot: 0 (0x00)
  CoS information:
    Direction : Output
    CoS transmit queue               Bandwidth               Buffer Priority   Limit
                              %            bps     %           usec
    0 TC1                     5     5000000000     r              0      low    none
    1 TC2                    20    20000000000     r              0 medium-low    none
    2 TC3                    30    30000000000     r              0 medium-high    none
    3 NC                      1     1000000000     r              0     high    none
    4 TC4                    39    39000000000     r              0     high    none
    5 EF                      5     5000000000     r              0 strict-high   exact
  Preclassifier statistics:
    Traffic Class        Received Packets   Transmitted  Packets      Dropped Packets
    real-time                           0                      0                    0
    network-control             276266292              276266292                    0
    best-effort                5987987233             5987987233                    0
  Link Degrade :                      
    Link Monitoring                   :  Disable
  Interface transmit statistics: Disabled

  Logical interface et-0/1/0.0 (Index 346) (SNMP ifIndex 658) (Generation 155)
    Flags: Up SNMP-Traps 0x4004000 Encapsulation: ENET2
    Traffic statistics:
     Input  bytes  :         486252073432
     Output bytes  :          45611783251
     Input  packets:           6264251834
     Output packets:            509200317
     IPv6 transit statistics:
     Input  bytes  :             13775553
     Output bytes  :                    0
     Input  packets:               253731
     Output packets:                    0
    Local statistics:
     Input  bytes  :            191038054
     Output bytes  :            221116590
     Input  packets:               508376
     Output packets:               508314
    Transit statistics:
     Input  bytes  :         486061035378               240424 bps
     Output bytes  :          45390666661                16696 bps
     Input  packets:           6263743458                  502 pps
     Output packets:            508692003                   34 pps
     IPv6 transit statistics:
      Input  bytes  :            13775553                    0 bps
      Output bytes  :                   0                    0 bps
      Input  packets:              253731                    0 pps
      Output packets:                   0                    0 pps
    Protocol aenet, AE bundle: ae0.0, Generation: 182, Route table: 0

--- show interfaces et-0/3/0 extensive ---
iming_metrics {
  queue_time_seconds: 9.06558707356453e-05
  execution_time_seconds: 3.2450738865882158
}
data: "Physical interface: et-0/3/0, Enabled, Physical link is Up
  Interface index: 166, SNMP ifIndex: 656, Generation: 169
  Description: [R=WEBPASS-CORE01.LAS102][I=1/1/C7/1][S=ACTIVE][U=CUSTOMER][T=PC19165]
  Link-level type: Ethernet, MTU: 1514, MRU: 1522, Speed: 100Gbps, BPDU Error: None, Loop Detect PDU Error: None, Loopback: Disabled, Source filtering: Disabled, Flow control: Enabled
  Pad to minimum frame size: Disabled
  Device flags   : Present Running
  Interface flags: SNMP-Traps Internal: 0x4000
  Link flags     : None
  CoS queues     : 8 supported, 8 maximum usable queues
  Schedulers     : 0
  Hold-times     : Up 0 ms, Down 0 ms
  Damping        : half-life: 0 sec, max-suppress: 0 sec, reuse: 0, suppress: 0, state: unsuppressed
  Current address: 14:b3:a1:af:1f:6b, Hardware address: 14:b3:a1:af:1f:6b
  Last flapped   : 2025-12-08 00:15:54 UTC (22w3d 23:13 ago)
  Statistics last cleared: Never
  Traffic statistics:
   Input  bytes  :          92787310087                34512 bps
   Output bytes  :         819090888597               366568 bps
   Input  packets:           1035591588                   71 pps
   Output packets:          11932680952                  931 pps
   IPv6 transit statistics:
   Input  bytes  :            222116975
   Output bytes  :            347773700
   Input  packets:              2418388
   Output packets:              5904701
  Dropped traffic statistics due to STP State:
   Input  bytes  :                    0
   Output bytes  :                    0
   Input  packets:                    0
   Output packets:                    0
  Input errors:
    Errors: 0, Drops: 0, Framing errors: 0, Runts: 0, Policed discards: 0, L3 incompletes: 0, L2 channel errors: 0, L2 mismatch timeouts: 0, FIFO errors: 0, Resource errors: 0
  Output errors:
    Carrier transitions: 3, Errors: 0, Drops: 0, Collisions: 0, Aged packets: 0, FIFO errors: 0, HS link CRC errors: 0, MTU errors: 0, Resource errors: 0
  Egress queues: 8 supported, 6 in use
  Queue counters:       Queued packets  Transmitted packets      Dropped packets
    0                      11881114035          11881114035                    0
    1                               51                   51                    0
    2                                0                    0                    0
    3                         51566727             51566727                    0
    4                                0                    0                    0
    5                                0                    0                    0
  Queue number:         Mapped forwarding classes
    0                   TC1
    1                   TC2
    2                   TC3
    3                   NC
    4                   TC4
    5                   EF
  Active alarms  : None
  Active defects : None
  PCS statistics                      Seconds
    Bit errors                             5
    Errored blocks                         5
  Ethernet FEC statistics              Errors
    FEC Corrected Errors                    0
    FEC Uncorrected Errors                  0
    FEC Corrected Errors Rate               0
    FEC Uncorrected Errors Rate             0
  MAC statistics:                      Receive         Transmit
    Total octets                  111673013471    1065990310716
    Total packets                   1035591606      11932681096
    Unicast packets                 1035591558      11932124070
    Broadcast packets                        7            47144
    Multicast packets                       41           509882
    CRC/Align errors                         0                0
    FIFO errors                              0                0
    MAC control frames                       0                0
    MAC pause frames                         0                0
    Oversized frames                         0
    Jabber frames                            0
    Fragment frames                          0
    VLAN tagged frames                       0
    Code violations                          0
    Total errors                             0                0
  Filter statistics:
    Input packet count              1035591463
    Input packet rejects                     0
    Input DA rejects                         0
    Input SA rejects                         0
    Output packet count                             11932679240
    Output packet pad count                                   0
    Output packet error count                                 0
    CAM destination filters: 0, CAM source filters: 0
  Packet Forwarding Engine configuration:
    Destination slot: 0 (0x00)
  CoS information:
    Direction : Output
    CoS transmit queue               Bandwidth               Buffer Priority   Limit
                              %            bps     %           usec
    0 TC1                     5     5000000000     r              0      low    none
    1 TC2                    20    20000000000     r              0 medium-low    none
    2 TC3                    30    30000000000     r              0 medium-high    none
    3 NC                      1     1000000000     r              0     high    none
    4 TC4                    39    39000000000     r              0     high    none
    5 EF                      5     5000000000     r              0 strict-high   exact
  Preclassifier statistics:
    Traffic Class        Received Packets   Transmitted  Packets      Dropped Packets
    real-time                           0                      0                    0
    network-control             801956698              801956698                    0
    best-effort                 233634901              233634901                    0
  Link Degrade :                      
    Link Monitoring                   :  Disable
  Interface transmit statistics: Disabled

  Logical interface et-0/3/0.0 (Index 351) (SNMP ifIndex 698) (Generation 160)
    Flags: Up SNMP-Traps 0x4004000 Encapsulation: ENET2
    Traffic statistics:
     Input  bytes  :          92779004802
     Output bytes  :         819067872787
     Input  packets:           1035458988
     Output packets:          11932530880
     IPv6 transit statistics:
     Input  bytes  :           1926044301
     Output bytes  :           7196893806
     Input  packets:             25959942
     Output packets:             29803414
    Local statistics:
     Input  bytes  :           3091173430
     Output bytes  :          12777406998
     Input  packets:             50040036
     Output packets:             51416968
    Transit statistics:
     Input  bytes  :          89687831372                31912 bps
     Output bytes  :         806290465789               357688 bps
     Input  packets:            985418952                   67 pps
     Output packets:          11881113912                  927 pps
     IPv6 transit statistics:
      Input  bytes  :           222116975                 2112 bps
      Output bytes  :           347773700                  192 bps
      Input  packets:             2418388                    3 pps
      Output packets:             5904701                    0 pps
    Protocol inet, MTU: 1500
    Max nh cache: 75000, New hold nh limit: 75000, Curr nh cnt: 1, Curr new hold cnt: 0, NH drop cnt: 0
    Generation: 183, Route table: 0
      Flags: Sendbcast-pkt-to-re
      Addresses, Flags: Is-Preferred Is-Primary
        Destination: 192.200.234.32/31, Local: 192.200.234.32, Broadcast: Unspecified, Generation: 156
    Protocol inet6, MTU: 1500
    Max nh cache: 75000, New hold nh limit: 75000, Curr nh cnt: 2, Curr new hold cnt: 0, NH drop cnt: 0
    Generation: 184, Route table: 0
      Addresses, Flags: Is-Preferred Is-Primary
        Destination: 2605:a600:201::cc/127, Local: 2605:a600:201::cc
    Generation: 158
      Addresses, Flags: Is-Preferred
        Destination: fe80::/64, Local: fe80::16b3:a1ff:feaf:1f6b
    Protocol multiservice, MTU: Unlimited, Generation: 160
    Generation: 185, Route table: 0
      Policer: Input: __default_arp_policer__

--- show interfaces et-1/1/0 extensive ---
iming_metrics {
  queue_time_seconds: 1.0004177591763437
  execution_time_seconds: 3.2485222481191158
}
data: "Physical interface: et-1/1/0, Enabled, Physical link is Up
  Interface index: 171, SNMP ifIndex: 686, Generation: 174
  Description: [R=PR01.LAS102][I=ET-1/0/4][A=AE4][S=TESTING][U=CORE]
  Link-level type: Ethernet, MTU: 9212, MRU: 9220, Speed: 100Gbps, BPDU Error: None, Loop Detect PDU Error: None, Loopback: Disabled, Source filtering: Disabled, Flow control: Disabled
  Pad to minimum frame size: Disabled
  Device flags   : Present Running
  Interface flags: SNMP-Traps Internal: 0x4000
  Link flags     : None
  CoS queues     : 8 supported, 8 maximum usable queues
  Schedulers     : 0
  Hold-times     : Up 0 ms, Down 0 ms
  Damping        : half-life: 0 sec, max-suppress: 0 sec, reuse: 0, suppress: 0, state: unsuppressed
  Current address: 14:b3:a1:af:26:b0, Hardware address: 14:b3:a1:af:1f:be
  Last flapped   : 2025-12-02 04:13:29 UTC (23w2d 19:16 ago)
  Statistics last cleared: Never
  Traffic statistics:
   Input  bytes  :         522229215941               222032 bps
   Output bytes  :         159474467216               144072 bps
   Input  packets:           6432434748                  470 pps
   Output packets:           1247547833                  110 pps
   IPv6 transit statistics:
   Input  bytes  :             13670969
   Output bytes  :                    0
   Input  packets:               247029
   Output packets:                    0
  Label-switched interface (LSI) traffic statistics:
   Input  bytes  :                    0                    0 bps
   Input  packets:                    0                    0 pps
  Dropped traffic statistics due to STP State:
   Input  bytes  :                    0
   Output bytes  :                    0
   Input  packets:                    0
   Output packets:                    0
  Input errors:
    Errors: 0, Drops: 0, Framing errors: 0, Runts: 0, Policed discards: 0, L3 incompletes: 0, L2 channel errors: 0, L2 mismatch timeouts: 0, FIFO errors: 0, Resource errors: 0
  Output errors:
    Carrier transitions: 1, Errors: 0, Drops: 0, Collisions: 0, Aged packets: 0, FIFO errors: 0, HS link CRC errors: 0, MTU errors: 0, Resource errors: 0
  Egress queues: 8 supported, 6 in use
  Queue counters:       Queued packets  Transmitted packets      Dropped packets
    0                        464409045            464409045                    0
    1                                0                    0                    0
    2                                0                    0                    0
    3                        797289659            797289659                    0
    4                                0                    0                    0
    5                             1521                 1521                    0
  Queue number:         Mapped forwarding classes
    0                   TC1
    1                   TC2
    2                   TC3
    3                   NC
    4                   TC4
    5                   EF
  Active alarms  : None
  Active defects : None
  PCS statistics                      Seconds
    Bit errors                             2
    Errored blocks                         2
  Ethernet FEC statistics              Errors
    FEC Corrected Errors                    0
    FEC Uncorrected Errors                  0
    FEC Corrected Errors Rate               0
    FEC Uncorrected Errors Rate             0
  MAC statistics:                      Receive         Transmit
    Total octets                  637579247105     175051949982
    Total packets                   6432435255       1261700313
    Unicast packets                 6399654659       1221788565
    Broadcast packets                    25811            25566
    Multicast packets                 32754785         39886182
    CRC/Align errors                         0                0
    FIFO errors                              0                0
    MAC control frames                       0                0
    MAC pause frames                         0                0
    Oversized frames                         0
    Jabber frames                            0
    Fragment frames                          0
    VLAN tagged frames                       0
    Code violations                          0
    Total errors                             0                0
  Filter statistics:
    Input packet count              6432434755
    Input packet rejects                     0
    Input DA rejects                         0
    Input SA rejects                         0
    Output packet count                              1261700209
    Output packet pad count                                   0
    Output packet error count                                 0
    CAM destination filters: 0, CAM source filters: 0
  Packet Forwarding Engine configuration:
    Destination slot: 0 (0x00)
  CoS information:
    Direction : Output
    CoS transmit queue               Bandwidth               Buffer Priority   Limit
                              %            bps     %           usec
    0 TC1                     5     5000000000     r              0      low    none
    1 TC2                    20    20000000000     r              0 medium-low    none
    2 TC3                    30    30000000000     r              0 medium-high    none
    3 NC                      1     1000000000     r              0     high    none
    4 TC4                    39    39000000000     r              0     high    none
    5 EF                      5     5000000000     r              0 strict-high   exact
  Preclassifier statistics:
    Traffic Class        Received Packets   Transmitted  Packets      Dropped Packets
    real-time                           0                      0                    0
    network-control             443798687              443798687                    0
    best-effort                5988636153             5988636153                    0
  Link Degrade :                      
    Link Monitoring                   :  Disable
  Interface transmit statistics: Disabled

  Logical interface et-1/1/0.0 (Index 356) (SNMP ifIndex 687) (Generation 165)
    Flags: Up SNMP-Traps 0x4004000 Encapsulation: ENET2
    Traffic statistics:
     Input  bytes  :         522228585679
     Output bytes  :         159504355000
     Input  packets:           6432433157
     Output packets:           1247545981
     IPv6 transit statistics:
     Input  bytes  :             13670969
     Output bytes  :              1884262
     Input  packets:               247029
     Output packets:                22977
    Local statistics:
     Input  bytes  :            191051989
     Output bytes  :         114705944855
     Input  packets:               508413
     Output packets:            766140789
    Transit statistics:
     Input  bytes  :         522037533690               220576 bps
     Output bytes  :          44798410145                23696 bps
     Input  packets:           6431924744                  470 pps
     Output packets:            481405192                   36 pps
     IPv6 transit statistics:
      Input  bytes  :            13670969                    0 bps
      Output bytes  :                   0                    0 bps
      Input  packets:              247029                    0 pps
      Output packets:                   0                    0 pps
    Protocol aenet, AE bundle: ae0.0, Generation: 186, Route table: 0

--- show interfaces ae0 extensive ---
iming_metrics {
  queue_time_seconds: 4.373723641037941e-05
  execution_time_seconds: 3.2885945169255137
}
data: "Physical interface: ae0, Enabled, Physical link is Up
  Interface index: 128, SNMP ifIndex: 627, Generation: 131
  Description: [R=CR01.LAS102][I=AE4][S=ACTIVE][U=CORE]
  Link-level type: Ethernet, MTU: 9212, Speed: 200Gbps, BPDU Error: None, MAC-REWRITE Error: None, Loopback: Disabled, Source filtering: Disabled, Flow control: Disabled
  Pad to minimum frame size: Disabled
  Minimum links needed: 1, Minimum bandwidth needed: 1bps
  Device flags   : Present Running
  Interface flags: SNMP-Traps Internal: 0x4000
  Current address: 14:b3:a1:af:26:b0, Hardware address: 14:b3:a1:af:26:b0
  Last flapped   : 2025-12-02 04:13:20 UTC (23w2d 19:16 ago)
  Statistics last cleared: Never
  Traffic statistics:
   Input  bytes  :        1008482804338               505112 bps
   Output bytes  :         209947272535               114976 bps
   Input  packets:          12696701494                  980 pps
   Output packets:           1759091015                  125 pps
   IPv6 transit statistics:
   Input  bytes  :              4058087
   Output bytes  :                    0
   Input  packets:                57950
   Output packets:                    0
  Label-switched interface (LSI) traffic statistics:
   Input  bytes  :                    0                    0 bps
   Input  packets:                    0                    0 pps
  Dropped traffic statistics due to STP State:
   Input  bytes  :                    0
   Output bytes  :                    0
   Input  packets:                    0
   Output packets:                    0
  MAC statistics:                      Receive         Transmit
    Broadcast packets                    25811            25653
    Multicast packets                 47416579         54627111
  Input errors:
    Errors: 0, Drops: 0, Framing errors: 0, Runts: 0, Giants: 0, Policed discards: 0, Resource errors: 0
  Output errors:
    Carrier transitions: 0, Errors: 0, Drops: 0, MTU errors: 0, Resource errors: 0
  Ingress queues: 8 supported, 6 in use
  Queue counters:       Queued packets  Transmitted packets      Dropped packets
    0                                0                    0                    0
    1                                0                    0                    0
    2                                0                    0                    0
    3                                0                    0                    0
    4                                0                    0                    0
    5                                0                    0                    0
  Egress queues: 8 supported, 6 in use
  Queue counters:       Queued packets  Transmitted packets      Dropped packets
    0                        956072157            956072157                    0
    1                                0                    0                    0
    2                                0                    0                    0
    3                        831305214            831305214                    0
    4                                0                    0                    0
    5                            18394                18394                    0
  Queue number:         Mapped forwarding classes
    0                   TC1
    1                   TC2
    2                   TC3
    3                   NC
    4                   TC4
    5                   EF

  Logical interface ae0.0 (Index 323) (SNMP ifIndex 629) (Generation 132)
    Flags: Up SNMP-Traps 0x4004000 Encapsulation: ENET2
    Statistics        Packets        pps         Bytes          bps
    Bundle:
        Input :   12695681522        980 1008099453374       505112
        Output:    1755731088         61  204674049585        38856
    Adaptive Statistics:
        Adaptive Adjusts:          0
        Adaptive Scans  :          0
        Adaptive Updates:          0
    Link:
      et-0/1/0.0
        Input :    6263753804        499  486061716088       259360
        Output:     509201020         40   45611833049        30248
      et-1/1/0.0
        Input :    6431927718        481  522037737286       245752
        Output:    1247546694         21  159504456399         8608


    Aggregate member links: 2

    LACP info:        Role     System             System       Port     Port    Port 
                             priority         identifier   priority   number     key 
      et-0/1/0.0     Actor        127  14:b3:a1:af:26:b0        127        1       1
      et-0/1/0.0   Partner        127  d4:99:6c:95:0a:e1        127       12       5
      et-1/1/0.0     Actor        127  14:b3:a1:af:26:b0        127        2       1
      et-1/1/0.0   Partner        127  d4:99:6c:95:0a:e1        127        5       5
    LACP Statistics:       LACP Rx     LACP Tx   Unknown Rx   Illegal Rx 
      et-0/1/0.0          14107801    14108363            0            0
      et-1/1/0.0          14107831    14108535            0            0
    Marker Statistics:   Marker Rx     Resp Tx   Unknown Rx   Illegal Rx
      et-0/1/0.0                 0           0            0            0
      et-1/1/0.0                 0           0            0            0
    Protocol inet, MTU: 9198
    Max nh cache: 75000, New hold nh limit: 75000, Curr nh cnt: 1, Curr new hold cnt: 0, NH drop cnt: 0
    Generation: 153, Route table: 0
      Flags: Sendbcast-pkt-to-re
      Addresses, Flags: Is-Preferred Is-Primary
        Destination: 23.255.226.92/31, Local: 23.255.226.93, Broadcast: Unspecified, Generation: 150
    Protocol iso, MTU: 9195, Generation: 154, Route table: 0
      Flags: Is-Primary
    Protocol inet6, MTU: 9198
    Max nh cache: 75000, New hold nh limit: 75000, Curr nh cnt: 1, Curr new hold cnt: 0, NH drop cnt: 0
    Generation: 155, Route table: 0
      Flags: Is-Primary
      Addresses, Flags: Is-Preferred
        Destination: fe80::/64, Local: fe80::16b3:a1ff:feaf:26b0
    Protocol mpls, MTU: 9178, Maximum labels: 5, Generation: 152
    Generation: 156, Route table: 0
      Flags: Is-Primary
    Protocol multiservice, MTU: Unlimited, Generation: 157, Route table: 0
      Flags: Is-Primary
      Policer: Input: __default_arp_policer__

--- show interfaces et-0/1/0.0 ---
iming_metrics {
  queue_time_seconds: 5.0119124352931976e-05
  execution_time_seconds: 3.1593268206343055
}
data: "  Logical interface et-0/1/0.0 (Index 346) (SNMP ifIndex 658)
    Flags: Up SNMP-Traps 0x4004000 Encapsulation: ENET2
    Input packets : 6264265090
    Output packets: 509201229
    Protocol aenet, AE bundle: ae0.0

--- show interfaces et-1/1/0.0 ---
iming_metrics {
  queue_time_seconds: 3.6894809454679489e-05
  execution_time_seconds: 3.1759422179311514
}
data: "  Logical interface et-1/1/0.0 (Index 356) (SNMP ifIndex 687)
    Flags: Up SNMP-Traps 0x4004000 Encapsulation: ENET2
    Input packets : 6432446596
    Output packets: 1247548136
    Protocol aenet, AE bundle: ae0.0

--- Processed Data ---
{
    "role": "metro",
    "year": 2024,
    "xe-0/0/3": {
        "neighbor": "Unknown",
        "Circuit": "Unknown",
        "speed": "10Gbps",
        "speed_human": 10000000000,
        "input_bps": 0,
        "input_bps_percent": 0.0,
        "output_bps": 0,
        "output_bps_percent": 0.0,
        "input_pps": 0,
        "output_pps": 0,
        "ae_list": [],
        "member_speeds": {},
        "is_400g_upgraded": false,
        "upgrade_status": "Not upgraded"
    },
    "et-0/1/0": {
        "neighbor": "PR01.LAS102",
        "Circuit": "SR",
        "description": "  Description: [R=PR01.LAS102][I=ET-0/0/4][A=AE4][S=TESTING][U=CORE]",
        "speed": "100Gbps",
        "speed_human": 100000000000,
        "input_bps": 240424,
        "input_bps_percent": 0.00024042400000000001,
        "output_bps": 16696,
        "output_bps_percent": 1.6696e-05,
        "input_pps": 502,
        "output_pps": 34,
        "ae_list": [],
        "member_speeds": {},
        "is_400g_upgraded": false,
        "upgrade_status": "Not upgraded"
    },
    "et-0/3/0": {
        "neighbor": "WEBPASS-CORE01.LAS102",
        "Circuit": "SR",
        "description": "  Description: [R=WEBPASS-CORE01.LAS102][I=1/1/C7/1][S=ACTIVE][U=CUSTOMER][T=PC19165]",
        "speed": "100Gbps",
        "speed_human": 100000000000,
        "input_bps": 34512,
        "input_bps_percent": 3.4512e-05,
        "output_bps": 366568,
        "output_bps_percent": 0.000366568,
        "input_pps": 71,
        "output_pps": 931,
        "ae_list": [],
        "member_speeds": {},
        "is_400g_upgraded": false,
        "upgrade_status": "Not upgraded"
    },
    "et-1/1/0": {
        "neighbor": "PR01.LAS102",
        "Circuit": "SR",
        "description": "  Description: [R=PR01.LAS102][I=ET-1/0/4][A=AE4][S=TESTING][U=CORE]",
        "speed": "100Gbps",
        "speed_human": 100000000000,
        "input_bps": 222032,
        "input_bps_percent": 0.000222032,
        "output_bps": 144072,
        "output_bps_percent": 0.000144072,
        "input_pps": 470,
        "output_pps": 110,
        "ae_list": [],
        "member_speeds": {},
        "is_400g_upgraded": false,
        "upgrade_status": "Not upgraded"
    },
    "ae0": {
        "neighbor": "CR01.LAS102",
        "Circuit": "SR",
        "description": "  Description: [R=CR01.LAS102][I=AE4][S=ACTIVE][U=CORE]",
        "speed": "200Gbps",
        "speed_human": 200000000000,
        "input_bps": 505112,
        "input_bps_percent": 0.000252556,
        "output_bps": 114976,
        "output_bps_percent": 5.7487999999999996e-05,
        "input_pps": 980,
        "output_pps": 125,
        "ae_list": [
            "et-0/1/0.0",
            "et-1/1/0.0"
        ],
        "member_speeds": {
            "et-0/1/0.0": "Unknown",
            "et-1/1/0.0": "Unknown"
        },
        "is_400g_upgraded": false,
        "upgrade_status": "Not upgraded"
    }
}
