==== 2026-04-29T01:55:16Z start_ai_tool_adk pid=3884223 ====
PYTHON=python3
ADK_WEB_HOST=127.0.0.1
ADK_WEB_PORT=8787
AGENTS_DIR=/usr/local/google/home/mikezh/Coding/mcp_codes/adk_agents
SESSION_DB=/usr/local/google/home/mikezh/Coding/mcp_codes/.adk_data/gfiber_web_sessions.sqlite
SESSION_URI=sqlite://///usr/local/google/home/mikezh/Coding/mcp_codes/.adk_data/gfiber_web_sessions.sqlite
ADK_LOG_FILE=/usr/local/google/home/mikezh/Coding/mcp_codes/logs/adk_web.log

Starting ADK Web UI — agents from /usr/local/google/home/mikezh/Coding/mcp_codes/adk_agents
Listening on 127.0.0.1:8787 (set ADK_WEB_PORT to avoid clashes)
Session DB: /usr/local/google/home/mikezh/Coding/mcp_codes/.adk_data/gfiber_web_sessions.sqlite (isolated from other ADK apps)
SSH tunnel from laptop: use REMOTE_PORT=8787 with start_ai_tool_adk_tunnel
Logging to: /usr/local/google/home/mikezh/Coding/mcp_codes/logs/adk_web.log (disable: START_AI_TOOL_LOG_DISABLE=1)
Ensure GEMINI_API_KEY or GOOGLE_API_KEY is set (see DESIGN_PIP_INSTALL.md).
Interactive CLI only (no web): python3 client_inmemory_v2_adk.py
/usr/local/google/home/mikezh/myenv/lib/python3.12/site-packages/authlib/_joserfc_helpers.py:8: AuthlibDeprecationWarning: authlib.jose module is deprecated, please use joserfc instead.
It will be compatible before version 2.0.0.
  from authlib.jose import ECKey
/usr/local/google/home/mikezh/myenv/lib/python3.12/site-packages/google/adk/features/_feature_decorator.py:72: UserWarning: [EXPERIMENTAL] feature FeatureName.PLUGGABLE_AUTH is enabled.
  check_feature_enabled()
2026-04-28 18:55:19,574 - INFO - service_factory.py:266 - Using in-memory memory service
2026-04-28 18:55:19,575 - INFO - service_factory.py:189 - Using session service URI: sqlite://///usr/local/google/home/mikezh/Coding/mcp_codes/.adk_data/gfiber_web_sessions.sqlite
Traceback (most recent call last):
  File "<frozen runpy>", line 198, in _run_module_as_main
  File "<frozen runpy>", line 88, in _run_code
  File "/usr/local/google/home/mikezh/myenv/lib/python3.12/site-packages/google/adk/cli/__main__.py", line 20, in <module>
    main()
  File "/usr/local/google/home/mikezh/myenv/lib/python3.12/site-packages/click/core.py", line 1442, in __call__
    return self.main(*args, **kwargs)
           ^^^^^^^^^^^^^^^^^^^^^^^^^^
  File "/usr/local/google/home/mikezh/myenv/lib/python3.12/site-packages/click/core.py", line 1363, in main
    rv = self.invoke(ctx)
         ^^^^^^^^^^^^^^^^
  File "/usr/local/google/home/mikezh/myenv/lib/python3.12/site-packages/click/core.py", line 1830, in invoke
    return _process_result(sub_ctx.command.invoke(sub_ctx))
                           ^^^^^^^^^^^^^^^^^^^^^^^^^^^^^^^
  File "/usr/local/google/home/mikezh/myenv/lib/python3.12/site-packages/click/core.py", line 1226, in invoke
    return ctx.invoke(self.callback, **ctx.params)
           ^^^^^^^^^^^^^^^^^^^^^^^^^^^^^^^^^^^^^^^
  File "/usr/local/google/home/mikezh/myenv/lib/python3.12/site-packages/click/core.py", line 794, in invoke
    return callback(*args, **kwargs)
           ^^^^^^^^^^^^^^^^^^^^^^^^^
  File "/usr/local/google/home/mikezh/myenv/lib/python3.12/site-packages/google/adk/cli/cli_tools_click.py", line 127, in wrapper
    return func(*args, **kwargs)
           ^^^^^^^^^^^^^^^^^^^^^
  File "/usr/local/google/home/mikezh/myenv/lib/python3.12/site-packages/click/decorators.py", line 34, in new_func
    return f(get_current_context(), *args, **kwargs)
           ^^^^^^^^^^^^^^^^^^^^^^^^^^^^^^^^^^^^^^^^^
  File "/usr/local/google/home/mikezh/myenv/lib/python3.12/site-packages/google/adk/cli/cli_tools_click.py", line 1589, in wrapper
    return func(*args, **kwargs)
           ^^^^^^^^^^^^^^^^^^^^^
  File "/usr/local/google/home/mikezh/myenv/lib/python3.12/site-packages/google/adk/cli/cli_tools_click.py", line 1394, in wrapper
    return func(*args, **kwargs)
           ^^^^^^^^^^^^^^^^^^^^^
  File "/usr/local/google/home/mikezh/myenv/lib/python3.12/site-packages/google/adk/cli/cli_tools_click.py", line 598, in wrapper
    return func(*args, **kwargs)
           ^^^^^^^^^^^^^^^^^^^^^
  File "/usr/local/google/home/mikezh/myenv/lib/python3.12/site-packages/google/adk/cli/cli_tools_click.py", line 1444, in wrapper
    return func(*args, **kwargs)
           ^^^^^^^^^^^^^^^^^^^^^
  File "/usr/local/google/home/mikezh/myenv/lib/python3.12/site-packages/google/adk/cli/cli_tools_click.py", line 1668, in cli_web
    app = get_fast_api_app(
          ^^^^^^^^^^^^^^^^^
  File "/usr/local/google/home/mikezh/myenv/lib/python3.12/site-packages/google/adk/cli/fast_api.py", line 185, in get_fast_api_app
    session_service = create_session_service_from_options(
                      ^^^^^^^^^^^^^^^^^^^^^^^^^^^^^^^^^^^^
  File "/usr/local/google/home/mikezh/myenv/lib/python3.12/site-packages/google/adk/cli/utils/service_factory.py", line 193, in create_session_service_from_options
    service = registry.create_session_service(session_service_uri, **kwargs)
              ^^^^^^^^^^^^^^^^^^^^^^^^^^^^^^^^^^^^^^^^^^^^^^^^^^^^^^^^^^^^^^
  File "/usr/local/google/home/mikezh/myenv/lib/python3.12/site-packages/google/adk/cli/service_registry.py", line 132, in create_session_service
    return self._session_factories[scheme](uri, **kwargs)
           ^^^^^^^^^^^^^^^^^^^^^^^^^^^^^^^^^^^^^^^^^^^^^^
  File "/usr/local/google/home/mikezh/myenv/lib/python3.12/site-packages/google/adk/cli/service_registry.py", line 244, in sqlite_session_factory
    from ..sessions.sqlite_session_service import SqliteSessionService
  File "/usr/local/google/home/mikezh/myenv/lib/python3.12/site-packages/google/adk/sessions/sqlite_session_service.py", line 21, in <module>
    import sqlite3
  File "/usr/local/google/home/mikezh/.pyenv/versions/3.12.6/lib/python3.12/sqlite3/__init__.py", line 57, in <module>
    from sqlite3.dbapi2 import *
  File "/usr/local/google/home/mikezh/.pyenv/versions/3.12.6/lib/python3.12/sqlite3/dbapi2.py", line 27, in <module>
    from _sqlite3 import *
ModuleNotFoundError: No module named '_sqlite3'
